24.4452 	WARNING 	/Library/Fonts/FontsFree-Net-Anitha.ttf doesn't have valid font family name
24.7491 	WARNING 	/Library/Fonts/FontsFree-Net-Anitha.ttf doesn't have valid font family name
25.3115 	INFO 	Loaded monitor calibration from ['2024_08_05 14:42']
25.6063 	EXP 	Created window1 = Window(allowGUI=True, allowStencil=False, autoLog=True, backendConf=UNKNOWN, backgroundFit=<method-wrapper '__getattribute__' of attributeSetter object at 0x12d0fa890>, backgroundImage=<method-wrapper '__getattribute__' of attributeSetter object at 0x12d0fa8f0>, bitsMode=UNKNOWN, blendMode='avg', bpc=(8, 8, 8), color=array([0, 0, 0]), colorSpace='rgb', depthBits=8, fullscr=<method-wrapper '__getattribute__' of attributeSetter object at 0x12d0faaa0>, gamma=None, gammaErrorPolicy='raise', infoMsg=UNKNOWN, lms=UNKNOWN, monitor=<psychopy.monitors.calibTools.Monitor object at 0x12d112a70>, multiSample=False, name='window1', numSamples=2, pos=[470.0, 300.0], screen=0, size=array([2000, 1200]), stencilBits=0, stereo=False, title='PsychoPy', units='height', useFBO=True, useRetina=True, viewOri=0.0, viewPos=None, viewScale=None, waitBlanking=True, winType='pyglet')
25.6064 	EXP 	window1: backgroundImage = ''
25.6064 	EXP 	window1: backgroundFit = 'none'
25.6085 	EXP 	window1: mouseVisible = <method-wrapper '__getattribute__' of attributeSetter object at 0x12d0fa770>
25.6088 	EXP 	window1: mouseVisible = <method-wrapper '__getattribute__' of attributeSetter object at 0x12d0fa770>
25.6135 	EXP 	window1: mouseVisible = <method-wrapper '__getattribute__' of attributeSetter object at 0x12d0fa770>
25.6143 	EXP 	window1: mouseVisible = <method-wrapper '__getattribute__' of attributeSetter object at 0x12d0fa770>
25.6451 	EXP 	window1: mouseVisible = <method-wrapper '__getattribute__' of attributeSetter object at 0x12d0fa770>
25.6453 	EXP 	window1: mouseVisible = <method-wrapper '__getattribute__' of attributeSetter object at 0x12d0fa770>
25.6462 	EXP 	window1: mouseVisible = <method-wrapper '__getattribute__' of attributeSetter object at 0x12d0fa770>
25.6469 	EXP 	window1: mouseVisible = <method-wrapper '__getattribute__' of attributeSetter object at 0x12d0fa770>
25.6602 	EXP 	window1: Attempting to measure frame rate of screen (0) ...
25.6602 	EXP 	window1: recordFrameIntervals = False
25.9446 	EXP 	window1: recordFrameIntervals = True
26.0775 	EXP 	Screen (0) actual frame rate measured at 110.98Hz
26.0775 	EXP 	window1: recordFrameIntervals = False
26.0777 	EXP 	window1: mouseVisible = True
26.1011 	WARNING 	launchHubServer: If using the iohub mouse or eyetracker devices, fullScr should be True.
30.6509 	INFO 	keyboard.Keyboard is using iohub backend.
30.6509 	INFO 	keyboard.Keyboard is using iohub backend.
30.6510 	EXP 	adaptive_staircase: status = STARTED
30.6515 	EXP 	window1: mouseVisible = True
30.6567 	EXP 	Created fixation = ShapeStim(__class__=<class 'psychopy.visual.shape.ShapeStim'>, anchor=('center', 'center'), autoDraw=False, autoLog=True, closeShape=True, color=method-wrapper(...), colorSpace='rgb', contrast=None, depth=-1.0, draggable=False, fillColor=array([1, 1, 1]), fillColorSpace='rgb', fillRGB=array([1, 1, 1]), interpolate=True, lineColor=array([1., 1., 1.]), lineColorSpace='rgb', lineRGB=array([1, 1, 1]), lineWidth=1.0, name='fixation', opacity=1, ori=0.0, pos=array([0., 0.]), size=array([0.1, 0.1]), units='height', vertices=ndarray(...), win=Window(...), windingRule=None)
30.6569 	EXP 	window1: mouseVisible = True
30.6603 	EXP 	Created grating = GratingStim(__class__=<class 'psychopy.visual.grating.GratingStim'>, anchor='center', autoDraw=False, autoLog=True, blendmode='avg', color=array([0.5, 0.5, 0.5]), colorSpace='rgb', contrast=0.5, depth=-2.0, draggable=False, interpolate=True, mask='gauss', maskParams=None, name='grating', opacity=1, ori=1.0, phase=array([0., 0.]), pos=array([0., 0.]), rgbPedestal=array([0., 0., 0.]), sf=array([8., 8.]), size=array([0.3, 0.3]), tex='sin', texRes=128.0, units='height', win=Window(...))
0.0133 	WARNING 	Increasing number of minimum required reversals to the number of step sizes, (4).
0.0300 	EXP 	grating: ori = -10.0
0.0300 	EXP 	fixation: autoDraw = True
0.5093 	INFO 	Keyboard events cleared
0.5085 	EXP 	grating: autoDraw = True
0.5085 	EXP 	grating: tex = 'sin'
0.5484 	EXP 	fixation: autoDraw = False
0.8127 	EXP 	grating: autoDraw = False
1.5343 	DATA 	Keypress: left
1.5374 	EXP 	fixation: autoDraw = False
1.5374 	EXP 	grating: autoDraw = False
1.5374 	EXP 	grating: ori = 8.0
1.5374 	EXP 	fixation: autoDraw = True
2.0149 	INFO 	Keyboard events cleared
2.0141 	EXP 	grating: autoDraw = True
2.0310 	EXP 	fixation: autoDraw = False
2.3138 	EXP 	grating: autoDraw = False
2.4518 	DATA 	Keypress: right
2.4579 	EXP 	fixation: autoDraw = False
2.4579 	EXP 	grating: autoDraw = False
2.4579 	EXP 	grating: ori = -6.0
2.4579 	EXP 	fixation: autoDraw = True
2.9476 	INFO 	Keyboard events cleared
2.9468 	EXP 	fixation: autoDraw = False
2.9468 	EXP 	grating: autoDraw = True
3.2417 	EXP 	grating: autoDraw = False
3.4363 	DATA 	Keypress: left
3.4412 	EXP 	fixation: autoDraw = False
3.4412 	EXP 	grating: autoDraw = False
3.4412 	EXP 	grating: ori = 4.0
3.4412 	EXP 	fixation: autoDraw = True
3.9316 	INFO 	Keyboard events cleared
3.9307 	EXP 	fixation: autoDraw = False
3.9307 	EXP 	grating: autoDraw = True
4.2252 	EXP 	grating: autoDraw = False
4.3641 	DATA 	Keypress: right
4.3669 	EXP 	fixation: autoDraw = False
4.3669 	EXP 	grating: autoDraw = False
4.3669 	EXP 	grating: ori = -2.0
4.3669 	EXP 	fixation: autoDraw = True
4.8590 	INFO 	Keyboard events cleared
4.8582 	EXP 	grating: autoDraw = True
4.8644 	EXP 	fixation: autoDraw = False
5.1473 	EXP 	grating: autoDraw = False
5.3294 	DATA 	Keypress: left
5.3323 	EXP 	fixation: autoDraw = False
5.3323 	EXP 	grating: autoDraw = False
5.3323 	EXP 	grating: ori = 1.0
5.3323 	EXP 	fixation: autoDraw = True
5.8258 	INFO 	Keyboard events cleared
5.8249 	EXP 	grating: autoDraw = True
5.8311 	EXP 	fixation: autoDraw = False
6.1139 	EXP 	grating: autoDraw = False
6.4621 	DATA 	Keypress: right
6.4648 	EXP 	fixation: autoDraw = False
6.4648 	EXP 	grating: autoDraw = False
6.4648 	EXP 	grating: ori = 1.0
6.4648 	EXP 	fixation: autoDraw = True
6.9591 	INFO 	Keyboard events cleared
6.9581 	EXP 	grating: autoDraw = True
6.9647 	EXP 	fixation: autoDraw = False
7.2471 	EXP 	grating: autoDraw = False
7.4131 	DATA 	Keypress: left
7.4158 	EXP 	fixation: autoDraw = False
7.4158 	EXP 	grating: autoDraw = False
7.4158 	EXP 	grating: ori = -2.0
7.4158 	EXP 	fixation: autoDraw = True
7.9090 	INFO 	Keyboard events cleared
7.9080 	EXP 	grating: autoDraw = True
7.9145 	EXP 	fixation: autoDraw = False
8.1966 	EXP 	grating: autoDraw = False
8.7005 	DATA 	Keypress: left
8.7036 	EXP 	fixation: autoDraw = False
8.7036 	EXP 	grating: autoDraw = False
8.7036 	EXP 	grating: ori = 2.0
8.7036 	EXP 	fixation: autoDraw = True
9.1885 	INFO 	Keyboard events cleared
9.1876 	EXP 	grating: autoDraw = True
9.1986 	EXP 	fixation: autoDraw = False
9.4819 	EXP 	grating: autoDraw = False
9.7716 	DATA 	Keypress: right
9.7745 	EXP 	fixation: autoDraw = False
9.7745 	EXP 	grating: autoDraw = False
9.7745 	EXP 	grating: ori = 2.0
9.7745 	EXP 	fixation: autoDraw = True
10.2660 	INFO 	Keyboard events cleared
10.2653 	EXP 	grating: autoDraw = True
10.2713 	EXP 	fixation: autoDraw = False
10.5655 	EXP 	grating: autoDraw = False
10.8428 	DATA 	Keypress: right
10.8481 	EXP 	fixation: autoDraw = False
10.8481 	EXP 	grating: autoDraw = False
10.8481 	EXP 	grating: ori = -1.0
10.8481 	EXP 	fixation: autoDraw = True
11.3389 	INFO 	Keyboard events cleared
11.3379 	EXP 	fixation: autoDraw = False
11.3379 	EXP 	grating: autoDraw = True
11.6484 	EXP 	grating: autoDraw = False
11.8427 	DATA 	Keypress: left
11.8477 	EXP 	fixation: autoDraw = False
11.8477 	EXP 	grating: autoDraw = False
11.8477 	EXP 	grating: ori = -1.0
11.8477 	EXP 	fixation: autoDraw = True
12.3382 	INFO 	Keyboard events cleared
12.3373 	EXP 	fixation: autoDraw = False
12.3373 	EXP 	grating: autoDraw = True
12.6315 	EXP 	grating: autoDraw = False
12.9701 	DATA 	Keypress: left
12.9728 	EXP 	fixation: autoDraw = False
12.9728 	EXP 	grating: autoDraw = False
12.9728 	EXP 	grating: ori = 1.0
12.9728 	EXP 	fixation: autoDraw = True
13.4663 	INFO 	Keyboard events cleared
13.4656 	EXP 	grating: autoDraw = True
13.4719 	EXP 	fixation: autoDraw = False
13.7535 	EXP 	grating: autoDraw = False
14.0369 	DATA 	Keypress: right
14.0400 	EXP 	fixation: autoDraw = False
14.0400 	EXP 	grating: autoDraw = False
14.0400 	EXP 	grating: ori = 1.0
14.0400 	EXP 	fixation: autoDraw = True
14.5331 	INFO 	Keyboard events cleared
14.5321 	EXP 	grating: autoDraw = True
14.5384 	EXP 	fixation: autoDraw = False
14.8204 	EXP 	grating: autoDraw = False
15.1531 	DATA 	Keypress: right
15.1559 	EXP 	fixation: autoDraw = False
15.1559 	EXP 	grating: autoDraw = False
15.1559 	EXP 	grating: ori = -1.0
15.1559 	EXP 	fixation: autoDraw = True
15.6651 	INFO 	Keyboard events cleared
15.6645 	EXP 	fixation: autoDraw = False
15.6645 	EXP 	grating: autoDraw = True
15.9544 	EXP 	grating: autoDraw = False
16.2426 	DATA 	Keypress: left
16.2481 	EXP 	fixation: autoDraw = False
16.2481 	EXP 	grating: autoDraw = False
16.2481 	EXP 	grating: ori = 1.0
16.2481 	EXP 	fixation: autoDraw = True
16.7382 	INFO 	Keyboard events cleared
16.7373 	EXP 	fixation: autoDraw = False
16.7373 	EXP 	grating: autoDraw = True
17.0319 	EXP 	grating: autoDraw = False
17.4924 	DATA 	Keypress: right
17.4981 	EXP 	fixation: autoDraw = False
17.4981 	EXP 	grating: autoDraw = False
17.4981 	EXP 	grating: ori = 1.0
17.4981 	EXP 	fixation: autoDraw = True
17.9883 	INFO 	Keyboard events cleared
17.9873 	EXP 	fixation: autoDraw = False
17.9873 	EXP 	grating: autoDraw = True
18.2820 	EXP 	grating: autoDraw = False
18.6429 	DATA 	Keypress: right
18.6486 	EXP 	fixation: autoDraw = False
18.6486 	EXP 	grating: autoDraw = False
18.6486 	EXP 	grating: ori = -1.0
18.6486 	EXP 	fixation: autoDraw = True
19.1383 	INFO 	Keyboard events cleared
19.1375 	EXP 	fixation: autoDraw = False
19.1375 	EXP 	grating: autoDraw = True
19.4314 	EXP 	grating: autoDraw = False
19.5872 	DATA 	Keypress: right
19.5901 	EXP 	fixation: autoDraw = False
19.5901 	EXP 	grating: autoDraw = False
19.5901 	EXP 	grating: ori = 1.5
19.5901 	EXP 	fixation: autoDraw = True
20.0827 	INFO 	Keyboard events cleared
20.0818 	EXP 	grating: autoDraw = True
20.0879 	EXP 	fixation: autoDraw = False
20.3819 	EXP 	grating: autoDraw = False
20.8371 	DATA 	Keypress: left
20.8399 	EXP 	fixation: autoDraw = False
20.8399 	EXP 	grating: autoDraw = False
20.8399 	EXP 	grating: ori = 2.0
20.8399 	EXP 	fixation: autoDraw = True
21.3325 	INFO 	Keyboard events cleared
21.3319 	EXP 	grating: autoDraw = True
21.3374 	EXP 	fixation: autoDraw = False
21.6199 	EXP 	grating: autoDraw = False
21.8375 	DATA 	Keypress: right
21.8403 	EXP 	fixation: autoDraw = False
21.8403 	EXP 	grating: autoDraw = False
21.8403 	EXP 	grating: ori = -2.0
21.8403 	EXP 	fixation: autoDraw = True
22.3323 	INFO 	Keyboard events cleared
22.3315 	EXP 	grating: autoDraw = True
22.3376 	EXP 	fixation: autoDraw = False
22.6195 	EXP 	grating: autoDraw = False
22.9356 	DATA 	Keypress: left
22.9384 	EXP 	fixation: autoDraw = False
22.9384 	EXP 	grating: autoDraw = False
22.9384 	EXP 	grating: ori = 2.0
22.9384 	EXP 	fixation: autoDraw = True
23.4328 	INFO 	Keyboard events cleared
23.4319 	EXP 	grating: autoDraw = True
23.4381 	EXP 	fixation: autoDraw = False
23.7203 	EXP 	grating: autoDraw = False
24.0696 	DATA 	Keypress: right
24.0722 	EXP 	fixation: autoDraw = False
24.0722 	EXP 	grating: autoDraw = False
24.0722 	EXP 	grating: ori = 1.5
24.0722 	EXP 	fixation: autoDraw = True
24.5662 	INFO 	Keyboard events cleared
24.5654 	EXP 	grating: autoDraw = True
24.5718 	EXP 	fixation: autoDraw = False
24.8522 	EXP 	grating: autoDraw = False
25.0426 	DATA 	Keypress: left
25.0475 	EXP 	fixation: autoDraw = False
25.0475 	EXP 	grating: autoDraw = False
25.0475 	EXP 	grating: ori = 2.0
25.0475 	EXP 	fixation: autoDraw = True
25.5382 	INFO 	Keyboard events cleared
25.5374 	EXP 	fixation: autoDraw = False
25.5374 	EXP 	grating: autoDraw = True
25.8320 	EXP 	grating: autoDraw = False
25.9701 	DATA 	Keypress: right
25.9730 	EXP 	fixation: autoDraw = False
25.9730 	EXP 	grating: autoDraw = False
25.9730 	EXP 	grating: ori = 2.0
25.9730 	EXP 	fixation: autoDraw = True
26.4653 	INFO 	Keyboard events cleared
26.4647 	EXP 	grating: autoDraw = True
26.4706 	EXP 	fixation: autoDraw = False
26.7527 	EXP 	grating: autoDraw = False
26.9091 	DATA 	Keypress: left
26.9140 	EXP 	fixation: autoDraw = False
26.9140 	EXP 	grating: autoDraw = False
26.9140 	EXP 	grating: ori = 2.5
26.9140 	EXP 	fixation: autoDraw = True
27.4054 	INFO 	Keyboard events cleared
27.4042 	EXP 	fixation: autoDraw = False
27.4042 	EXP 	grating: autoDraw = True
27.6982 	EXP 	grating: autoDraw = False
28.3771 	DATA 	Keypress: right
28.3809 	EXP 	fixation: autoDraw = False
28.3809 	EXP 	grating: autoDraw = False
28.3809 	EXP 	grating: ori = 2.5
28.3809 	EXP 	fixation: autoDraw = True
28.8710 	INFO 	Keyboard events cleared
28.8703 	EXP 	fixation: autoDraw = False
28.8703 	EXP 	grating: autoDraw = True
29.1648 	EXP 	grating: autoDraw = False
30.2240 	DATA 	Keypress: left
30.2307 	EXP 	fixation: autoDraw = False
30.2307 	EXP 	grating: autoDraw = False
30.2307 	EXP 	grating: ori = 3.0
30.2307 	EXP 	fixation: autoDraw = True
30.7222 	INFO 	Keyboard events cleared
30.7213 	EXP 	fixation: autoDraw = False
30.7213 	EXP 	grating: autoDraw = True
30.7600 	DATA 	Keypress: right
30.7643 	EXP 	fixation: autoDraw = False
30.7643 	EXP 	grating: autoDraw = False
30.7643 	EXP 	grating: ori = 3.0
30.7643 	EXP 	fixation: autoDraw = True
31.2547 	INFO 	Keyboard events cleared
31.2539 	EXP 	fixation: autoDraw = False
31.2539 	EXP 	grating: autoDraw = True
31.5482 	EXP 	grating: autoDraw = False
32.0262 	DATA 	Keypress: left
32.0311 	EXP 	fixation: autoDraw = False
32.0311 	EXP 	grating: autoDraw = False
32.0311 	EXP 	grating: ori = -3.5
32.0311 	EXP 	fixation: autoDraw = True
32.5216 	INFO 	Keyboard events cleared
32.5204 	EXP 	fixation: autoDraw = False
32.5204 	EXP 	grating: autoDraw = True
32.8149 	EXP 	grating: autoDraw = False
34.6714 	DATA 	Keypress: left
34.6745 	EXP 	fixation: autoDraw = False
34.6745 	EXP 	grating: autoDraw = False
34.6745 	EXP 	grating: ori = 3.5
34.6745 	EXP 	fixation: autoDraw = True
35.1658 	INFO 	Keyboard events cleared
35.1650 	EXP 	grating: autoDraw = True
35.1713 	EXP 	fixation: autoDraw = False
35.4650 	EXP 	grating: autoDraw = False
35.7926 	DATA 	Keypress: right
35.7975 	EXP 	fixation: autoDraw = False
35.7975 	EXP 	grating: autoDraw = False
35.7975 	EXP 	grating: ori = -3.5
35.7975 	EXP 	fixation: autoDraw = True
36.2880 	INFO 	Keyboard events cleared
36.2871 	EXP 	fixation: autoDraw = False
36.2871 	EXP 	grating: autoDraw = True
36.5818 	EXP 	grating: autoDraw = False
37.0364 	DATA 	Keypress: left
37.0392 	EXP 	fixation: autoDraw = False
37.0392 	EXP 	grating: autoDraw = False
37.0392 	EXP 	grating: ori = 3.0
37.0392 	EXP 	fixation: autoDraw = True
37.5324 	INFO 	Keyboard events cleared
37.5317 	EXP 	grating: autoDraw = True
37.5378 	EXP 	fixation: autoDraw = False
37.8204 	EXP 	grating: autoDraw = False
38.2602 	DATA 	Keypress: right
38.2641 	EXP 	fixation: autoDraw = False
38.2641 	EXP 	grating: autoDraw = False
38.2641 	EXP 	grating: ori = -3.0
38.2641 	EXP 	fixation: autoDraw = True
38.7548 	INFO 	Keyboard events cleared
38.7540 	EXP 	fixation: autoDraw = False
38.7540 	EXP 	grating: autoDraw = True
39.0482 	EXP 	grating: autoDraw = False
39.5087 	DATA 	Keypress: left
39.5143 	EXP 	fixation: autoDraw = False
39.5143 	EXP 	grating: autoDraw = False
39.5143 	EXP 	grating: ori = 3.0
39.5143 	EXP 	fixation: autoDraw = True
40.0047 	INFO 	Keyboard events cleared
40.0036 	EXP 	fixation: autoDraw = False
40.0036 	EXP 	grating: autoDraw = True
40.2982 	EXP 	grating: autoDraw = False
40.5096 	DATA 	Keypress: right
40.5142 	EXP 	fixation: autoDraw = False
40.5142 	EXP 	grating: autoDraw = False
40.5142 	EXP 	grating: ori = -2.5
40.5142 	EXP 	fixation: autoDraw = True
41.0052 	INFO 	Keyboard events cleared
41.0040 	EXP 	fixation: autoDraw = False
41.0040 	EXP 	grating: autoDraw = True
41.2983 	EXP 	grating: autoDraw = False
41.4714 	DATA 	Keypress: left
41.4744 	EXP 	fixation: autoDraw = False
41.4744 	EXP 	grating: autoDraw = False
41.4744 	EXP 	grating: ori = -2.5
41.4744 	EXP 	fixation: autoDraw = True
41.9656 	INFO 	Keyboard events cleared
41.9649 	EXP 	grating: autoDraw = True
41.9711 	EXP 	fixation: autoDraw = False
42.2539 	EXP 	grating: autoDraw = False
42.7083 	DATA 	Keypress: right
42.7173 	EXP 	fixation: autoDraw = False
42.7173 	EXP 	grating: autoDraw = False
42.7173 	EXP 	grating: ori = 3.0
42.7173 	EXP 	fixation: autoDraw = True
43.2041 	INFO 	Keyboard events cleared
43.2033 	EXP 	grating: autoDraw = True
43.2148 	EXP 	fixation: autoDraw = False
43.4981 	EXP 	grating: autoDraw = False
44.0419 	DATA 	Keypress: right
44.0474 	EXP 	fixation: autoDraw = False
44.0474 	EXP 	grating: autoDraw = False
44.0474 	EXP 	grating: ori = 3.0
44.0474 	EXP 	fixation: autoDraw = True
44.5378 	INFO 	Keyboard events cleared
44.5369 	EXP 	fixation: autoDraw = False
44.5369 	EXP 	grating: autoDraw = True
44.8315 	EXP 	grating: autoDraw = False
45.8096 	DATA 	Keypress: right
45.8144 	EXP 	fixation: autoDraw = False
45.8144 	EXP 	grating: autoDraw = False
45.8144 	EXP 	grating: ori = 3.0
45.8144 	EXP 	fixation: autoDraw = True
46.3045 	INFO 	Keyboard events cleared
46.3036 	EXP 	fixation: autoDraw = False
46.3036 	EXP 	grating: autoDraw = True
46.5980 	EXP 	grating: autoDraw = False
48.0102 	DATA 	Keypress: right
48.0138 	EXP 	fixation: autoDraw = False
48.0138 	EXP 	grating: autoDraw = False
48.0138 	EXP 	grating: ori = 2.5
48.0138 	EXP 	fixation: autoDraw = True
48.5046 	INFO 	Keyboard events cleared
48.5038 	EXP 	fixation: autoDraw = False
48.5038 	EXP 	grating: autoDraw = True
48.7982 	EXP 	grating: autoDraw = False
50.2587 	DATA 	Keypress: lcommand
50.2638 	EXP 	fixation: autoDraw = False
50.2638 	EXP 	grating: autoDraw = False
50.2638 	EXP 	grating: ori = 3.0
50.2638 	EXP 	fixation: autoDraw = True
50.5069 	DATA 	Keypress: left
50.5212 	DATA 	Keypress: right
50.5519 	DATA 	Keypress: lshift
50.7548 	INFO 	Keyboard events cleared
50.7537 	EXP 	fixation: autoDraw = False
50.7537 	EXP 	grating: autoDraw = True
51.0479 	EXP 	grating: autoDraw = False
51.2223 	EXP 	fixation: autoDraw = False
51.2223 	EXP 	grating: autoDraw = False
51.2223 	EXP 	grating: ori = 3.5
51.2223 	EXP 	fixation: autoDraw = True
51.3846 	DATA 	Keypress: left
51.4364 	DATA 	Keypress: right
51.7148 	INFO 	Keyboard events cleared
51.7142 	EXP 	fixation: autoDraw = False
51.7142 	EXP 	grating: autoDraw = True
52.0036 	EXP 	grating: autoDraw = False
52.2200 	EXP 	fixation: autoDraw = False
52.2200 	EXP 	grating: autoDraw = False
52.2200 	EXP 	grating: ori = 3.5
52.2200 	EXP 	fixation: autoDraw = True
52.7148 	INFO 	Keyboard events cleared
52.7142 	EXP 	grating: autoDraw = True
52.7194 	EXP 	fixation: autoDraw = False
53.0030 	EXP 	grating: autoDraw = False
53.9713 	EXP 	fixation: autoDraw = False
53.9713 	EXP 	grating: autoDraw = False
53.9713 	EXP 	grating: ori = -4.0
53.9713 	EXP 	fixation: autoDraw = True
54.4658 	INFO 	Keyboard events cleared
54.4649 	EXP 	grating: autoDraw = True
54.4715 	EXP 	fixation: autoDraw = False
54.7055 	EXP 	fixation: autoDraw = False
54.7055 	EXP 	grating: autoDraw = False
54.7055 	EXP 	grating: ori = -4.5
54.7055 	EXP 	fixation: autoDraw = True
55.1983 	INFO 	Keyboard events cleared
55.1978 	EXP 	grating: autoDraw = True
55.2030 	EXP 	fixation: autoDraw = False
55.4857 	EXP 	grating: autoDraw = False
55.9640 	EXP 	fixation: autoDraw = False
55.9640 	EXP 	grating: autoDraw = False
55.9640 	EXP 	grating: ori = -5.0
55.9640 	EXP 	fixation: autoDraw = True
56.4542 	INFO 	Keyboard events cleared
56.4533 	EXP 	fixation: autoDraw = False
56.4533 	EXP 	grating: autoDraw = True
56.7480 	EXP 	grating: autoDraw = False
59.0555 	EXP 	fixation: autoDraw = False
59.0555 	EXP 	grating: autoDraw = False
59.0555 	EXP 	grating: ori = 5.5
59.0555 	EXP 	fixation: autoDraw = True
59.5482 	INFO 	Keyboard events cleared
59.5477 	EXP 	grating: autoDraw = True
59.5530 	EXP 	fixation: autoDraw = False
59.8362 	EXP 	grating: autoDraw = False
60.2718 	EXP 	fixation: autoDraw = False
60.2718 	EXP 	grating: autoDraw = False
60.2718 	EXP 	grating: ori = 5.5
60.2718 	EXP 	fixation: autoDraw = True
60.7652 	INFO 	Keyboard events cleared
60.7644 	EXP 	grating: autoDraw = True
60.7714 	EXP 	fixation: autoDraw = False
61.0536 	EXP 	grating: autoDraw = False
61.5143 	EXP 	fixation: autoDraw = False
61.5143 	EXP 	grating: autoDraw = False
61.5143 	EXP 	grating: ori = 5.5
61.5143 	EXP 	fixation: autoDraw = True
62.0043 	INFO 	Keyboard events cleared
62.0034 	EXP 	fixation: autoDraw = False
62.0034 	EXP 	grating: autoDraw = True
62.2978 	EXP 	grating: autoDraw = False
62.5378 	EXP 	fixation: autoDraw = False
62.5378 	EXP 	grating: autoDraw = False
62.5378 	EXP 	grating: ori = -5.0
62.5378 	EXP 	fixation: autoDraw = True
63.0318 	INFO 	Keyboard events cleared
63.0310 	EXP 	grating: autoDraw = True
63.0370 	EXP 	fixation: autoDraw = False
63.3204 	EXP 	grating: autoDraw = False
63.5372 	EXP 	fixation: autoDraw = False
63.5372 	EXP 	grating: autoDraw = False
63.5372 	EXP 	grating: ori = 5.0
63.5372 	EXP 	fixation: autoDraw = True
64.0360 	INFO 	Keyboard events cleared
64.0351 	EXP 	fixation: autoDraw = False
64.0351 	EXP 	grating: autoDraw = True
64.3342 	EXP 	grating: autoDraw = False
64.5305 	EXP 	fixation: autoDraw = False
64.5305 	EXP 	grating: autoDraw = False
64.5305 	EXP 	grating: ori = -5.0
64.5305 	EXP 	fixation: autoDraw = True
65.0210 	INFO 	Keyboard events cleared
65.0200 	EXP 	fixation: autoDraw = False
65.0200 	EXP 	grating: autoDraw = True
65.3146 	EXP 	grating: autoDraw = False
65.5472 	EXP 	fixation: autoDraw = False
65.5472 	EXP 	grating: autoDraw = False
65.5472 	EXP 	grating: ori = 4.5
65.5472 	EXP 	fixation: autoDraw = True
66.0372 	INFO 	Keyboard events cleared
66.0364 	EXP 	fixation: autoDraw = False
66.0364 	EXP 	grating: autoDraw = True
66.3311 	EXP 	grating: autoDraw = False
66.6041 	EXP 	fixation: autoDraw = False
66.6041 	EXP 	grating: autoDraw = False
66.6041 	EXP 	grating: ori = -4.5
66.6041 	EXP 	fixation: autoDraw = True
67.0985 	INFO 	Keyboard events cleared
67.0977 	EXP 	grating: autoDraw = True
67.1038 	EXP 	fixation: autoDraw = False
67.3848 	EXP 	grating: autoDraw = False
67.5640 	EXP 	fixation: autoDraw = False
67.5640 	EXP 	grating: autoDraw = False
67.5640 	EXP 	grating: ori = -4.5
67.5640 	EXP 	fixation: autoDraw = True
68.0541 	INFO 	Keyboard events cleared
68.0533 	EXP 	fixation: autoDraw = False
68.0533 	EXP 	grating: autoDraw = True
68.3482 	EXP 	grating: autoDraw = False
68.4048 	EXP 	fixation: autoDraw = False
68.4048 	EXP 	grating: autoDraw = False
68.4048 	EXP 	grating: ori = 5.0
68.4048 	EXP 	fixation: autoDraw = True
68.9028 	INFO 	Keyboard events cleared
68.9021 	EXP 	grating: autoDraw = True
68.9146 	EXP 	fixation: autoDraw = False
69.2008 	EXP 	grating: autoDraw = False
69.4468 	EXP 	fixation: autoDraw = False
69.4468 	EXP 	grating: autoDraw = False
69.4468 	EXP 	grating: ori = -5.5
69.4468 	EXP 	fixation: autoDraw = True
69.9378 	INFO 	Keyboard events cleared
69.9369 	EXP 	fixation: autoDraw = False
69.9369 	EXP 	grating: autoDraw = True
70.2367 	EXP 	grating: autoDraw = False
70.7810 	EXP 	fixation: autoDraw = False
70.7810 	EXP 	grating: autoDraw = False
70.7810 	EXP 	grating: ori = 5.5
70.7810 	EXP 	fixation: autoDraw = True
71.2707 	INFO 	Keyboard events cleared
71.2699 	EXP 	fixation: autoDraw = False
71.2699 	EXP 	grating: autoDraw = True
71.5688 	EXP 	grating: autoDraw = False
71.6711 	EXP 	fixation: autoDraw = False
71.6711 	EXP 	grating: autoDraw = False
71.6711 	EXP 	grating: ori = 5.5
71.6711 	EXP 	fixation: autoDraw = True
72.1652 	INFO 	Keyboard events cleared
72.1643 	EXP 	grating: autoDraw = True
72.1705 	EXP 	fixation: autoDraw = False
72.4528 	EXP 	grating: autoDraw = False
72.6226 	EXP 	fixation: autoDraw = False
72.6226 	EXP 	grating: autoDraw = False
72.6226 	EXP 	grating: ori = 5.0
72.6226 	EXP 	fixation: autoDraw = True
73.1152 	INFO 	Keyboard events cleared
73.1142 	EXP 	grating: autoDraw = True
73.1205 	EXP 	fixation: autoDraw = False
73.4031 	EXP 	grating: autoDraw = False
73.5033 	EXP 	fixation: autoDraw = False
73.5033 	EXP 	grating: autoDraw = False
73.5033 	EXP 	grating: ori = -5.0
73.5033 	EXP 	fixation: autoDraw = True
73.9987 	INFO 	Keyboard events cleared
73.9979 	EXP 	grating: autoDraw = True
74.0043 	EXP 	fixation: autoDraw = False
74.2861 	EXP 	grating: autoDraw = False
74.3876 	EXP 	fixation: autoDraw = False
74.3876 	EXP 	grating: autoDraw = False
74.3876 	EXP 	grating: ori = -5.5
74.3876 	EXP 	fixation: autoDraw = True
74.8818 	INFO 	Keyboard events cleared
74.8809 	EXP 	grating: autoDraw = True
74.8867 	EXP 	fixation: autoDraw = False
75.1688 	EXP 	grating: autoDraw = False
75.4136 	EXP 	fixation: autoDraw = False
75.4136 	EXP 	grating: autoDraw = False
75.4136 	EXP 	grating: ori = 5.5
75.4136 	EXP 	fixation: autoDraw = True
75.9036 	INFO 	Keyboard events cleared
75.9027 	EXP 	fixation: autoDraw = False
75.9027 	EXP 	grating: autoDraw = True
76.1979 	EXP 	grating: autoDraw = False
76.5141 	EXP 	fixation: autoDraw = False
76.5141 	EXP 	grating: autoDraw = False
76.5141 	EXP 	grating: ori = -5.5
76.5141 	EXP 	fixation: autoDraw = True
77.0048 	INFO 	Keyboard events cleared
77.0040 	EXP 	fixation: autoDraw = False
77.0040 	EXP 	grating: autoDraw = True
77.3031 	EXP 	grating: autoDraw = False
77.5878 	EXP 	fixation: autoDraw = False
77.5878 	EXP 	grating: autoDraw = False
77.5878 	EXP 	grating: ori = -5.0
77.5878 	EXP 	fixation: autoDraw = True
78.0818 	INFO 	Keyboard events cleared
78.0810 	EXP 	grating: autoDraw = True
78.0874 	EXP 	fixation: autoDraw = False
78.3694 	EXP 	grating: autoDraw = False
78.5972 	EXP 	fixation: autoDraw = False
78.5972 	EXP 	grating: autoDraw = False
78.5972 	EXP 	grating: ori = -5.0
78.5972 	EXP 	fixation: autoDraw = True
79.0879 	INFO 	Keyboard events cleared
79.0870 	EXP 	fixation: autoDraw = False
79.0870 	EXP 	grating: autoDraw = True
79.3811 	EXP 	grating: autoDraw = False
79.5803 	EXP 	fixation: autoDraw = False
79.5803 	EXP 	grating: autoDraw = False
79.5803 	EXP 	grating: ori = -5.0
79.5803 	EXP 	fixation: autoDraw = True
80.0713 	INFO 	Keyboard events cleared
80.0703 	EXP 	fixation: autoDraw = False
80.0703 	EXP 	grating: autoDraw = True
80.3690 	EXP 	grating: autoDraw = False
80.5471 	EXP 	fixation: autoDraw = False
80.5471 	EXP 	grating: autoDraw = False
80.5471 	EXP 	grating: ori = 4.5
80.5471 	EXP 	fixation: autoDraw = True
81.0382 	INFO 	Keyboard events cleared
81.0371 	EXP 	fixation: autoDraw = False
81.0371 	EXP 	grating: autoDraw = True
81.3309 	EXP 	grating: autoDraw = False
81.6308 	EXP 	fixation: autoDraw = False
81.6308 	EXP 	grating: autoDraw = False
81.6308 	EXP 	grating: ori = -4.5
81.6308 	EXP 	fixation: autoDraw = True
82.1316 	INFO 	Keyboard events cleared
82.1309 	EXP 	fixation: autoDraw = False
82.1309 	EXP 	grating: autoDraw = True
82.4196 	EXP 	grating: autoDraw = False
82.6377 	EXP 	fixation: autoDraw = False
82.6377 	EXP 	grating: autoDraw = False
82.6377 	EXP 	grating: ori = 4.5
82.6377 	EXP 	fixation: autoDraw = True
83.1317 	INFO 	Keyboard events cleared
83.1309 	EXP 	grating: autoDraw = True
83.1369 	EXP 	fixation: autoDraw = False
83.4187 	EXP 	grating: autoDraw = False
83.6799 	EXP 	fixation: autoDraw = False
83.6799 	EXP 	grating: autoDraw = False
83.6799 	EXP 	grating: ori = -4.0
83.6799 	EXP 	fixation: autoDraw = True
84.1702 	INFO 	Keyboard events cleared
84.1693 	EXP 	fixation: autoDraw = False
84.1693 	EXP 	grating: autoDraw = True
84.4641 	EXP 	grating: autoDraw = False
84.5807 	EXP 	fixation: autoDraw = False
84.5807 	EXP 	grating: autoDraw = False
84.5807 	EXP 	grating: ori = -4.0
84.5807 	EXP 	fixation: autoDraw = True
85.0712 	INFO 	Keyboard events cleared
85.0703 	EXP 	fixation: autoDraw = False
85.0703 	EXP 	grating: autoDraw = True
85.3646 	EXP 	grating: autoDraw = False
85.7221 	EXP 	fixation: autoDraw = False
85.7221 	EXP 	grating: autoDraw = False
85.7221 	EXP 	grating: ori = -4.0
85.7221 	EXP 	fixation: autoDraw = True
86.2148 	INFO 	Keyboard events cleared
86.2140 	EXP 	grating: autoDraw = True
86.2204 	EXP 	fixation: autoDraw = False
86.5035 	EXP 	grating: autoDraw = False
86.9197 	EXP 	fixation: autoDraw = False
86.9197 	EXP 	grating: autoDraw = False
86.9197 	EXP 	grating: ori = 3.5
86.9197 	EXP 	fixation: autoDraw = True
87.4149 	INFO 	Keyboard events cleared
87.4142 	EXP 	fixation: autoDraw = False
87.4142 	EXP 	grating: autoDraw = True
87.7028 	EXP 	grating: autoDraw = False
87.8646 	EXP 	fixation: autoDraw = False
87.8646 	EXP 	grating: autoDraw = False
87.8646 	EXP 	grating: ori = -3.5
87.8646 	EXP 	fixation: autoDraw = True
88.3534 	INFO 	Keyboard events cleared
88.3524 	EXP 	fixation: autoDraw = False
88.3524 	EXP 	grating: autoDraw = True
88.6477 	EXP 	grating: autoDraw = False
89.0469 	EXP 	fixation: autoDraw = False
89.0469 	EXP 	grating: autoDraw = False
89.0469 	EXP 	grating: ori = 3.5
89.0469 	EXP 	fixation: autoDraw = True
89.5372 	INFO 	Keyboard events cleared
89.5363 	EXP 	fixation: autoDraw = False
89.5363 	EXP 	grating: autoDraw = True
89.8313 	EXP 	grating: autoDraw = False
89.9470 	EXP 	fixation: autoDraw = False
89.9470 	EXP 	grating: autoDraw = False
89.9470 	EXP 	grating: ori = -3.0
89.9470 	EXP 	fixation: autoDraw = True
90.4370 	INFO 	Keyboard events cleared
90.4361 	EXP 	fixation: autoDraw = False
90.4361 	EXP 	grating: autoDraw = True
90.7308 	EXP 	grating: autoDraw = False
91.0045 	EXP 	fixation: autoDraw = False
91.0045 	EXP 	grating: autoDraw = False
91.0045 	EXP 	grating: ori = 3.0
91.0045 	EXP 	fixation: autoDraw = True
91.4984 	INFO 	Keyboard events cleared
91.4977 	EXP 	grating: autoDraw = True
91.5031 	EXP 	fixation: autoDraw = False
91.7858 	EXP 	grating: autoDraw = False
91.8710 	EXP 	fixation: autoDraw = False
91.8710 	EXP 	grating: autoDraw = False
91.8710 	EXP 	grating: ori = 3.0
91.8710 	EXP 	fixation: autoDraw = True
92.3650 	INFO 	Keyboard events cleared
92.3641 	EXP 	grating: autoDraw = True
92.3702 	EXP 	fixation: autoDraw = False
92.6522 	EXP 	grating: autoDraw = False
92.7869 	EXP 	fixation: autoDraw = False
92.7869 	EXP 	grating: autoDraw = False
92.7869 	EXP 	grating: ori = -3.5
92.7869 	EXP 	fixation: autoDraw = True
93.2816 	INFO 	Keyboard events cleared
93.2808 	EXP 	grating: autoDraw = True
93.2868 	EXP 	fixation: autoDraw = False
93.5689 	EXP 	grating: autoDraw = False
93.7805 	EXP 	fixation: autoDraw = False
93.7805 	EXP 	grating: autoDraw = False
93.7805 	EXP 	grating: ori = 4.0
93.7805 	EXP 	fixation: autoDraw = True
94.2710 	INFO 	Keyboard events cleared
94.2700 	EXP 	fixation: autoDraw = False
94.2700 	EXP 	grating: autoDraw = True
94.5641 	EXP 	grating: autoDraw = False
94.8135 	EXP 	fixation: autoDraw = False
94.8135 	EXP 	grating: autoDraw = False
94.8135 	EXP 	grating: ori = -4.0
94.8135 	EXP 	fixation: autoDraw = True
95.3044 	INFO 	Keyboard events cleared
95.3035 	EXP 	fixation: autoDraw = False
95.3035 	EXP 	grating: autoDraw = True
95.5971 	EXP 	grating: autoDraw = False
96.0366 	EXP 	fixation: autoDraw = False
96.0366 	EXP 	grating: autoDraw = False
96.0366 	EXP 	grating: ori = -4.0
96.0366 	EXP 	fixation: autoDraw = True
96.5319 	INFO 	Keyboard events cleared
96.5308 	EXP 	grating: autoDraw = True
96.5372 	EXP 	fixation: autoDraw = False
96.8196 	EXP 	grating: autoDraw = False
97.2691 	EXP 	fixation: autoDraw = False
97.2691 	EXP 	grating: autoDraw = False
97.2691 	EXP 	grating: ori = 3.5
97.2691 	EXP 	fixation: autoDraw = True
97.7649 	INFO 	Keyboard events cleared
97.7638 	EXP 	fixation: autoDraw = False
97.7638 	EXP 	grating: autoDraw = True
98.0517 	EXP 	grating: autoDraw = False
98.2142 	EXP 	fixation: autoDraw = False
98.2142 	EXP 	grating: autoDraw = False
98.2142 	EXP 	grating: ori = 3.5
98.2142 	EXP 	fixation: autoDraw = True
98.7035 	INFO 	Keyboard events cleared
98.7027 	EXP 	fixation: autoDraw = False
98.7027 	EXP 	grating: autoDraw = True
98.9976 	EXP 	grating: autoDraw = False
99.4037 	EXP 	fixation: autoDraw = False
99.4037 	EXP 	grating: autoDraw = False
99.4037 	EXP 	grating: ori = -3.5
99.4037 	EXP 	fixation: autoDraw = True
99.8978 	INFO 	Keyboard events cleared
99.8971 	EXP 	fixation: autoDraw = False
99.8971 	EXP 	grating: autoDraw = True
100.1861 	EXP 	grating: autoDraw = False
100.4871 	EXP 	fixation: autoDraw = False
100.4871 	EXP 	grating: autoDraw = False
100.4871 	EXP 	grating: ori = -3.0
100.4871 	EXP 	fixation: autoDraw = True
100.9817 	INFO 	Keyboard events cleared
100.9809 	EXP 	grating: autoDraw = True
100.9871 	EXP 	fixation: autoDraw = False
101.2689 	EXP 	grating: autoDraw = False
101.6362 	EXP 	fixation: autoDraw = False
101.6362 	EXP 	grating: autoDraw = False
101.6362 	EXP 	grating: ori = 3.0
101.6362 	EXP 	fixation: autoDraw = True
102.1320 	INFO 	Keyboard events cleared
102.1312 	EXP 	fixation: autoDraw = False
102.1312 	EXP 	grating: autoDraw = True
102.4200 	EXP 	grating: autoDraw = False
102.7303 	EXP 	fixation: autoDraw = False
102.7303 	EXP 	grating: autoDraw = False
102.7303 	EXP 	grating: ori = -3.0
102.7303 	EXP 	fixation: autoDraw = True
103.2145 	INFO 	Keyboard events cleared
103.2138 	EXP 	grating: autoDraw = True
103.2198 	EXP 	fixation: autoDraw = False
103.5032 	EXP 	grating: autoDraw = False
103.6967 	EXP 	fixation: autoDraw = False
103.6967 	EXP 	grating: autoDraw = False
103.6967 	EXP 	grating: ori = 2.5
103.6967 	EXP 	fixation: autoDraw = True
104.1864 	INFO 	Keyboard events cleared
104.1860 	EXP 	fixation: autoDraw = False
104.1860 	EXP 	grating: autoDraw = True
104.4854 	EXP 	grating: autoDraw = False
104.7540 	EXP 	fixation: autoDraw = False
104.7540 	EXP 	grating: autoDraw = False
104.7540 	EXP 	grating: ori = 2.5
104.7540 	EXP 	fixation: autoDraw = True
105.2484 	INFO 	Keyboard events cleared
105.2473 	EXP 	grating: autoDraw = True
105.2537 	EXP 	fixation: autoDraw = False
105.5351 	EXP 	grating: autoDraw = False
105.9465 	EXP 	fixation: autoDraw = False
105.9465 	EXP 	grating: autoDraw = False
105.9465 	EXP 	grating: ori = -2.5
105.9465 	EXP 	fixation: autoDraw = True
106.4373 	INFO 	Keyboard events cleared
106.4362 	EXP 	fixation: autoDraw = False
106.4362 	EXP 	grating: autoDraw = True
106.7308 	EXP 	grating: autoDraw = False
107.0634 	EXP 	fixation: autoDraw = False
107.0634 	EXP 	grating: autoDraw = False
107.0634 	EXP 	grating: ori = 2.0
107.0634 	EXP 	fixation: autoDraw = True
107.5541 	INFO 	Keyboard events cleared
107.5533 	EXP 	fixation: autoDraw = False
107.5533 	EXP 	grating: autoDraw = True
107.8472 	EXP 	grating: autoDraw = False
108.4703 	EXP 	fixation: autoDraw = False
108.4703 	EXP 	grating: autoDraw = False
108.4703 	EXP 	grating: ori = 2.0
108.4703 	EXP 	fixation: autoDraw = True
108.9648 	INFO 	Keyboard events cleared
108.9641 	EXP 	grating: autoDraw = True
108.9701 	EXP 	fixation: autoDraw = False
109.2527 	EXP 	grating: autoDraw = False
109.6031 	EXP 	fixation: autoDraw = False
109.6031 	EXP 	grating: autoDraw = False
109.6031 	EXP 	grating: ori = 2.0
109.6031 	EXP 	fixation: autoDraw = True
110.0982 	INFO 	Keyboard events cleared
110.0972 	EXP 	grating: autoDraw = True
110.1035 	EXP 	fixation: autoDraw = False
110.3858 	EXP 	grating: autoDraw = False
110.9809 	EXP 	fixation: autoDraw = False
110.9809 	EXP 	grating: autoDraw = False
110.9809 	EXP 	grating: ori = 1.5
110.9809 	EXP 	fixation: autoDraw = True
111.4700 	INFO 	Keyboard events cleared
111.4692 	EXP 	fixation: autoDraw = False
111.4692 	EXP 	grating: autoDraw = True
111.7638 	EXP 	grating: autoDraw = False
111.9973 	EXP 	fixation: autoDraw = False
111.9973 	EXP 	grating: autoDraw = False
111.9973 	EXP 	grating: ori = -2.0
111.9973 	EXP 	fixation: autoDraw = True
112.4870 	INFO 	Keyboard events cleared
112.4861 	EXP 	fixation: autoDraw = False
112.4861 	EXP 	grating: autoDraw = True
112.7803 	EXP 	grating: autoDraw = False
113.4133 	EXP 	fixation: autoDraw = False
113.4133 	EXP 	grating: autoDraw = False
113.4133 	EXP 	grating: ori = -2.0
113.4133 	EXP 	fixation: autoDraw = True
113.9033 	INFO 	Keyboard events cleared
113.9025 	EXP 	fixation: autoDraw = False
113.9025 	EXP 	grating: autoDraw = True
114.1966 	EXP 	grating: autoDraw = False
114.5803 	EXP 	fixation: autoDraw = False
114.5803 	EXP 	grating: autoDraw = False
114.5803 	EXP 	grating: ori = 2.0
114.5803 	EXP 	fixation: autoDraw = True
115.0705 	INFO 	Keyboard events cleared
115.0696 	EXP 	fixation: autoDraw = False
115.0696 	EXP 	grating: autoDraw = True
115.3685 	EXP 	grating: autoDraw = False
115.8021 	EXP 	fixation: autoDraw = False
115.8021 	EXP 	grating: autoDraw = False
115.8023 	EXP 	adaptive_staircase: status = STOPPED
115.8194 	INFO 	saved data to '/Users/purvajhunjhunwala/Desktop/lab in psychology/data/794988_adaptive_staircase_2024-09-11_12h43.54.456.csv'
115.8201 	INFO 	saved data to /Users/purvajhunjhunwala/Desktop/lab in psychology/data/794988_adaptive_staircase_2024-09-11_12h43.54.456.psydat
115.8374 	EXP 	window1: mouseVisible = True
