27.2981 	WARNING 	/Library/Fonts/FontsFree-Net-Anitha.ttf doesn't have valid font family name
27.9502 	WARNING 	/Library/Fonts/FontsFree-Net-Anitha.ttf doesn't have valid font family name
32.0423 	INFO 	Loaded monitor calibration from ['2024_08_05 14:42']
32.3820 	EXP 	Created window1 = Window(allowGUI=True, allowStencil=False, autoLog=True, backendConf=UNKNOWN, backgroundFit=<method-wrapper '__getattribute__' of attributeSetter object at 0x132421d50>, backgroundImage=<method-wrapper '__getattribute__' of attributeSetter object at 0x132421cf0>, bitsMode=UNKNOWN, blendMode='avg', bpc=(8, 8, 8), color=array([0, 0, 0]), colorSpace='rgb', depthBits=8, fullscr=<method-wrapper '__getattribute__' of attributeSetter object at 0x132421b10>, gamma=None, gammaErrorPolicy='raise', infoMsg=UNKNOWN, lms=UNKNOWN, monitor=<psychopy.monitors.calibTools.Monitor object at 0x1324ad420>, multiSample=False, name='window1', numSamples=2, pos=[360.0, 225.0], screen=0, size=array([2880, 1800]), stencilBits=0, stereo=False, title='PsychoPy', units='height', useFBO=True, useRetina=True, viewOri=0.0, viewPos=None, viewScale=None, waitBlanking=True, winType='pyglet')
32.3821 	EXP 	window1: backgroundImage = ''
32.3821 	EXP 	window1: backgroundFit = 'none'
32.3824 	EXP 	window1: mouseVisible = <method-wrapper '__getattribute__' of attributeSetter object at 0x132421e70>
32.3827 	EXP 	window1: mouseVisible = <method-wrapper '__getattribute__' of attributeSetter object at 0x132421e70>
32.3891 	EXP 	window1: mouseVisible = <method-wrapper '__getattribute__' of attributeSetter object at 0x132421e70>
32.3900 	EXP 	window1: mouseVisible = <method-wrapper '__getattribute__' of attributeSetter object at 0x132421e70>
32.4499 	EXP 	window1: mouseVisible = <method-wrapper '__getattribute__' of attributeSetter object at 0x132421e70>
32.4500 	EXP 	window1: mouseVisible = <method-wrapper '__getattribute__' of attributeSetter object at 0x132421e70>
32.4509 	EXP 	window1: mouseVisible = <method-wrapper '__getattribute__' of attributeSetter object at 0x132421e70>
32.4517 	EXP 	window1: mouseVisible = <method-wrapper '__getattribute__' of attributeSetter object at 0x132421e70>
32.4670 	EXP 	window1: Attempting to measure frame rate of screen (0) ...
32.4671 	EXP 	window1: recordFrameIntervals = False
32.9292 	EXP 	window1: recordFrameIntervals = True
33.0045 	WARNING 	t of last frame was 24.09ms (=1/41)
33.2717 	WARNING 	t of last frame was 24.21ms (=1/41)
33.3553 	WARNING 	t of last frame was 25.26ms (=1/39)
33.4053 	WARNING 	t of last frame was 25.27ms (=1/39)
33.5051 	WARNING 	Multiple dropped frames have occurred - I'll stop bothering you about them!
34.1417 	WARNING 	Couldn't measure a consistent frame rate!
  - Is your graphics card set to sync to vertical blank?
  - Are you running other processes on your computer?

34.1419 	EXP 	window1: mouseVisible = True
35.9705 	INFO 	keyboard.Keyboard is using ptb backend.
36.2416 	INFO 	keyboard.Keyboard is using ptb backend.
36.5164 	INFO 	keyboard.Keyboard is using ptb backend.
36.7853 	INFO 	keyboard.Keyboard is using ptb backend.
36.7854 	EXP 	OddOneOut_Experiment: status = STARTED
36.7864 	EXP 	window1: mouseVisible = True
36.8711 	EXP 	Created instruction_text = TextStim(__class__=<class 'psychopy.visual.text.TextStim'>, alignHoriz=method-wrapper(...), alignText='center', alignVert=method-wrapper(...), anchorHoriz='center', anchorVert='center', antialias=True, autoDraw=False, autoLog=True, bold=False, color=array([1., 1., 1.]), colorSpace='rgb', contrast=1.0, depth=0.0, draggable=False, flipHoriz=False, flipVert=False, font='Arial', fontFiles=[], height=0.05, italic=False, languageStyle='LTR', name='instruction_text', opacity=1, ori=0.0, pos=array([0., 0.]), rgb=UNKNOWN, text=str(...), units='height', win=Window(...), wrapWidth=1.5)
36.8713 	EXP 	window1: mouseVisible = True
36.8754 	EXP 	Created fixation_cross = TextStim(__class__=<class 'psychopy.visual.text.TextStim'>, alignHoriz=method-wrapper(...), alignText='center', alignVert=method-wrapper(...), anchorHoriz='center', anchorVert='center', antialias=True, autoDraw=False, autoLog=True, bold=False, color=array([1., 1., 1.]), colorSpace='rgb', contrast=1.0, depth=0.0, draggable=False, flipHoriz=False, flipVert=False, font='Arial', fontFiles=[], height=0.05, italic=False, languageStyle='LTR', name='fixation_cross', opacity=1, ori=0.0, pos=array([0., 0.]), rgb=UNKNOWN, text='+', units='height', win=Window(...), wrapWidth=1)
36.8756 	EXP 	window1: mouseVisible = True
36.8766 	EXP 	Created word_one = TextStim(__class__=<class 'psychopy.visual.text.TextStim'>, alignHoriz=method-wrapper(...), alignText='center', alignVert=method-wrapper(...), anchorHoriz='center', anchorVert='center', antialias=True, autoDraw=False, autoLog=True, bold=False, color=array([1., 1., 1.]), colorSpace='rgb', contrast=1.0, depth=-1.0, draggable=False, flipHoriz=False, flipVert=False, font='Arial', fontFiles=[], height=0.05, italic=False, languageStyle='LTR', name='word_one', opacity=1, ori=0.0, pos=array([-0.3,  0. ]), rgb=UNKNOWN, text='', units='height', win=Window(...), wrapWidth=1)
36.8767 	EXP 	window1: mouseVisible = True
36.8776 	EXP 	Created word_two = TextStim(__class__=<class 'psychopy.visual.text.TextStim'>, alignHoriz=method-wrapper(...), alignText='center', alignVert=method-wrapper(...), anchorHoriz='center', anchorVert='center', antialias=True, autoDraw=False, autoLog=True, bold=False, color=array([1., 1., 1.]), colorSpace='rgb', contrast=1.0, depth=-2.0, draggable=False, flipHoriz=False, flipVert=False, font='Arial', fontFiles=[], height=0.05, italic=False, languageStyle='LTR', name='word_two', opacity=1, ori=0.0, pos=array([0., 0.]), rgb=UNKNOWN, text='', units='height', win=Window(...), wrapWidth=1)
36.8777 	EXP 	window1: mouseVisible = True
36.8786 	EXP 	Created word_three = TextStim(__class__=<class 'psychopy.visual.text.TextStim'>, alignHoriz=method-wrapper(...), alignText='center', alignVert=method-wrapper(...), anchorHoriz='center', anchorVert='center', antialias=True, autoDraw=False, autoLog=True, bold=False, color=array([1., 1., 1.]), colorSpace='rgb', contrast=1.0, depth=-3.0, draggable=False, flipHoriz=False, flipVert=False, font='Arial', fontFiles=[], height=0.05, italic=False, languageStyle='LTR', name='word_three', opacity=1, ori=0.0, pos=array([0.3, 0. ]), rgb=UNKNOWN, text='', units='height', win=Window(...), wrapWidth=1)
36.8788 	EXP 	window1: mouseVisible = True
36.8855 	EXP 	Created text = TextStim(__class__=<class 'psychopy.visual.text.TextStim'>, alignHoriz=method-wrapper(...), alignText='center', alignVert=method-wrapper(...), anchorHoriz='center', anchorVert='center', antialias=True, autoDraw=False, autoLog=True, bold=False, color=array([1., 1., 1.]), colorSpace='rgb', contrast=1.0, depth=0.0, draggable=False, flipHoriz=False, flipVert=False, font='Arial', fontFiles=[], height=0.05, italic=False, languageStyle='LTR', name='text', opacity=1, ori=0.0, pos=array([0., 0.]), rgb=UNKNOWN, text=str(...), units='height', win=Window(...), wrapWidth=1)
36.8857 	EXP 	window1: mouseVisible = True
36.8947 	EXP 	Created text_countdown = TextStim(__class__=<class 'psychopy.visual.text.TextStim'>, alignHoriz=method-wrapper(...), alignText='center', alignVert=method-wrapper(...), anchorHoriz='center', anchorVert='center', antialias=True, autoDraw=False, autoLog=True, bold=False, color=array([1., 1., 1.]), colorSpace='rgb', contrast=1.0, depth=0.0, draggable=False, flipHoriz=False, flipVert=False, font='Open Sans', fontFiles=[], height=0.1, italic=False, languageStyle='LTR', name='text_countdown', opacity=1, ori=0.0, pos=array([0., 0.]), rgb=UNKNOWN, text='', units='height', win=Window(...), wrapWidth=1)
36.8949 	EXP 	window1: mouseVisible = True
36.8973 	EXP 	Created fixation_cross_2 = TextStim(__class__=<class 'psychopy.visual.text.TextStim'>, alignHoriz=method-wrapper(...), alignText='center', alignVert=method-wrapper(...), anchorHoriz='center', anchorVert='center', antialias=True, autoDraw=False, autoLog=True, bold=False, color=array([1., 1., 1.]), colorSpace='rgb', contrast=1.0, depth=0.0, draggable=False, flipHoriz=False, flipVert=False, font='Arial', fontFiles=[], height=0.05, italic=False, languageStyle='LTR', name='fixation_cross_2', opacity=1, ori=0.0, pos=array([0., 0.]), rgb=UNKNOWN, text='+', units='height', win=Window(...), wrapWidth=1)
36.8974 	EXP 	window1: mouseVisible = True
36.8983 	EXP 	Created word_one_2 = TextStim(__class__=<class 'psychopy.visual.text.TextStim'>, alignHoriz=method-wrapper(...), alignText='center', alignVert=method-wrapper(...), anchorHoriz='center', anchorVert='center', antialias=True, autoDraw=False, autoLog=True, bold=False, color=array([1., 1., 1.]), colorSpace='rgb', contrast=1.0, depth=-1.0, draggable=False, flipHoriz=False, flipVert=False, font='Arial', fontFiles=[], height=0.05, italic=False, languageStyle='LTR', name='word_one_2', opacity=1, ori=0.0, pos=array([-0.3,  0. ]), rgb=UNKNOWN, text='', units='height', win=Window(...), wrapWidth=1)
36.8985 	EXP 	window1: mouseVisible = True
36.8993 	EXP 	Created word_two_2 = TextStim(__class__=<class 'psychopy.visual.text.TextStim'>, alignHoriz=method-wrapper(...), alignText='center', alignVert=method-wrapper(...), anchorHoriz='center', anchorVert='center', antialias=True, autoDraw=False, autoLog=True, bold=False, color=array([1., 1., 1.]), colorSpace='rgb', contrast=1.0, depth=-2.0, draggable=False, flipHoriz=False, flipVert=False, font='Arial', fontFiles=[], height=0.05, italic=False, languageStyle='LTR', name='word_two_2', opacity=1, ori=0.0, pos=array([0., 0.]), rgb=UNKNOWN, text='', units='height', win=Window(...), wrapWidth=1)
36.8994 	EXP 	window1: mouseVisible = True
36.9003 	EXP 	Created word_three_2 = TextStim(__class__=<class 'psychopy.visual.text.TextStim'>, alignHoriz=method-wrapper(...), alignText='center', alignVert=method-wrapper(...), anchorHoriz='center', anchorVert='center', antialias=True, autoDraw=False, autoLog=True, bold=False, color=array([1., 1., 1.]), colorSpace='rgb', contrast=1.0, depth=-3.0, draggable=False, flipHoriz=False, flipVert=False, font='Arial', fontFiles=[], height=0.05, italic=False, languageStyle='LTR', name='word_three_2', opacity=1, ori=0.0, pos=array([0.3, 0. ]), rgb=UNKNOWN, text='', units='height', win=Window(...), wrapWidth=1)
36.9004 	EXP 	window1: mouseVisible = True
36.9065 	EXP 	Created text_2 = TextStim(__class__=<class 'psychopy.visual.text.TextStim'>, alignHoriz=method-wrapper(...), alignText='center', alignVert=method-wrapper(...), anchorHoriz='center', anchorVert='center', antialias=True, autoDraw=False, autoLog=True, bold=False, color=array([1., 1., 1.]), colorSpace='rgb', contrast=1.0, depth=0.0, draggable=False, flipHoriz=False, flipVert=False, font='Arial', fontFiles=[], height=0.05, italic=False, languageStyle='LTR', name='text_2', opacity=1, ori=0.0, pos=array([0., 0.]), rgb=UNKNOWN, text='Thank you for participating. :)', units='height', win=Window(...), wrapWidth=1)
0.0280 	INFO 	Keyboard events cleared
0.0277 	EXP 	instruction_text: autoDraw = True
1.4799 	EXP 	Imported stimwords.xlsx as conditions, 15 conditions, 5 params
1.4833 	EXP 	New trial (rep=0, index=0): <Trial 0 (0 in rep 0) data={'stim1': 'sunflower', 'stim2': 'winter', 'stim3': 'rain', 'correctAns': 1, 'difficulty': 'easy', 'thisN': 0, 'thisTrialN': 0, 'thisRepN': 0}>
1.4964 	DATA 	Keypress: space
1.5050 	EXP 	instruction_text: autoDraw = False
1.5050 	EXP 	fixation_cross: autoDraw = True
1.9947 	INFO 	Keyboard events cleared
1.9944 	EXP 	fixation_cross: autoDraw = False
1.9944 	EXP 	word_one: height = 0.05
1.9944 	EXP 	word_one: height = 0.05
1.9944 	EXP 	word_one: height = 0.05
1.9944 	EXP 	word_one: text = 'sunflower'
1.9944 	EXP 	word_two: height = 0.05
1.9944 	EXP 	word_two: height = 0.05
1.9944 	EXP 	word_two: height = 0.05
1.9944 	EXP 	word_two: text = 'winter'
1.9944 	EXP 	word_three: height = 0.05
1.9944 	EXP 	word_three: height = 0.05
1.9944 	EXP 	word_three: height = 0.05
1.9944 	EXP 	word_three: text = 'rain'
1.9944 	EXP 	word_one: autoDraw = True
1.9944 	EXP 	word_two: autoDraw = True
1.9944 	EXP 	word_three: autoDraw = True
3.2338 	EXP 	New trial (rep=0, index=1): <Trial 1 (1 in rep 0) data={'stim1': 'rose', 'stim2': 'daisy', 'stim3': 'chair', 'correctAns': 3, 'difficulty': 'medium', 'thisN': 1, 'thisTrialN': 1, 'thisRepN': 0}>
3.2368 	DATA 	Keypress: 1
3.2425 	EXP 	word_one: autoDraw = False
3.2425 	EXP 	word_two: autoDraw = False
3.2425 	EXP 	word_three: autoDraw = False
3.2425 	EXP 	fixation_cross: autoDraw = True
3.7494 	INFO 	Keyboard events cleared
3.7491 	EXP 	fixation_cross: autoDraw = False
3.7491 	EXP 	fixation_cross: autoDraw = False
3.7491 	EXP 	word_one: height = 0.05
3.7491 	EXP 	word_one: height = 0.05
3.7491 	EXP 	word_one: height = 0.05
3.7491 	EXP 	word_one: text = 'rose'
3.7491 	EXP 	word_two: height = 0.05
3.7491 	EXP 	word_two: height = 0.05
3.7491 	EXP 	word_two: height = 0.05
3.7491 	EXP 	word_two: text = 'daisy'
3.7491 	EXP 	word_three: height = 0.05
3.7491 	EXP 	word_three: height = 0.05
3.7491 	EXP 	word_three: height = 0.05
3.7491 	EXP 	word_three: text = 'chair'
3.7491 	EXP 	word_one: autoDraw = True
3.7491 	EXP 	word_two: autoDraw = True
3.7491 	EXP 	word_three: autoDraw = True
5.1667 	EXP 	New trial (rep=0, index=2): <Trial 2 (2 in rep 0) data={'stim1': 'sun', 'stim2': 'book', 'stim3': 'moon', 'correctAns': 2, 'difficulty': 'easy', 'thisN': 2, 'thisTrialN': 2, 'thisRepN': 0}>
5.1689 	DATA 	Keypress: 3
5.1745 	EXP 	word_one: autoDraw = False
5.1745 	EXP 	word_two: autoDraw = False
5.1745 	EXP 	word_three: autoDraw = False
5.1745 	EXP 	fixation_cross: autoDraw = True
5.6990 	INFO 	Keyboard events cleared
5.6987 	EXP 	fixation_cross: autoDraw = False
5.6987 	EXP 	word_one: height = 0.05
5.6987 	EXP 	word_one: height = 0.05
5.6987 	EXP 	word_one: height = 0.05
5.6987 	EXP 	word_one: text = 'sun'
5.6987 	EXP 	word_two: height = 0.05
5.6987 	EXP 	word_two: height = 0.05
5.6987 	EXP 	word_two: height = 0.05
5.6987 	EXP 	word_two: text = 'book'
5.6987 	EXP 	word_three: height = 0.05
5.6987 	EXP 	word_three: height = 0.05
5.6987 	EXP 	word_three: height = 0.05
5.6987 	EXP 	word_three: text = 'moon'
5.6987 	EXP 	word_one: autoDraw = True
5.6987 	EXP 	word_two: autoDraw = True
5.6987 	EXP 	word_three: autoDraw = True
7.6495 	EXP 	New trial (rep=0, index=3): <Trial 3 (3 in rep 0) data={'stim1': 'bicycle', 'stim2': 'apple ', 'stim3': 'train', 'correctAns': 2, 'difficulty': 'easy', 'thisN': 3, 'thisTrialN': 3, 'thisRepN': 0}>
7.6552 	EXP 	word_one: autoDraw = False
7.6552 	EXP 	word_two: autoDraw = False
7.6552 	EXP 	word_three: autoDraw = False
7.6552 	EXP 	fixation_cross: autoDraw = True
8.1557 	EXP 	fixation_cross: autoDraw = False
8.1557 	EXP 	fixation_cross: autoDraw = False
8.1557 	EXP 	word_one: height = 0.05
8.1557 	EXP 	word_one: height = 0.05
8.1557 	EXP 	word_one: height = 0.05
8.1557 	EXP 	word_one: text = 'bicycle'
8.1557 	EXP 	word_two: height = 0.05
8.1557 	EXP 	word_two: height = 0.05
8.1557 	EXP 	word_two: height = 0.05
8.1557 	EXP 	word_two: text = 'apple '
8.1557 	EXP 	word_three: height = 0.05
8.1557 	EXP 	word_three: height = 0.05
8.1557 	EXP 	word_three: height = 0.05
8.1557 	EXP 	word_three: text = 'train'
8.1661 	INFO 	Keyboard events cleared
8.1659 	EXP 	word_one: autoDraw = True
8.1659 	EXP 	word_two: autoDraw = True
8.1659 	EXP 	word_three: autoDraw = True
9.8336 	EXP 	New trial (rep=0, index=4): <Trial 4 (4 in rep 0) data={'stim1': 'apple', 'stim2': 'banana', 'stim3': 'pencil', 'correctAns': 3, 'difficulty': 'easy', 'thisN': 4, 'thisTrialN': 4, 'thisRepN': 0}>
9.8394 	DATA 	Keypress: 3
9.8471 	EXP 	word_one: autoDraw = False
9.8471 	EXP 	word_two: autoDraw = False
9.8471 	EXP 	word_three: autoDraw = False
9.8471 	EXP 	fixation_cross: autoDraw = True
10.3499 	INFO 	Keyboard events cleared
10.3496 	EXP 	fixation_cross: autoDraw = False
10.3496 	EXP 	fixation_cross: autoDraw = False
10.3496 	EXP 	word_one: height = 0.05
10.3496 	EXP 	word_one: height = 0.05
10.3496 	EXP 	word_one: height = 0.05
10.3496 	EXP 	word_one: text = 'apple'
10.3496 	EXP 	word_two: height = 0.05
10.3496 	EXP 	word_two: height = 0.05
10.3496 	EXP 	word_two: height = 0.05
10.3496 	EXP 	word_two: text = 'banana'
10.3496 	EXP 	word_three: height = 0.05
10.3496 	EXP 	word_three: height = 0.05
10.3496 	EXP 	word_three: height = 0.05
10.3496 	EXP 	word_three: text = 'pencil'
10.3496 	EXP 	word_one: autoDraw = True
10.3496 	EXP 	word_two: autoDraw = True
10.3496 	EXP 	word_three: autoDraw = True
11.4912 	EXP 	New trial (rep=0, index=5): <Trial 5 (5 in rep 0) data={'stim1': 'pluto', 'stim2': 'earth', 'stim3': 'mars', 'correctAns': 1, 'difficulty': 'hard', 'thisN': 5, 'thisTrialN': 5, 'thisRepN': 0}>
11.4936 	DATA 	Keypress: 3
11.5012 	EXP 	word_one: autoDraw = False
11.5012 	EXP 	word_two: autoDraw = False
11.5012 	EXP 	word_three: autoDraw = False
11.5012 	EXP 	fixation_cross: autoDraw = True
12.0041 	INFO 	Keyboard events cleared
12.0038 	EXP 	fixation_cross: autoDraw = False
12.0038 	EXP 	fixation_cross: autoDraw = False
12.0038 	EXP 	word_one: height = 0.05
12.0038 	EXP 	word_one: height = 0.05
12.0038 	EXP 	word_one: height = 0.05
12.0038 	EXP 	word_one: text = 'pluto'
12.0038 	EXP 	word_two: height = 0.05
12.0038 	EXP 	word_two: height = 0.05
12.0038 	EXP 	word_two: height = 0.05
12.0038 	EXP 	word_two: text = 'earth'
12.0038 	EXP 	word_three: height = 0.05
12.0038 	EXP 	word_three: height = 0.05
12.0038 	EXP 	word_three: height = 0.05
12.0038 	EXP 	word_three: text = 'mars'
12.0038 	EXP 	word_one: autoDraw = True
12.0038 	EXP 	word_two: autoDraw = True
12.0038 	EXP 	word_three: autoDraw = True
13.9830 	EXP 	New trial (rep=0, index=6): <Trial 6 (6 in rep 0) data={'stim1': 'cheetah', 'stim2': 'dolphin', 'stim3': 'leopard', 'correctAns': 2, 'difficulty': 'hard', 'thisN': 6, 'thisTrialN': 6, 'thisRepN': 0}>
13.9889 	EXP 	word_one: autoDraw = False
13.9889 	EXP 	word_two: autoDraw = False
13.9889 	EXP 	word_three: autoDraw = False
13.9889 	EXP 	fixation_cross: autoDraw = True
14.4890 	EXP 	fixation_cross: autoDraw = False
14.4890 	EXP 	fixation_cross: autoDraw = False
14.4890 	EXP 	word_one: height = 0.05
14.4890 	EXP 	word_one: height = 0.05
14.4890 	EXP 	word_one: height = 0.05
14.4890 	EXP 	word_one: text = 'cheetah'
14.4890 	EXP 	word_two: height = 0.05
14.4890 	EXP 	word_two: height = 0.05
14.4890 	EXP 	word_two: height = 0.05
14.4890 	EXP 	word_two: text = 'dolphin'
14.4890 	EXP 	word_three: height = 0.05
14.4890 	EXP 	word_three: height = 0.05
14.4890 	EXP 	word_three: height = 0.05
14.4890 	EXP 	word_three: text = 'leopard'
14.4991 	INFO 	Keyboard events cleared
14.4989 	EXP 	word_one: autoDraw = True
14.4989 	EXP 	word_two: autoDraw = True
14.4989 	EXP 	word_three: autoDraw = True
16.3907 	EXP 	New trial (rep=0, index=7): <Trial 7 (7 in rep 0) data={'stim1': 'trumpet ', 'stim2': 'flute', 'stim3': 'violin', 'correctAns': 3, 'difficulty': 'hard', 'thisN': 7, 'thisTrialN': 7, 'thisRepN': 0}>
16.3935 	DATA 	Keypress: 1
16.4014 	EXP 	word_one: autoDraw = False
16.4014 	EXP 	word_two: autoDraw = False
16.4014 	EXP 	word_three: autoDraw = False
16.4014 	EXP 	fixation_cross: autoDraw = True
16.9094 	INFO 	Keyboard events cleared
16.9091 	EXP 	fixation_cross: autoDraw = False
16.9091 	EXP 	fixation_cross: autoDraw = False
16.9091 	EXP 	word_one: height = 0.05
16.9091 	EXP 	word_one: height = 0.05
16.9091 	EXP 	word_one: height = 0.05
16.9091 	EXP 	word_one: text = 'trumpet '
16.9091 	EXP 	word_two: height = 0.05
16.9091 	EXP 	word_two: height = 0.05
16.9091 	EXP 	word_two: height = 0.05
16.9091 	EXP 	word_two: text = 'flute'
16.9091 	EXP 	word_three: height = 0.05
16.9091 	EXP 	word_three: height = 0.05
16.9091 	EXP 	word_three: height = 0.05
16.9091 	EXP 	word_three: text = 'violin'
16.9091 	EXP 	word_one: autoDraw = True
16.9091 	EXP 	word_two: autoDraw = True
16.9091 	EXP 	word_three: autoDraw = True
18.2408 	EXP 	New trial (rep=0, index=8): <Trial 8 (8 in rep 0) data={'stim1': 'octopus ', 'stim2': 'penguin', 'stim3': 'squid', 'correctAns': 2, 'difficulty': 'hard', 'thisN': 8, 'thisTrialN': 8, 'thisRepN': 0}>
18.2486 	EXP 	word_one: autoDraw = False
18.2486 	EXP 	word_two: autoDraw = False
18.2486 	EXP 	word_three: autoDraw = False
18.2486 	EXP 	fixation_cross: autoDraw = True
18.2508 	DATA 	Keypress: 2
18.7500 	INFO 	Keyboard events cleared
18.7497 	EXP 	fixation_cross: autoDraw = False
18.7497 	EXP 	fixation_cross: autoDraw = False
18.7497 	EXP 	word_one: height = 0.05
18.7497 	EXP 	word_one: height = 0.05
18.7497 	EXP 	word_one: height = 0.05
18.7497 	EXP 	word_one: text = 'octopus '
18.7497 	EXP 	word_two: height = 0.05
18.7497 	EXP 	word_two: height = 0.05
18.7497 	EXP 	word_two: height = 0.05
18.7497 	EXP 	word_two: text = 'penguin'
18.7497 	EXP 	word_three: height = 0.05
18.7497 	EXP 	word_three: height = 0.05
18.7497 	EXP 	word_three: height = 0.05
18.7497 	EXP 	word_three: text = 'squid'
18.7497 	EXP 	word_one: autoDraw = True
18.7497 	EXP 	word_two: autoDraw = True
18.7497 	EXP 	word_three: autoDraw = True
20.7329 	EXP 	New trial (rep=0, index=9): <Trial 9 (9 in rep 0) data={'stim1': 'sofa', 'stim2': 'table', 'stim3': 'lamp', 'correctAns': 3, 'difficulty': 'medium', 'thisN': 9, 'thisTrialN': 9, 'thisRepN': 0}>
20.7390 	EXP 	word_one: autoDraw = False
20.7390 	EXP 	word_two: autoDraw = False
20.7390 	EXP 	word_three: autoDraw = False
20.7390 	EXP 	word_one: autoDraw = False
20.7390 	EXP 	word_two: autoDraw = False
20.7390 	EXP 	word_three: autoDraw = False
20.7390 	EXP 	fixation_cross: autoDraw = True
20.9035 	DATA 	Keypress: 3
21.2402 	EXP 	fixation_cross: autoDraw = False
21.2402 	EXP 	fixation_cross: autoDraw = False
21.2402 	EXP 	word_one: height = 0.05
21.2402 	EXP 	word_one: height = 0.05
21.2402 	EXP 	word_one: height = 0.05
21.2402 	EXP 	word_one: text = 'sofa'
21.2402 	EXP 	word_two: height = 0.05
21.2402 	EXP 	word_two: height = 0.05
21.2402 	EXP 	word_two: height = 0.05
21.2402 	EXP 	word_two: text = 'table'
21.2402 	EXP 	word_three: height = 0.05
21.2402 	EXP 	word_three: height = 0.05
21.2402 	EXP 	word_three: height = 0.05
21.2402 	EXP 	word_three: text = 'lamp'
21.2487 	INFO 	Keyboard events cleared
21.2484 	EXP 	word_one: autoDraw = True
21.2484 	EXP 	word_two: autoDraw = True
21.2484 	EXP 	word_three: autoDraw = True
22.5071 	EXP 	New trial (rep=0, index=10): <Trial 10 (10 in rep 0) data={'stim1': 'fish', 'stim2': 'bird', 'stim3': 'shark', 'correctAns': 2, 'difficulty': 'medium', 'thisN': 10, 'thisTrialN': 10, 'thisRepN': 0}>
22.5093 	DATA 	Keypress: 1
22.5169 	EXP 	word_one: autoDraw = False
22.5169 	EXP 	word_two: autoDraw = False
22.5169 	EXP 	word_three: autoDraw = False
22.5169 	EXP 	fixation_cross: autoDraw = True
23.0164 	INFO 	Keyboard events cleared
23.0160 	EXP 	fixation_cross: autoDraw = False
23.0160 	EXP 	fixation_cross: autoDraw = False
23.0160 	EXP 	word_one: height = 0.05
23.0160 	EXP 	word_one: height = 0.05
23.0160 	EXP 	word_one: height = 0.05
23.0160 	EXP 	word_one: text = 'fish'
23.0160 	EXP 	word_two: height = 0.05
23.0160 	EXP 	word_two: height = 0.05
23.0160 	EXP 	word_two: height = 0.05
23.0160 	EXP 	word_two: text = 'bird'
23.0160 	EXP 	word_three: height = 0.05
23.0160 	EXP 	word_three: height = 0.05
23.0160 	EXP 	word_three: height = 0.05
23.0160 	EXP 	word_three: text = 'shark'
23.0160 	EXP 	word_one: autoDraw = True
23.0160 	EXP 	word_two: autoDraw = True
23.0160 	EXP 	word_three: autoDraw = True
24.9994 	EXP 	New trial (rep=0, index=11): <Trial 11 (11 in rep 0) data={'stim1': 'cat', 'stim2': 'dog', 'stim3': 'lion', 'correctAns': 2, 'difficulty': 'hard', 'thisN': 11, 'thisTrialN': 11, 'thisRepN': 0}>
25.0051 	EXP 	word_one: autoDraw = False
25.0051 	EXP 	word_two: autoDraw = False
25.0051 	EXP 	word_three: autoDraw = False
25.0051 	EXP 	word_one: autoDraw = False
25.0051 	EXP 	word_two: autoDraw = False
25.0051 	EXP 	word_three: autoDraw = False
25.0051 	EXP 	fixation_cross: autoDraw = True
25.5047 	INFO 	Keyboard events cleared
25.5045 	EXP 	fixation_cross: autoDraw = False
25.5045 	EXP 	fixation_cross: autoDraw = False
25.5045 	EXP 	word_one: height = 0.05
25.5045 	EXP 	word_one: height = 0.05
25.5045 	EXP 	word_one: height = 0.05
25.5045 	EXP 	word_one: text = 'cat'
25.5045 	EXP 	word_two: height = 0.05
25.5045 	EXP 	word_two: height = 0.05
25.5045 	EXP 	word_two: height = 0.05
25.5045 	EXP 	word_two: text = 'dog'
25.5045 	EXP 	word_three: height = 0.05
25.5045 	EXP 	word_three: height = 0.05
25.5045 	EXP 	word_three: height = 0.05
25.5045 	EXP 	word_three: text = 'lion'
25.5045 	EXP 	word_one: autoDraw = True
25.5045 	EXP 	word_two: autoDraw = True
25.5045 	EXP 	word_three: autoDraw = True
26.6496 	EXP 	New trial (rep=0, index=12): <Trial 12 (12 in rep 0) data={'stim1': 'dog', 'stim2': 'car', 'stim3': 'cat', 'correctAns': 2, 'difficulty': 'easy', 'thisN': 12, 'thisTrialN': 12, 'thisRepN': 0}>
26.6520 	DATA 	Keypress: 3
26.6579 	EXP 	word_one: autoDraw = False
26.6579 	EXP 	word_two: autoDraw = False
26.6579 	EXP 	word_three: autoDraw = False
26.6579 	EXP 	fixation_cross: autoDraw = True
27.1650 	INFO 	Keyboard events cleared
27.1647 	EXP 	fixation_cross: autoDraw = False
27.1647 	EXP 	word_one: height = 0.05
27.1647 	EXP 	word_one: height = 0.05
27.1647 	EXP 	word_one: height = 0.05
27.1647 	EXP 	word_one: text = 'dog'
27.1647 	EXP 	word_two: height = 0.05
27.1647 	EXP 	word_two: height = 0.05
27.1647 	EXP 	word_two: height = 0.05
27.1647 	EXP 	word_two: text = 'car'
27.1647 	EXP 	word_three: height = 0.05
27.1647 	EXP 	word_three: height = 0.05
27.1647 	EXP 	word_three: height = 0.05
27.1647 	EXP 	word_three: text = 'cat'
27.1647 	EXP 	word_one: autoDraw = True
27.1647 	EXP 	word_two: autoDraw = True
27.1647 	EXP 	word_three: autoDraw = True
28.3840 	EXP 	New trial (rep=0, index=13): <Trial 13 (13 in rep 0) data={'stim1': 'car', 'stim2': 'bus', 'stim3': ' aeroplane', 'correctAns': 3, 'difficulty': 'medium', 'thisN': 13, 'thisTrialN': 13, 'thisRepN': 0}>
28.3863 	DATA 	Keypress: 2
28.3923 	EXP 	word_one: autoDraw = False
28.3923 	EXP 	word_two: autoDraw = False
28.3923 	EXP 	word_three: autoDraw = False
28.3923 	EXP 	fixation_cross: autoDraw = True
28.8995 	INFO 	Keyboard events cleared
28.8992 	EXP 	fixation_cross: autoDraw = False
28.8992 	EXP 	fixation_cross: autoDraw = False
28.8992 	EXP 	word_one: height = 0.05
28.8992 	EXP 	word_one: height = 0.05
28.8992 	EXP 	word_one: height = 0.05
28.8992 	EXP 	word_one: text = 'car'
28.8992 	EXP 	word_two: height = 0.05
28.8992 	EXP 	word_two: height = 0.05
28.8992 	EXP 	word_two: height = 0.05
28.8992 	EXP 	word_two: text = 'bus'
28.8992 	EXP 	word_three: height = 0.05
28.8992 	EXP 	word_three: height = 0.05
28.8992 	EXP 	word_three: height = 0.05
28.8992 	EXP 	word_three: text = ' aeroplane'
28.8992 	EXP 	word_one: autoDraw = True
28.8992 	EXP 	word_two: autoDraw = True
28.8992 	EXP 	word_three: autoDraw = True
30.1835 	EXP 	New trial (rep=0, index=14): <Trial 14 (14 in rep 0) data={'stim1': 'square', 'stim2': 'rectangle ', 'stim3': 'triangle', 'correctAns': 3, 'difficulty': 'medium', 'thisN': 14, 'thisTrialN': 14, 'thisRepN': 0}>
30.1858 	DATA 	Keypress: 3
30.1917 	EXP 	word_one: autoDraw = False
30.1917 	EXP 	word_two: autoDraw = False
30.1917 	EXP 	word_three: autoDraw = False
30.1917 	EXP 	fixation_cross: autoDraw = True
30.7007 	INFO 	Keyboard events cleared
30.7004 	EXP 	fixation_cross: autoDraw = False
30.7004 	EXP 	word_one: height = 0.05
30.7004 	EXP 	word_one: height = 0.05
30.7004 	EXP 	word_one: height = 0.05
30.7004 	EXP 	word_one: text = 'square'
30.7004 	EXP 	word_two: height = 0.05
30.7004 	EXP 	word_two: height = 0.05
30.7004 	EXP 	word_two: height = 0.05
30.7004 	EXP 	word_two: text = 'rectangle '
30.7004 	EXP 	word_three: height = 0.05
30.7004 	EXP 	word_three: height = 0.05
30.7004 	EXP 	word_three: height = 0.05
30.7004 	EXP 	word_three: text = 'triangle'
30.7004 	EXP 	word_one: autoDraw = True
30.7004 	EXP 	word_two: autoDraw = True
30.7004 	EXP 	word_three: autoDraw = True
32.1104 	DATA 	Keypress: 1
32.1181 	EXP 	word_one: autoDraw = False
32.1181 	EXP 	word_two: autoDraw = False
32.1181 	EXP 	word_three: autoDraw = False
32.1181 	EXP 	text: autoDraw = True
37.1245 	EXP 	text: autoDraw = False
37.1245 	EXP 	text: autoDraw = False
37.1245 	EXP 	text_countdown: autoDraw = True
37.2845 	DATA 	Keypress: space
42.1319 	EXP 	Imported stimwords.xlsx as conditions, 15 conditions, 5 params
42.1325 	EXP 	New trial (rep=0, index=0): <Trial 0 (0 in rep 0) data={'stim1': 'sun', 'stim2': 'book', 'stim3': 'moon', 'correctAns': 2, 'difficulty': 'easy', 'thisN': 0, 'thisTrialN': 0, 'thisRepN': 0}>
42.1402 	EXP 	text_countdown: autoDraw = False
42.1402 	EXP 	fixation_cross_2: autoDraw = True
42.6335 	INFO 	Keyboard events cleared
42.6332 	EXP 	fixation_cross_2: autoDraw = False
42.6332 	EXP 	word_one_2: height = 0.05
42.6332 	EXP 	word_one_2: height = 0.05
42.6332 	EXP 	word_one_2: height = 0.05
42.6332 	EXP 	word_one_2: text = 'sun'
42.6332 	EXP 	word_two_2: height = 0.05
42.6332 	EXP 	word_two_2: height = 0.05
42.6332 	EXP 	word_two_2: height = 0.05
42.6332 	EXP 	word_two_2: text = 'book'
42.6332 	EXP 	word_three_2: height = 0.05
42.6332 	EXP 	word_three_2: height = 0.05
42.6332 	EXP 	word_three_2: height = 0.05
42.6332 	EXP 	word_three_2: text = 'moon'
42.6332 	EXP 	word_one_2: autoDraw = True
42.6332 	EXP 	word_two_2: autoDraw = True
42.6332 	EXP 	word_three_2: autoDraw = True
43.6661 	EXP 	New trial (rep=0, index=1): <Trial 1 (1 in rep 0) data={'stim1': 'pluto', 'stim2': 'earth', 'stim3': 'mars', 'correctAns': 1, 'difficulty': 'hard', 'thisN': 1, 'thisTrialN': 1, 'thisRepN': 0}>
43.6683 	DATA 	Keypress: 2
43.6740 	EXP 	word_one_2: autoDraw = False
43.6740 	EXP 	word_two_2: autoDraw = False
43.6740 	EXP 	word_three_2: autoDraw = False
43.6740 	EXP 	fixation_cross_2: autoDraw = True
44.1781 	INFO 	Keyboard events cleared
44.1778 	EXP 	fixation_cross_2: autoDraw = False
44.1778 	EXP 	fixation_cross_2: autoDraw = False
44.1778 	EXP 	word_one_2: height = 0.05
44.1778 	EXP 	word_one_2: height = 0.05
44.1778 	EXP 	word_one_2: height = 0.05
44.1778 	EXP 	word_one_2: text = 'pluto'
44.1778 	EXP 	word_two_2: height = 0.05
44.1778 	EXP 	word_two_2: height = 0.05
44.1778 	EXP 	word_two_2: height = 0.05
44.1778 	EXP 	word_two_2: text = 'earth'
44.1778 	EXP 	word_three_2: height = 0.05
44.1778 	EXP 	word_three_2: height = 0.05
44.1778 	EXP 	word_three_2: height = 0.05
44.1778 	EXP 	word_three_2: text = 'mars'
44.1778 	EXP 	word_one_2: autoDraw = True
44.1778 	EXP 	word_two_2: autoDraw = True
44.1778 	EXP 	word_three_2: autoDraw = True
45.5492 	EXP 	New trial (rep=0, index=2): <Trial 2 (2 in rep 0) data={'stim1': 'cheetah', 'stim2': 'dolphin', 'stim3': 'leopard', 'correctAns': 2, 'difficulty': 'hard', 'thisN': 2, 'thisTrialN': 2, 'thisRepN': 0}>
45.5558 	EXP 	word_one_2: autoDraw = False
45.5558 	EXP 	word_two_2: autoDraw = False
45.5558 	EXP 	word_three_2: autoDraw = False
45.5558 	EXP 	fixation_cross_2: autoDraw = True
45.5586 	DATA 	Keypress: 1
46.0657 	INFO 	Keyboard events cleared
46.0653 	EXP 	fixation_cross_2: autoDraw = False
46.0653 	EXP 	word_one_2: height = 0.05
46.0653 	EXP 	word_one_2: height = 0.05
46.0653 	EXP 	word_one_2: height = 0.05
46.0653 	EXP 	word_one_2: text = 'cheetah'
46.0653 	EXP 	word_two_2: height = 0.05
46.0653 	EXP 	word_two_2: height = 0.05
46.0653 	EXP 	word_two_2: height = 0.05
46.0653 	EXP 	word_two_2: text = 'dolphin'
46.0653 	EXP 	word_three_2: height = 0.05
46.0653 	EXP 	word_three_2: height = 0.05
46.0653 	EXP 	word_three_2: height = 0.05
46.0653 	EXP 	word_three_2: text = 'leopard'
46.0653 	EXP 	word_one_2: autoDraw = True
46.0653 	EXP 	word_two_2: autoDraw = True
46.0653 	EXP 	word_three_2: autoDraw = True
47.7332 	EXP 	New trial (rep=0, index=3): <Trial 3 (3 in rep 0) data={'stim1': 'car', 'stim2': 'bus', 'stim3': ' aeroplane', 'correctAns': 3, 'difficulty': 'medium', 'thisN': 3, 'thisTrialN': 3, 'thisRepN': 0}>
47.7370 	DATA 	Keypress: 2
47.7432 	EXP 	word_one_2: autoDraw = False
47.7432 	EXP 	word_two_2: autoDraw = False
47.7432 	EXP 	word_three_2: autoDraw = False
47.7432 	EXP 	fixation_cross_2: autoDraw = True
48.2512 	INFO 	Keyboard events cleared
48.2509 	EXP 	fixation_cross_2: autoDraw = False
48.2509 	EXP 	word_one_2: height = 0.05
48.2509 	EXP 	word_one_2: height = 0.05
48.2509 	EXP 	word_one_2: height = 0.05
48.2509 	EXP 	word_one_2: text = 'car'
48.2509 	EXP 	word_two_2: height = 0.05
48.2509 	EXP 	word_two_2: height = 0.05
48.2509 	EXP 	word_two_2: height = 0.05
48.2509 	EXP 	word_two_2: text = 'bus'
48.2509 	EXP 	word_three_2: height = 0.05
48.2509 	EXP 	word_three_2: height = 0.05
48.2509 	EXP 	word_three_2: height = 0.05
48.2509 	EXP 	word_three_2: text = ' aeroplane'
48.2509 	EXP 	word_one_2: autoDraw = True
48.2509 	EXP 	word_two_2: autoDraw = True
48.2509 	EXP 	word_three_2: autoDraw = True
49.1903 	EXP 	New trial (rep=0, index=4): <Trial 4 (4 in rep 0) data={'stim1': 'dog', 'stim2': 'car', 'stim3': 'cat', 'correctAns': 2, 'difficulty': 'easy', 'thisN': 4, 'thisTrialN': 4, 'thisRepN': 0}>
49.1926 	DATA 	Keypress: 3
49.2146 	EXP 	word_one_2: autoDraw = False
49.2146 	EXP 	word_two_2: autoDraw = False
49.2146 	EXP 	word_three_2: autoDraw = False
49.2146 	EXP 	fixation_cross_2: autoDraw = True
49.7151 	INFO 	Keyboard events cleared
49.7148 	EXP 	fixation_cross_2: autoDraw = False
49.7148 	EXP 	word_one_2: height = 0.05
49.7148 	EXP 	word_one_2: height = 0.05
49.7148 	EXP 	word_one_2: height = 0.05
49.7148 	EXP 	word_one_2: text = 'dog'
49.7148 	EXP 	word_two_2: height = 0.05
49.7148 	EXP 	word_two_2: height = 0.05
49.7148 	EXP 	word_two_2: height = 0.05
49.7148 	EXP 	word_two_2: text = 'car'
49.7148 	EXP 	word_three_2: height = 0.05
49.7148 	EXP 	word_three_2: height = 0.05
49.7148 	EXP 	word_three_2: height = 0.05
49.7148 	EXP 	word_three_2: text = 'cat'
49.7148 	EXP 	word_one_2: autoDraw = True
49.7148 	EXP 	word_two_2: autoDraw = True
49.7148 	EXP 	word_three_2: autoDraw = True
51.3001 	EXP 	New trial (rep=0, index=5): <Trial 5 (5 in rep 0) data={'stim1': 'sunflower', 'stim2': 'winter', 'stim3': 'rain', 'correctAns': 1, 'difficulty': 'easy', 'thisN': 5, 'thisTrialN': 5, 'thisRepN': 0}>
51.3025 	DATA 	Keypress: 2
51.3091 	EXP 	word_one_2: autoDraw = False
51.3091 	EXP 	word_two_2: autoDraw = False
51.3091 	EXP 	word_three_2: autoDraw = False
51.3091 	EXP 	fixation_cross_2: autoDraw = True
51.8133 	INFO 	Keyboard events cleared
51.8130 	EXP 	fixation_cross_2: autoDraw = False
51.8130 	EXP 	fixation_cross_2: autoDraw = False
51.8130 	EXP 	word_one_2: height = 0.05
51.8130 	EXP 	word_one_2: height = 0.05
51.8130 	EXP 	word_one_2: height = 0.05
51.8130 	EXP 	word_one_2: text = 'sunflower'
51.8130 	EXP 	word_two_2: height = 0.05
51.8130 	EXP 	word_two_2: height = 0.05
51.8130 	EXP 	word_two_2: height = 0.05
51.8130 	EXP 	word_two_2: text = 'winter'
51.8130 	EXP 	word_three_2: height = 0.05
51.8130 	EXP 	word_three_2: height = 0.05
51.8130 	EXP 	word_three_2: height = 0.05
51.8130 	EXP 	word_three_2: text = 'rain'
51.8130 	EXP 	word_one_2: autoDraw = True
51.8130 	EXP 	word_two_2: autoDraw = True
51.8130 	EXP 	word_three_2: autoDraw = True
52.5333 	EXP 	New trial (rep=0, index=6): <Trial 6 (6 in rep 0) data={'stim1': 'fish', 'stim2': 'bird', 'stim3': 'shark', 'correctAns': 2, 'difficulty': 'medium', 'thisN': 6, 'thisTrialN': 6, 'thisRepN': 0}>
52.5368 	DATA 	Keypress: 1
52.5428 	EXP 	word_one_2: autoDraw = False
52.5428 	EXP 	word_two_2: autoDraw = False
52.5428 	EXP 	word_three_2: autoDraw = False
52.5428 	EXP 	fixation_cross_2: autoDraw = True
53.0489 	INFO 	Keyboard events cleared
53.0486 	EXP 	fixation_cross_2: autoDraw = False
53.0486 	EXP 	fixation_cross_2: autoDraw = False
53.0486 	EXP 	word_one_2: height = 0.05
53.0486 	EXP 	word_one_2: height = 0.05
53.0486 	EXP 	word_one_2: height = 0.05
53.0486 	EXP 	word_one_2: text = 'fish'
53.0486 	EXP 	word_two_2: height = 0.05
53.0486 	EXP 	word_two_2: height = 0.05
53.0486 	EXP 	word_two_2: height = 0.05
53.0486 	EXP 	word_two_2: text = 'bird'
53.0486 	EXP 	word_three_2: height = 0.05
53.0486 	EXP 	word_three_2: height = 0.05
53.0486 	EXP 	word_three_2: height = 0.05
53.0486 	EXP 	word_three_2: text = 'shark'
53.0486 	EXP 	word_one_2: autoDraw = True
53.0486 	EXP 	word_two_2: autoDraw = True
53.0486 	EXP 	word_three_2: autoDraw = True
56.4997 	EXP 	New trial (rep=0, index=7): <Trial 7 (7 in rep 0) data={'stim1': 'rose', 'stim2': 'daisy', 'stim3': 'chair', 'correctAns': 3, 'difficulty': 'medium', 'thisN': 7, 'thisTrialN': 7, 'thisRepN': 0}>
56.5020 	DATA 	Keypress: 2
56.5076 	EXP 	word_one_2: autoDraw = False
56.5076 	EXP 	word_two_2: autoDraw = False
56.5076 	EXP 	word_three_2: autoDraw = False
56.5076 	EXP 	fixation_cross_2: autoDraw = True
57.0147 	INFO 	Keyboard events cleared
57.0144 	EXP 	fixation_cross_2: autoDraw = False
57.0144 	EXP 	fixation_cross_2: autoDraw = False
57.0144 	EXP 	word_one_2: height = 0.05
57.0144 	EXP 	word_one_2: height = 0.05
57.0144 	EXP 	word_one_2: height = 0.05
57.0144 	EXP 	word_one_2: text = 'rose'
57.0144 	EXP 	word_two_2: height = 0.05
57.0144 	EXP 	word_two_2: height = 0.05
57.0144 	EXP 	word_two_2: height = 0.05
57.0144 	EXP 	word_two_2: text = 'daisy'
57.0144 	EXP 	word_three_2: height = 0.05
57.0144 	EXP 	word_three_2: height = 0.05
57.0144 	EXP 	word_three_2: height = 0.05
57.0144 	EXP 	word_three_2: text = 'chair'
57.0144 	EXP 	word_one_2: autoDraw = True
57.0144 	EXP 	word_two_2: autoDraw = True
57.0144 	EXP 	word_three_2: autoDraw = True
58.2068 	EXP 	New trial (rep=0, index=8): <Trial 8 (8 in rep 0) data={'stim1': 'octopus ', 'stim2': 'penguin', 'stim3': 'squid', 'correctAns': 2, 'difficulty': 'hard', 'thisN': 8, 'thisTrialN': 8, 'thisRepN': 0}>
58.2090 	DATA 	Keypress: 3
58.2329 	EXP 	word_one_2: autoDraw = False
58.2329 	EXP 	word_two_2: autoDraw = False
58.2329 	EXP 	word_three_2: autoDraw = False
58.2329 	EXP 	fixation_cross_2: autoDraw = True
58.7329 	INFO 	Keyboard events cleared
58.7325 	EXP 	fixation_cross_2: autoDraw = False
58.7325 	EXP 	word_one_2: height = 0.05
58.7325 	EXP 	word_one_2: height = 0.05
58.7325 	EXP 	word_one_2: height = 0.05
58.7325 	EXP 	word_one_2: text = 'octopus '
58.7325 	EXP 	word_two_2: height = 0.05
58.7325 	EXP 	word_two_2: height = 0.05
58.7325 	EXP 	word_two_2: height = 0.05
58.7325 	EXP 	word_two_2: text = 'penguin'
58.7325 	EXP 	word_three_2: height = 0.05
58.7325 	EXP 	word_three_2: height = 0.05
58.7325 	EXP 	word_three_2: height = 0.05
58.7325 	EXP 	word_three_2: text = 'squid'
58.7325 	EXP 	word_one_2: autoDraw = True
58.7325 	EXP 	word_two_2: autoDraw = True
58.7325 	EXP 	word_three_2: autoDraw = True
61.4837 	EXP 	New trial (rep=0, index=9): <Trial 9 (9 in rep 0) data={'stim1': 'trumpet ', 'stim2': 'flute', 'stim3': 'violin', 'correctAns': 3, 'difficulty': 'hard', 'thisN': 9, 'thisTrialN': 9, 'thisRepN': 0}>
61.4860 	DATA 	Keypress: 2
61.4919 	EXP 	word_one_2: autoDraw = False
61.4919 	EXP 	word_two_2: autoDraw = False
61.4919 	EXP 	word_three_2: autoDraw = False
61.4919 	EXP 	fixation_cross_2: autoDraw = True
62.0000 	INFO 	Keyboard events cleared
61.9997 	EXP 	fixation_cross_2: autoDraw = False
61.9997 	EXP 	fixation_cross_2: autoDraw = False
61.9997 	EXP 	word_one_2: height = 0.05
61.9997 	EXP 	word_one_2: height = 0.05
61.9997 	EXP 	word_one_2: height = 0.05
61.9997 	EXP 	word_one_2: text = 'trumpet '
61.9997 	EXP 	word_two_2: height = 0.05
61.9997 	EXP 	word_two_2: height = 0.05
61.9997 	EXP 	word_two_2: height = 0.05
61.9997 	EXP 	word_two_2: text = 'flute'
61.9997 	EXP 	word_three_2: height = 0.05
61.9997 	EXP 	word_three_2: height = 0.05
61.9997 	EXP 	word_three_2: height = 0.05
61.9997 	EXP 	word_three_2: text = 'violin'
61.9997 	EXP 	word_one_2: autoDraw = True
61.9997 	EXP 	word_two_2: autoDraw = True
61.9997 	EXP 	word_three_2: autoDraw = True
64.7331 	EXP 	New trial (rep=0, index=10): <Trial 10 (10 in rep 0) data={'stim1': 'square', 'stim2': 'rectangle ', 'stim3': 'triangle', 'correctAns': 3, 'difficulty': 'medium', 'thisN': 10, 'thisTrialN': 10, 'thisRepN': 0}>
64.7360 	DATA 	Keypress: 3
64.7417 	EXP 	word_one_2: autoDraw = False
64.7417 	EXP 	word_two_2: autoDraw = False
64.7417 	EXP 	word_three_2: autoDraw = False
64.7417 	EXP 	fixation_cross_2: autoDraw = True
65.2495 	INFO 	Keyboard events cleared
65.2492 	EXP 	fixation_cross_2: autoDraw = False
65.2492 	EXP 	fixation_cross_2: autoDraw = False
65.2492 	EXP 	word_one_2: height = 0.05
65.2492 	EXP 	word_one_2: height = 0.05
65.2492 	EXP 	word_one_2: height = 0.05
65.2492 	EXP 	word_one_2: text = 'square'
65.2492 	EXP 	word_two_2: height = 0.05
65.2492 	EXP 	word_two_2: height = 0.05
65.2492 	EXP 	word_two_2: height = 0.05
65.2492 	EXP 	word_two_2: text = 'rectangle '
65.2492 	EXP 	word_three_2: height = 0.05
65.2492 	EXP 	word_three_2: height = 0.05
65.2492 	EXP 	word_three_2: height = 0.05
65.2492 	EXP 	word_three_2: text = 'triangle'
65.2492 	EXP 	word_one_2: autoDraw = True
65.2492 	EXP 	word_two_2: autoDraw = True
65.2492 	EXP 	word_three_2: autoDraw = True
69.3266 	EXP 	New trial (rep=0, index=11): <Trial 11 (11 in rep 0) data={'stim1': 'cat', 'stim2': 'dog', 'stim3': 'lion', 'correctAns': 2, 'difficulty': 'hard', 'thisN': 11, 'thisTrialN': 11, 'thisRepN': 0}>
69.3300 	DATA 	Keypress: 3
69.3371 	EXP 	word_one_2: autoDraw = False
69.3371 	EXP 	word_two_2: autoDraw = False
69.3371 	EXP 	word_three_2: autoDraw = False
69.3371 	EXP 	fixation_cross_2: autoDraw = True
69.8419 	INFO 	Keyboard events cleared
69.8416 	EXP 	fixation_cross_2: autoDraw = False
69.8416 	EXP 	fixation_cross_2: autoDraw = False
69.8416 	EXP 	word_one_2: height = 0.05
69.8416 	EXP 	word_one_2: height = 0.05
69.8416 	EXP 	word_one_2: height = 0.05
69.8416 	EXP 	word_one_2: text = 'cat'
69.8416 	EXP 	word_two_2: height = 0.05
69.8416 	EXP 	word_two_2: height = 0.05
69.8416 	EXP 	word_two_2: height = 0.05
69.8416 	EXP 	word_two_2: text = 'dog'
69.8416 	EXP 	word_three_2: height = 0.05
69.8416 	EXP 	word_three_2: height = 0.05
69.8416 	EXP 	word_three_2: height = 0.05
69.8416 	EXP 	word_three_2: text = 'lion'
69.8416 	EXP 	word_one_2: autoDraw = True
69.8416 	EXP 	word_two_2: autoDraw = True
69.8416 	EXP 	word_three_2: autoDraw = True
72.9498 	EXP 	New trial (rep=0, index=12): <Trial 12 (12 in rep 0) data={'stim1': 'sofa', 'stim2': 'table', 'stim3': 'lamp', 'correctAns': 3, 'difficulty': 'medium', 'thisN': 12, 'thisTrialN': 12, 'thisRepN': 0}>
72.9530 	DATA 	Keypress: 2
72.9594 	EXP 	word_one_2: autoDraw = False
72.9594 	EXP 	word_two_2: autoDraw = False
72.9594 	EXP 	word_three_2: autoDraw = False
72.9594 	EXP 	fixation_cross_2: autoDraw = True
73.4639 	INFO 	Keyboard events cleared
73.4636 	EXP 	fixation_cross_2: autoDraw = False
73.4636 	EXP 	fixation_cross_2: autoDraw = False
73.4636 	EXP 	word_one_2: height = 0.05
73.4636 	EXP 	word_one_2: height = 0.05
73.4636 	EXP 	word_one_2: height = 0.05
73.4636 	EXP 	word_one_2: text = 'sofa'
73.4636 	EXP 	word_two_2: height = 0.05
73.4636 	EXP 	word_two_2: height = 0.05
73.4636 	EXP 	word_two_2: height = 0.05
73.4636 	EXP 	word_two_2: text = 'table'
73.4636 	EXP 	word_three_2: height = 0.05
73.4636 	EXP 	word_three_2: height = 0.05
73.4636 	EXP 	word_three_2: height = 0.05
73.4636 	EXP 	word_three_2: text = 'lamp'
73.4636 	EXP 	word_one_2: autoDraw = True
73.4636 	EXP 	word_two_2: autoDraw = True
73.4636 	EXP 	word_three_2: autoDraw = True
79.6835 	EXP 	New trial (rep=0, index=13): <Trial 13 (13 in rep 0) data={'stim1': 'bicycle', 'stim2': 'apple ', 'stim3': 'train', 'correctAns': 2, 'difficulty': 'easy', 'thisN': 13, 'thisTrialN': 13, 'thisRepN': 0}>
79.6859 	DATA 	Keypress: 2
79.6922 	EXP 	word_one_2: autoDraw = False
79.6922 	EXP 	word_two_2: autoDraw = False
79.6922 	EXP 	word_three_2: autoDraw = False
79.6922 	EXP 	fixation_cross_2: autoDraw = True
80.1991 	INFO 	Keyboard events cleared
80.1988 	EXP 	fixation_cross_2: autoDraw = False
80.1988 	EXP 	fixation_cross_2: autoDraw = False
80.1988 	EXP 	word_one_2: height = 0.05
80.1988 	EXP 	word_one_2: height = 0.05
80.1988 	EXP 	word_one_2: height = 0.05
80.1988 	EXP 	word_one_2: text = 'bicycle'
80.1988 	EXP 	word_two_2: height = 0.05
80.1988 	EXP 	word_two_2: height = 0.05
80.1988 	EXP 	word_two_2: height = 0.05
80.1988 	EXP 	word_two_2: text = 'apple '
80.1988 	EXP 	word_three_2: height = 0.05
80.1988 	EXP 	word_three_2: height = 0.05
80.1988 	EXP 	word_three_2: height = 0.05
80.1988 	EXP 	word_three_2: text = 'train'
80.1988 	EXP 	word_one_2: autoDraw = True
80.1988 	EXP 	word_two_2: autoDraw = True
80.1988 	EXP 	word_three_2: autoDraw = True
83.7327 	EXP 	New trial (rep=0, index=14): <Trial 14 (14 in rep 0) data={'stim1': 'apple', 'stim2': 'banana', 'stim3': 'pencil', 'correctAns': 3, 'difficulty': 'easy', 'thisN': 14, 'thisTrialN': 14, 'thisRepN': 0}>
83.7392 	EXP 	word_one_2: autoDraw = False
83.7392 	EXP 	word_two_2: autoDraw = False
83.7392 	EXP 	word_three_2: autoDraw = False
83.7392 	EXP 	fixation_cross_2: autoDraw = True
83.7426 	DATA 	Keypress: 2
84.2492 	INFO 	Keyboard events cleared
84.2489 	EXP 	fixation_cross_2: autoDraw = False
84.2489 	EXP 	fixation_cross_2: autoDraw = False
84.2489 	EXP 	word_one_2: height = 0.05
84.2489 	EXP 	word_one_2: height = 0.05
84.2489 	EXP 	word_one_2: height = 0.05
84.2489 	EXP 	word_one_2: text = 'apple'
84.2489 	EXP 	word_two_2: height = 0.05
84.2489 	EXP 	word_two_2: height = 0.05
84.2489 	EXP 	word_two_2: height = 0.05
84.2489 	EXP 	word_two_2: text = 'banana'
84.2489 	EXP 	word_three_2: height = 0.05
84.2489 	EXP 	word_three_2: height = 0.05
84.2489 	EXP 	word_three_2: height = 0.05
84.2489 	EXP 	word_three_2: text = 'pencil'
84.2489 	EXP 	word_one_2: autoDraw = True
84.2489 	EXP 	word_two_2: autoDraw = True
84.2489 	EXP 	word_three_2: autoDraw = True
85.2772 	DATA 	Keypress: 3
85.2842 	EXP 	word_one_2: autoDraw = False
85.2842 	EXP 	word_two_2: autoDraw = False
85.2842 	EXP 	word_three_2: autoDraw = False
85.2842 	EXP 	text_2: autoDraw = True
87.2822 	EXP 	text_2: autoDraw = False
87.2822 	EXP 	text_2: autoDraw = False
87.2824 	EXP 	OddOneOut_Experiment: status = STOPPED
87.3032 	INFO 	saved data to '/Users/purvajhunjhunwala/Desktop/solo project/data/179660_OddOneOut_Experiment_2024-12-06_10h48.06.095.csv'
87.3071 	INFO 	saved data to /Users/purvajhunjhunwala/Desktop/solo project/data/179660_OddOneOut_Experiment_2024-12-06_10h48.06.095.psydat
87.8955 	EXP 	window1: mouseVisible = True
87.9228 	WARNING 	Stopping key buffers but this could be dangerous ifother keyboards rely on the same.
87.9229 	WARNING 	Stopping key buffers but this could be dangerous ifother keyboards rely on the same.
87.9229 	WARNING 	Stopping key buffers but this could be dangerous ifother keyboards rely on the same.
87.9230 	WARNING 	Stopping key buffers but this could be dangerous ifother keyboards rely on the same.
