27.8499 	WARNING 	/Library/Fonts/FontsFree-Net-Anitha.ttf doesn't have valid font family name
29.2987 	WARNING 	/Library/Fonts/FontsFree-Net-Anitha.ttf doesn't have valid font family name
42.4334 	INFO 	Loaded monitor calibration from ['2024_08_05 14:42']
42.7775 	EXP 	Created window1 = Window(allowGUI=True, allowStencil=False, autoLog=True, backendConf=UNKNOWN, backgroundFit=<method-wrapper '__getattribute__' of attributeSetter object at 0x12fe11d50>, backgroundImage=<method-wrapper '__getattribute__' of attributeSetter object at 0x12fe11cf0>, bitsMode=UNKNOWN, blendMode='avg', bpc=(8, 8, 8), color=array([0, 0, 0]), colorSpace='rgb', depthBits=8, fullscr=<method-wrapper '__getattribute__' of attributeSetter object at 0x12fe11b10>, gamma=None, gammaErrorPolicy='raise', infoMsg=UNKNOWN, lms=UNKNOWN, monitor=<psychopy.monitors.calibTools.Monitor object at 0x12fe05360>, multiSample=False, name='window1', numSamples=2, pos=[360.0, 225.0], screen=0, size=array([2880, 1800]), stencilBits=0, stereo=False, title='PsychoPy', units='height', useFBO=True, useRetina=True, viewOri=0.0, viewPos=None, viewScale=None, waitBlanking=True, winType='pyglet')
42.7776 	EXP 	window1: backgroundImage = ''
42.7776 	EXP 	window1: backgroundFit = 'none'
42.7779 	EXP 	window1: mouseVisible = <method-wrapper '__getattribute__' of attributeSetter object at 0x12fe11e70>
42.7781 	EXP 	window1: mouseVisible = <method-wrapper '__getattribute__' of attributeSetter object at 0x12fe11e70>
42.7827 	EXP 	window1: mouseVisible = <method-wrapper '__getattribute__' of attributeSetter object at 0x12fe11e70>
42.7835 	EXP 	window1: mouseVisible = <method-wrapper '__getattribute__' of attributeSetter object at 0x12fe11e70>
42.8265 	EXP 	window1: mouseVisible = <method-wrapper '__getattribute__' of attributeSetter object at 0x12fe11e70>
42.8267 	EXP 	window1: mouseVisible = <method-wrapper '__getattribute__' of attributeSetter object at 0x12fe11e70>
42.8276 	EXP 	window1: mouseVisible = <method-wrapper '__getattribute__' of attributeSetter object at 0x12fe11e70>
42.8284 	EXP 	window1: mouseVisible = <method-wrapper '__getattribute__' of attributeSetter object at 0x12fe11e70>
42.8431 	EXP 	window1: Attempting to measure frame rate of screen (0) ...
42.8431 	EXP 	window1: recordFrameIntervals = False
43.2804 	EXP 	window1: recordFrameIntervals = True
43.7935 	WARNING 	t of last frame was 23.85ms (=1/41)
43.8440 	WARNING 	t of last frame was 24.98ms (=1/40)
44.4637 	WARNING 	Couldn't measure a consistent frame rate!
  - Is your graphics card set to sync to vertical blank?
  - Are you running other processes on your computer?

44.4639 	EXP 	window1: mouseVisible = True
46.4484 	INFO 	keyboard.Keyboard is using ptb backend.
46.7058 	INFO 	keyboard.Keyboard is using ptb backend.
46.9659 	INFO 	keyboard.Keyboard is using ptb backend.
47.2225 	INFO 	keyboard.Keyboard is using ptb backend.
47.2226 	EXP 	OddOneOut_Experiment: status = STARTED
47.2231 	EXP 	window1: mouseVisible = True
47.3170 	EXP 	Created instruction_text = TextStim(__class__=<class 'psychopy.visual.text.TextStim'>, alignHoriz=method-wrapper(...), alignText='center', alignVert=method-wrapper(...), anchorHoriz='center', anchorVert='center', antialias=True, autoDraw=False, autoLog=True, bold=False, color=array([1., 1., 1.]), colorSpace='rgb', contrast=1.0, depth=0.0, draggable=False, flipHoriz=False, flipVert=False, font='Arial', fontFiles=[], height=0.05, italic=False, languageStyle='LTR', name='instruction_text', opacity=1, ori=0.0, pos=array([0., 0.]), rgb=UNKNOWN, text=str(...), units='height', win=Window(...), wrapWidth=1.5)
47.3172 	EXP 	window1: mouseVisible = True
47.3205 	EXP 	Created fixation_cross = TextStim(__class__=<class 'psychopy.visual.text.TextStim'>, alignHoriz=method-wrapper(...), alignText='center', alignVert=method-wrapper(...), anchorHoriz='center', anchorVert='center', antialias=True, autoDraw=False, autoLog=True, bold=False, color=array([1., 1., 1.]), colorSpace='rgb', contrast=1.0, depth=0.0, draggable=False, flipHoriz=False, flipVert=False, font='Arial', fontFiles=[], height=0.05, italic=False, languageStyle='LTR', name='fixation_cross', opacity=1, ori=0.0, pos=array([0., 0.]), rgb=UNKNOWN, text='+', units='height', win=Window(...), wrapWidth=1)
47.3207 	EXP 	window1: mouseVisible = True
47.3217 	EXP 	Created word_one = TextStim(__class__=<class 'psychopy.visual.text.TextStim'>, alignHoriz=method-wrapper(...), alignText='center', alignVert=method-wrapper(...), anchorHoriz='center', anchorVert='center', antialias=True, autoDraw=False, autoLog=True, bold=False, color=array([1., 1., 1.]), colorSpace='rgb', contrast=1.0, depth=-1.0, draggable=False, flipHoriz=False, flipVert=False, font='Arial', fontFiles=[], height=0.05, italic=False, languageStyle='LTR', name='word_one', opacity=1, ori=0.0, pos=array([-0.3,  0. ]), rgb=UNKNOWN, text='', units='height', win=Window(...), wrapWidth=1)
47.3218 	EXP 	window1: mouseVisible = True
47.3227 	EXP 	Created word_two = TextStim(__class__=<class 'psychopy.visual.text.TextStim'>, alignHoriz=method-wrapper(...), alignText='center', alignVert=method-wrapper(...), anchorHoriz='center', anchorVert='center', antialias=True, autoDraw=False, autoLog=True, bold=False, color=array([1., 1., 1.]), colorSpace='rgb', contrast=1.0, depth=-2.0, draggable=False, flipHoriz=False, flipVert=False, font='Arial', fontFiles=[], height=0.05, italic=False, languageStyle='LTR', name='word_two', opacity=1, ori=0.0, pos=array([0., 0.]), rgb=UNKNOWN, text='', units='height', win=Window(...), wrapWidth=1)
47.3228 	EXP 	window1: mouseVisible = True
47.3237 	EXP 	Created word_three = TextStim(__class__=<class 'psychopy.visual.text.TextStim'>, alignHoriz=method-wrapper(...), alignText='center', alignVert=method-wrapper(...), anchorHoriz='center', anchorVert='center', antialias=True, autoDraw=False, autoLog=True, bold=False, color=array([1., 1., 1.]), colorSpace='rgb', contrast=1.0, depth=-3.0, draggable=False, flipHoriz=False, flipVert=False, font='Arial', fontFiles=[], height=0.05, italic=False, languageStyle='LTR', name='word_three', opacity=1, ori=0.0, pos=array([0.3, 0. ]), rgb=UNKNOWN, text='', units='height', win=Window(...), wrapWidth=1)
47.3239 	EXP 	window1: mouseVisible = True
47.3303 	EXP 	Created text = TextStim(__class__=<class 'psychopy.visual.text.TextStim'>, alignHoriz=method-wrapper(...), alignText='center', alignVert=method-wrapper(...), anchorHoriz='center', anchorVert='center', antialias=True, autoDraw=False, autoLog=True, bold=False, color=array([1., 1., 1.]), colorSpace='rgb', contrast=1.0, depth=0.0, draggable=False, flipHoriz=False, flipVert=False, font='Arial', fontFiles=[], height=0.05, italic=False, languageStyle='LTR', name='text', opacity=1, ori=0.0, pos=array([0., 0.]), rgb=UNKNOWN, text=str(...), units='height', win=Window(...), wrapWidth=1)
47.3304 	EXP 	window1: mouseVisible = True
47.3400 	EXP 	Created text_countdown = TextStim(__class__=<class 'psychopy.visual.text.TextStim'>, alignHoriz=method-wrapper(...), alignText='center', alignVert=method-wrapper(...), anchorHoriz='center', anchorVert='center', antialias=True, autoDraw=False, autoLog=True, bold=False, color=array([1., 1., 1.]), colorSpace='rgb', contrast=1.0, depth=0.0, draggable=False, flipHoriz=False, flipVert=False, font='Open Sans', fontFiles=[], height=0.1, italic=False, languageStyle='LTR', name='text_countdown', opacity=1, ori=0.0, pos=array([0., 0.]), rgb=UNKNOWN, text='', units='height', win=Window(...), wrapWidth=1)
47.3402 	EXP 	window1: mouseVisible = True
47.3426 	EXP 	Created fixation_cross_2 = TextStim(__class__=<class 'psychopy.visual.text.TextStim'>, alignHoriz=method-wrapper(...), alignText='center', alignVert=method-wrapper(...), anchorHoriz='center', anchorVert='center', antialias=True, autoDraw=False, autoLog=True, bold=False, color=array([1., 1., 1.]), colorSpace='rgb', contrast=1.0, depth=0.0, draggable=False, flipHoriz=False, flipVert=False, font='Arial', fontFiles=[], height=0.05, italic=False, languageStyle='LTR', name='fixation_cross_2', opacity=1, ori=0.0, pos=array([0., 0.]), rgb=UNKNOWN, text='+', units='height', win=Window(...), wrapWidth=1)
47.3428 	EXP 	window1: mouseVisible = True
47.3437 	EXP 	Created word_one_2 = TextStim(__class__=<class 'psychopy.visual.text.TextStim'>, alignHoriz=method-wrapper(...), alignText='center', alignVert=method-wrapper(...), anchorHoriz='center', anchorVert='center', antialias=True, autoDraw=False, autoLog=True, bold=False, color=array([1., 1., 1.]), colorSpace='rgb', contrast=1.0, depth=-1.0, draggable=False, flipHoriz=False, flipVert=False, font='Arial', fontFiles=[], height=0.05, italic=False, languageStyle='LTR', name='word_one_2', opacity=1, ori=0.0, pos=array([-0.3,  0. ]), rgb=UNKNOWN, text='', units='height', win=Window(...), wrapWidth=1)
47.3438 	EXP 	window1: mouseVisible = True
47.3447 	EXP 	Created word_two_2 = TextStim(__class__=<class 'psychopy.visual.text.TextStim'>, alignHoriz=method-wrapper(...), alignText='center', alignVert=method-wrapper(...), anchorHoriz='center', anchorVert='center', antialias=True, autoDraw=False, autoLog=True, bold=False, color=array([1., 1., 1.]), colorSpace='rgb', contrast=1.0, depth=-2.0, draggable=False, flipHoriz=False, flipVert=False, font='Arial', fontFiles=[], height=0.05, italic=False, languageStyle='LTR', name='word_two_2', opacity=1, ori=0.0, pos=array([0., 0.]), rgb=UNKNOWN, text='', units='height', win=Window(...), wrapWidth=1)
47.3448 	EXP 	window1: mouseVisible = True
47.3457 	EXP 	Created word_three_2 = TextStim(__class__=<class 'psychopy.visual.text.TextStim'>, alignHoriz=method-wrapper(...), alignText='center', alignVert=method-wrapper(...), anchorHoriz='center', anchorVert='center', antialias=True, autoDraw=False, autoLog=True, bold=False, color=array([1., 1., 1.]), colorSpace='rgb', contrast=1.0, depth=-3.0, draggable=False, flipHoriz=False, flipVert=False, font='Arial', fontFiles=[], height=0.05, italic=False, languageStyle='LTR', name='word_three_2', opacity=1, ori=0.0, pos=array([0.3, 0. ]), rgb=UNKNOWN, text='', units='height', win=Window(...), wrapWidth=1)
47.3459 	EXP 	window1: mouseVisible = True
47.3511 	EXP 	Created text_2 = TextStim(__class__=<class 'psychopy.visual.text.TextStim'>, alignHoriz=method-wrapper(...), alignText='center', alignVert=method-wrapper(...), anchorHoriz='center', anchorVert='center', antialias=True, autoDraw=False, autoLog=True, bold=False, color=array([1., 1., 1.]), colorSpace='rgb', contrast=1.0, depth=0.0, draggable=False, flipHoriz=False, flipVert=False, font='Arial', fontFiles=[], height=0.05, italic=False, languageStyle='LTR', name='text_2', opacity=1, ori=0.0, pos=array([0., 0.]), rgb=UNKNOWN, text='Thank you for participating. :)', units='height', win=Window(...), wrapWidth=1)
0.0239 	INFO 	Keyboard events cleared
0.0236 	EXP 	instruction_text: autoDraw = True
1.2445 	EXP 	Imported stimwords.xlsx as conditions, 15 conditions, 5 params
1.2453 	EXP 	New trial (rep=0, index=0): <Trial 0 (0 in rep 0) data={'stim1': 'sunflower', 'stim2': 'winter', 'stim3': 'rain', 'correctAns': 1, 'difficulty': 'easy', 'thisN': 0, 'thisTrialN': 0, 'thisRepN': 0}>
1.2589 	DATA 	Keypress: space
1.2677 	WARNING 	t of last frame was 257.81ms (=1/3)
1.2677 	EXP 	instruction_text: autoDraw = False
1.2677 	EXP 	fixation_cross: autoDraw = True
1.7555 	INFO 	Keyboard events cleared
1.7551 	WARNING 	t of last frame was 22.26ms (=1/44)
1.7551 	EXP 	fixation_cross: autoDraw = False
1.7551 	EXP 	word_one: height = 0.05
1.7551 	EXP 	word_one: height = 0.05
1.7551 	EXP 	word_one: height = 0.05
1.7551 	EXP 	word_one: text = 'sunflower'
1.7551 	EXP 	word_two: height = 0.05
1.7551 	EXP 	word_two: height = 0.05
1.7551 	EXP 	word_two: height = 0.05
1.7551 	EXP 	word_two: text = 'winter'
1.7551 	EXP 	word_three: height = 0.05
1.7551 	EXP 	word_three: height = 0.05
1.7551 	EXP 	word_three: height = 0.05
1.7551 	EXP 	word_three: text = 'rain'
1.7551 	EXP 	word_one: autoDraw = True
1.7551 	EXP 	word_two: autoDraw = True
1.7551 	EXP 	word_three: autoDraw = True
1.9268 	WARNING 	Multiple dropped frames have occurred - I'll stop bothering you about them!
3.7187 	EXP 	New trial (rep=0, index=1): <Trial 1 (1 in rep 0) data={'stim1': 'apple', 'stim2': 'banana', 'stim3': 'pencil', 'correctAns': 3, 'difficulty': 'easy', 'thisN': 1, 'thisTrialN': 1, 'thisRepN': 0}>
3.7269 	EXP 	word_one: autoDraw = False
3.7269 	EXP 	word_two: autoDraw = False
3.7269 	EXP 	word_three: autoDraw = False
3.7269 	EXP 	fixation_cross: autoDraw = True
3.7300 	DATA 	Keypress: 1
4.2266 	EXP 	fixation_cross: autoDraw = False
4.2266 	EXP 	fixation_cross: autoDraw = False
4.2266 	EXP 	word_one: height = 0.05
4.2266 	EXP 	word_one: height = 0.05
4.2266 	EXP 	word_one: height = 0.05
4.2266 	EXP 	word_one: text = 'apple'
4.2266 	EXP 	word_two: height = 0.05
4.2266 	EXP 	word_two: height = 0.05
4.2266 	EXP 	word_two: height = 0.05
4.2266 	EXP 	word_two: text = 'banana'
4.2266 	EXP 	word_three: height = 0.05
4.2266 	EXP 	word_three: height = 0.05
4.2266 	EXP 	word_three: height = 0.05
4.2266 	EXP 	word_three: text = 'pencil'
4.2346 	INFO 	Keyboard events cleared
4.2344 	EXP 	word_one: autoDraw = True
4.2344 	EXP 	word_two: autoDraw = True
4.2344 	EXP 	word_three: autoDraw = True
5.2532 	EXP 	New trial (rep=0, index=2): <Trial 2 (2 in rep 0) data={'stim1': 'sofa', 'stim2': 'table', 'stim3': 'lamp', 'correctAns': 3, 'difficulty': 'medium', 'thisN': 2, 'thisTrialN': 2, 'thisRepN': 0}>
5.2609 	EXP 	word_one: autoDraw = False
5.2609 	EXP 	word_two: autoDraw = False
5.2609 	EXP 	word_three: autoDraw = False
5.2609 	EXP 	fixation_cross: autoDraw = True
5.2633 	DATA 	Keypress: 3
5.7650 	INFO 	Keyboard events cleared
5.7647 	EXP 	fixation_cross: autoDraw = False
5.7647 	EXP 	fixation_cross: autoDraw = False
5.7647 	EXP 	word_one: height = 0.05
5.7647 	EXP 	word_one: height = 0.05
5.7647 	EXP 	word_one: height = 0.05
5.7647 	EXP 	word_one: text = 'sofa'
5.7647 	EXP 	word_two: height = 0.05
5.7647 	EXP 	word_two: height = 0.05
5.7647 	EXP 	word_two: height = 0.05
5.7647 	EXP 	word_two: text = 'table'
5.7647 	EXP 	word_three: height = 0.05
5.7647 	EXP 	word_three: height = 0.05
5.7647 	EXP 	word_three: height = 0.05
5.7647 	EXP 	word_three: text = 'lamp'
5.7647 	EXP 	word_one: autoDraw = True
5.7647 	EXP 	word_two: autoDraw = True
5.7647 	EXP 	word_three: autoDraw = True
7.7429 	EXP 	New trial (rep=0, index=3): <Trial 3 (3 in rep 0) data={'stim1': 'cat', 'stim2': 'dog', 'stim3': 'lion', 'correctAns': 2, 'difficulty': 'hard', 'thisN': 3, 'thisTrialN': 3, 'thisRepN': 0}>
7.7611 	EXP 	word_one: autoDraw = False
7.7611 	EXP 	word_two: autoDraw = False
7.7611 	EXP 	word_three: autoDraw = False
7.7611 	EXP 	fixation_cross: autoDraw = True
8.2675 	INFO 	Keyboard events cleared
8.2672 	EXP 	fixation_cross: autoDraw = False
8.2672 	EXP 	fixation_cross: autoDraw = False
8.2672 	EXP 	word_one: height = 0.05
8.2672 	EXP 	word_one: height = 0.05
8.2672 	EXP 	word_one: height = 0.05
8.2672 	EXP 	word_one: text = 'cat'
8.2672 	EXP 	word_two: height = 0.05
8.2672 	EXP 	word_two: height = 0.05
8.2672 	EXP 	word_two: height = 0.05
8.2672 	EXP 	word_two: text = 'dog'
8.2672 	EXP 	word_three: height = 0.05
8.2672 	EXP 	word_three: height = 0.05
8.2672 	EXP 	word_three: height = 0.05
8.2672 	EXP 	word_three: text = 'lion'
8.2672 	EXP 	word_one: autoDraw = True
8.2672 	EXP 	word_two: autoDraw = True
8.2672 	EXP 	word_three: autoDraw = True
9.3942 	EXP 	New trial (rep=0, index=4): <Trial 4 (4 in rep 0) data={'stim1': 'pluto', 'stim2': 'earth', 'stim3': 'mars', 'correctAns': 1, 'difficulty': 'hard', 'thisN': 4, 'thisTrialN': 4, 'thisRepN': 0}>
9.3976 	DATA 	Keypress: 2
9.4040 	EXP 	word_one: autoDraw = False
9.4040 	EXP 	word_two: autoDraw = False
9.4040 	EXP 	word_three: autoDraw = False
9.4040 	EXP 	fixation_cross: autoDraw = True
9.9098 	INFO 	Keyboard events cleared
9.9095 	EXP 	fixation_cross: autoDraw = False
9.9095 	EXP 	fixation_cross: autoDraw = False
9.9095 	EXP 	word_one: height = 0.05
9.9095 	EXP 	word_one: height = 0.05
9.9095 	EXP 	word_one: height = 0.05
9.9095 	EXP 	word_one: text = 'pluto'
9.9095 	EXP 	word_two: height = 0.05
9.9095 	EXP 	word_two: height = 0.05
9.9095 	EXP 	word_two: height = 0.05
9.9095 	EXP 	word_two: text = 'earth'
9.9095 	EXP 	word_three: height = 0.05
9.9095 	EXP 	word_three: height = 0.05
9.9095 	EXP 	word_three: height = 0.05
9.9095 	EXP 	word_three: text = 'mars'
9.9095 	EXP 	word_one: autoDraw = True
9.9095 	EXP 	word_two: autoDraw = True
9.9095 	EXP 	word_three: autoDraw = True
11.4189 	EXP 	New trial (rep=0, index=5): <Trial 5 (5 in rep 0) data={'stim1': 'octopus ', 'stim2': 'penguin', 'stim3': 'squid', 'correctAns': 2, 'difficulty': 'hard', 'thisN': 5, 'thisTrialN': 5, 'thisRepN': 0}>
11.4212 	DATA 	Keypress: 1
11.4290 	EXP 	word_one: autoDraw = False
11.4290 	EXP 	word_two: autoDraw = False
11.4290 	EXP 	word_three: autoDraw = False
11.4290 	EXP 	fixation_cross: autoDraw = True
11.9378 	INFO 	Keyboard events cleared
11.9376 	EXP 	fixation_cross: autoDraw = False
11.9376 	EXP 	fixation_cross: autoDraw = False
11.9376 	EXP 	word_one: height = 0.05
11.9376 	EXP 	word_one: height = 0.05
11.9376 	EXP 	word_one: height = 0.05
11.9376 	EXP 	word_one: text = 'octopus '
11.9376 	EXP 	word_two: height = 0.05
11.9376 	EXP 	word_two: height = 0.05
11.9376 	EXP 	word_two: height = 0.05
11.9376 	EXP 	word_two: text = 'penguin'
11.9376 	EXP 	word_three: height = 0.05
11.9376 	EXP 	word_three: height = 0.05
11.9376 	EXP 	word_three: height = 0.05
11.9376 	EXP 	word_three: text = 'squid'
11.9376 	EXP 	word_one: autoDraw = True
11.9376 	EXP 	word_two: autoDraw = True
11.9376 	EXP 	word_three: autoDraw = True
13.2190 	EXP 	New trial (rep=0, index=6): <Trial 6 (6 in rep 0) data={'stim1': 'trumpet ', 'stim2': 'flute', 'stim3': 'violin', 'correctAns': 3, 'difficulty': 'hard', 'thisN': 6, 'thisTrialN': 6, 'thisRepN': 0}>
13.2214 	DATA 	Keypress: 2
13.2291 	EXP 	word_one: autoDraw = False
13.2291 	EXP 	word_two: autoDraw = False
13.2291 	EXP 	word_three: autoDraw = False
13.2291 	EXP 	fixation_cross: autoDraw = True
13.7374 	INFO 	Keyboard events cleared
13.7372 	EXP 	fixation_cross: autoDraw = False
13.7372 	EXP 	fixation_cross: autoDraw = False
13.7372 	EXP 	word_one: height = 0.05
13.7372 	EXP 	word_one: height = 0.05
13.7372 	EXP 	word_one: height = 0.05
13.7372 	EXP 	word_one: text = 'trumpet '
13.7372 	EXP 	word_two: height = 0.05
13.7372 	EXP 	word_two: height = 0.05
13.7372 	EXP 	word_two: height = 0.05
13.7372 	EXP 	word_two: text = 'flute'
13.7372 	EXP 	word_three: height = 0.05
13.7372 	EXP 	word_three: height = 0.05
13.7372 	EXP 	word_three: height = 0.05
13.7372 	EXP 	word_three: text = 'violin'
13.7372 	EXP 	word_one: autoDraw = True
13.7372 	EXP 	word_two: autoDraw = True
13.7372 	EXP 	word_three: autoDraw = True
14.7765 	EXP 	New trial (rep=0, index=7): <Trial 7 (7 in rep 0) data={'stim1': 'fish', 'stim2': 'bird', 'stim3': 'shark', 'correctAns': 2, 'difficulty': 'medium', 'thisN': 7, 'thisTrialN': 7, 'thisRepN': 0}>
14.7788 	DATA 	Keypress: 3
14.7929 	EXP 	word_one: autoDraw = False
14.7929 	EXP 	word_two: autoDraw = False
14.7929 	EXP 	word_three: autoDraw = False
14.7929 	EXP 	fixation_cross: autoDraw = True
15.2957 	INFO 	Keyboard events cleared
15.2955 	EXP 	fixation_cross: autoDraw = False
15.2955 	EXP 	word_one: height = 0.05
15.2955 	EXP 	word_one: height = 0.05
15.2955 	EXP 	word_one: height = 0.05
15.2955 	EXP 	word_one: text = 'fish'
15.2955 	EXP 	word_two: height = 0.05
15.2955 	EXP 	word_two: height = 0.05
15.2955 	EXP 	word_two: height = 0.05
15.2955 	EXP 	word_two: text = 'bird'
15.2955 	EXP 	word_three: height = 0.05
15.2955 	EXP 	word_three: height = 0.05
15.2955 	EXP 	word_three: height = 0.05
15.2955 	EXP 	word_three: text = 'shark'
15.2955 	EXP 	word_one: autoDraw = True
15.2955 	EXP 	word_two: autoDraw = True
15.2955 	EXP 	word_three: autoDraw = True
17.0455 	EXP 	New trial (rep=0, index=8): <Trial 8 (8 in rep 0) data={'stim1': 'bicycle', 'stim2': 'apple ', 'stim3': 'train', 'correctAns': 2, 'difficulty': 'easy', 'thisN': 8, 'thisTrialN': 8, 'thisRepN': 0}>
17.0488 	DATA 	Keypress: 2
17.0561 	EXP 	word_one: autoDraw = False
17.0561 	EXP 	word_two: autoDraw = False
17.0561 	EXP 	word_three: autoDraw = False
17.0561 	EXP 	fixation_cross: autoDraw = True
17.5605 	INFO 	Keyboard events cleared
17.5601 	EXP 	fixation_cross: autoDraw = False
17.5601 	EXP 	fixation_cross: autoDraw = False
17.5601 	EXP 	word_one: height = 0.05
17.5601 	EXP 	word_one: height = 0.05
17.5601 	EXP 	word_one: height = 0.05
17.5601 	EXP 	word_one: text = 'bicycle'
17.5601 	EXP 	word_two: height = 0.05
17.5601 	EXP 	word_two: height = 0.05
17.5601 	EXP 	word_two: height = 0.05
17.5601 	EXP 	word_two: text = 'apple '
17.5601 	EXP 	word_three: height = 0.05
17.5601 	EXP 	word_three: height = 0.05
17.5601 	EXP 	word_three: height = 0.05
17.5601 	EXP 	word_three: text = 'train'
17.5601 	EXP 	word_one: autoDraw = True
17.5601 	EXP 	word_two: autoDraw = True
17.5601 	EXP 	word_three: autoDraw = True
19.0279 	EXP 	New trial (rep=0, index=9): <Trial 9 (9 in rep 0) data={'stim1': 'rose', 'stim2': 'daisy', 'stim3': 'chair', 'correctAns': 3, 'difficulty': 'medium', 'thisN': 9, 'thisTrialN': 9, 'thisRepN': 0}>
19.0302 	DATA 	Keypress: 3
19.0359 	EXP 	word_one: autoDraw = False
19.0359 	EXP 	word_two: autoDraw = False
19.0359 	EXP 	word_three: autoDraw = False
19.0359 	EXP 	fixation_cross: autoDraw = True
19.5434 	INFO 	Keyboard events cleared
19.5431 	EXP 	fixation_cross: autoDraw = False
19.5431 	EXP 	fixation_cross: autoDraw = False
19.5431 	EXP 	word_one: height = 0.05
19.5431 	EXP 	word_one: height = 0.05
19.5431 	EXP 	word_one: height = 0.05
19.5431 	EXP 	word_one: text = 'rose'
19.5431 	EXP 	word_two: height = 0.05
19.5431 	EXP 	word_two: height = 0.05
19.5431 	EXP 	word_two: height = 0.05
19.5431 	EXP 	word_two: text = 'daisy'
19.5431 	EXP 	word_three: height = 0.05
19.5431 	EXP 	word_three: height = 0.05
19.5431 	EXP 	word_three: height = 0.05
19.5431 	EXP 	word_three: text = 'chair'
19.5431 	EXP 	word_one: autoDraw = True
19.5431 	EXP 	word_two: autoDraw = True
19.5431 	EXP 	word_three: autoDraw = True
21.5179 	EXP 	New trial (rep=0, index=10): <Trial 10 (10 in rep 0) data={'stim1': 'dog', 'stim2': 'car', 'stim3': 'cat', 'correctAns': 2, 'difficulty': 'easy', 'thisN': 10, 'thisTrialN': 10, 'thisRepN': 0}>
21.5270 	EXP 	word_one: autoDraw = False
21.5270 	EXP 	word_two: autoDraw = False
21.5270 	EXP 	word_three: autoDraw = False
21.5270 	EXP 	fixation_cross: autoDraw = True
21.5330 	DATA 	Keypress: 3
22.0289 	INFO 	Keyboard events cleared
22.0285 	EXP 	fixation_cross: autoDraw = False
22.0285 	EXP 	fixation_cross: autoDraw = False
22.0285 	EXP 	word_one: height = 0.05
22.0285 	EXP 	word_one: height = 0.05
22.0285 	EXP 	word_one: height = 0.05
22.0285 	EXP 	word_one: text = 'dog'
22.0285 	EXP 	word_two: height = 0.05
22.0285 	EXP 	word_two: height = 0.05
22.0285 	EXP 	word_two: height = 0.05
22.0285 	EXP 	word_two: text = 'car'
22.0285 	EXP 	word_three: height = 0.05
22.0285 	EXP 	word_three: height = 0.05
22.0285 	EXP 	word_three: height = 0.05
22.0285 	EXP 	word_three: text = 'cat'
22.0285 	EXP 	word_one: autoDraw = True
22.0285 	EXP 	word_two: autoDraw = True
22.0285 	EXP 	word_three: autoDraw = True
23.9199 	EXP 	New trial (rep=0, index=11): <Trial 11 (11 in rep 0) data={'stim1': 'square', 'stim2': 'rectangle ', 'stim3': 'triangle', 'correctAns': 3, 'difficulty': 'medium', 'thisN': 11, 'thisTrialN': 11, 'thisRepN': 0}>
23.9275 	EXP 	word_one: autoDraw = False
23.9275 	EXP 	word_two: autoDraw = False
23.9275 	EXP 	word_three: autoDraw = False
23.9275 	EXP 	fixation_cross: autoDraw = True
23.9298 	DATA 	Keypress: 2
24.4318 	INFO 	Keyboard events cleared
24.4315 	EXP 	fixation_cross: autoDraw = False
24.4315 	EXP 	fixation_cross: autoDraw = False
24.4315 	EXP 	word_one: height = 0.05
24.4315 	EXP 	word_one: height = 0.05
24.4315 	EXP 	word_one: height = 0.05
24.4315 	EXP 	word_one: text = 'square'
24.4315 	EXP 	word_two: height = 0.05
24.4315 	EXP 	word_two: height = 0.05
24.4315 	EXP 	word_two: height = 0.05
24.4315 	EXP 	word_two: text = 'rectangle '
24.4315 	EXP 	word_three: height = 0.05
24.4315 	EXP 	word_three: height = 0.05
24.4315 	EXP 	word_three: height = 0.05
24.4315 	EXP 	word_three: text = 'triangle'
24.4315 	EXP 	word_one: autoDraw = True
24.4315 	EXP 	word_two: autoDraw = True
24.4315 	EXP 	word_three: autoDraw = True
26.0351 	EXP 	New trial (rep=0, index=12): <Trial 12 (12 in rep 0) data={'stim1': 'sun', 'stim2': 'book', 'stim3': 'moon', 'correctAns': 2, 'difficulty': 'easy', 'thisN': 12, 'thisTrialN': 12, 'thisRepN': 0}>
26.0375 	DATA 	Keypress: 3
26.0453 	EXP 	word_one: autoDraw = False
26.0453 	EXP 	word_two: autoDraw = False
26.0453 	EXP 	word_three: autoDraw = False
26.0453 	EXP 	fixation_cross: autoDraw = True
26.5515 	INFO 	Keyboard events cleared
26.5512 	EXP 	fixation_cross: autoDraw = False
26.5512 	EXP 	fixation_cross: autoDraw = False
26.5512 	EXP 	word_one: height = 0.05
26.5512 	EXP 	word_one: height = 0.05
26.5512 	EXP 	word_one: height = 0.05
26.5512 	EXP 	word_one: text = 'sun'
26.5512 	EXP 	word_two: height = 0.05
26.5512 	EXP 	word_two: height = 0.05
26.5512 	EXP 	word_two: height = 0.05
26.5512 	EXP 	word_two: text = 'book'
26.5512 	EXP 	word_three: height = 0.05
26.5512 	EXP 	word_three: height = 0.05
26.5512 	EXP 	word_three: height = 0.05
26.5512 	EXP 	word_three: text = 'moon'
26.5512 	EXP 	word_one: autoDraw = True
26.5512 	EXP 	word_two: autoDraw = True
26.5512 	EXP 	word_three: autoDraw = True
28.5267 	EXP 	New trial (rep=0, index=13): <Trial 13 (13 in rep 0) data={'stim1': 'cheetah', 'stim2': 'dolphin', 'stim3': 'leopard', 'correctAns': 2, 'difficulty': 'hard', 'thisN': 13, 'thisTrialN': 13, 'thisRepN': 0}>
28.5327 	EXP 	word_one: autoDraw = False
28.5327 	EXP 	word_two: autoDraw = False
28.5327 	EXP 	word_three: autoDraw = False
28.5327 	EXP 	fixation_cross: autoDraw = True
29.0355 	EXP 	fixation_cross: autoDraw = False
29.0355 	EXP 	fixation_cross: autoDraw = False
29.0355 	EXP 	word_one: height = 0.05
29.0355 	EXP 	word_one: height = 0.05
29.0355 	EXP 	word_one: height = 0.05
29.0355 	EXP 	word_one: text = 'cheetah'
29.0355 	EXP 	word_two: height = 0.05
29.0355 	EXP 	word_two: height = 0.05
29.0355 	EXP 	word_two: height = 0.05
29.0355 	EXP 	word_two: text = 'dolphin'
29.0355 	EXP 	word_three: height = 0.05
29.0355 	EXP 	word_three: height = 0.05
29.0355 	EXP 	word_three: height = 0.05
29.0355 	EXP 	word_three: text = 'leopard'
29.0463 	INFO 	Keyboard events cleared
29.0460 	EXP 	word_one: autoDraw = True
29.0460 	EXP 	word_two: autoDraw = True
29.0460 	EXP 	word_three: autoDraw = True
31.0272 	EXP 	New trial (rep=0, index=14): <Trial 14 (14 in rep 0) data={'stim1': 'car', 'stim2': 'bus', 'stim3': ' aeroplane', 'correctAns': 3, 'difficulty': 'medium', 'thisN': 14, 'thisTrialN': 14, 'thisRepN': 0}>
31.0332 	EXP 	word_one: autoDraw = False
31.0332 	EXP 	word_two: autoDraw = False
31.0332 	EXP 	word_three: autoDraw = False
31.0332 	EXP 	fixation_cross: autoDraw = True
31.5346 	EXP 	fixation_cross: autoDraw = False
31.5346 	EXP 	fixation_cross: autoDraw = False
31.5346 	EXP 	word_one: height = 0.05
31.5346 	EXP 	word_one: height = 0.05
31.5346 	EXP 	word_one: height = 0.05
31.5346 	EXP 	word_one: text = 'car'
31.5346 	EXP 	word_two: height = 0.05
31.5346 	EXP 	word_two: height = 0.05
31.5346 	EXP 	word_two: height = 0.05
31.5346 	EXP 	word_two: text = 'bus'
31.5346 	EXP 	word_three: height = 0.05
31.5346 	EXP 	word_three: height = 0.05
31.5346 	EXP 	word_three: height = 0.05
31.5346 	EXP 	word_three: text = ' aeroplane'
31.5451 	INFO 	Keyboard events cleared
31.5448 	EXP 	word_one: autoDraw = True
31.5448 	EXP 	word_two: autoDraw = True
31.5448 	EXP 	word_three: autoDraw = True
33.2052 	DATA 	Keypress: 3
33.2121 	EXP 	word_one: autoDraw = False
33.2121 	EXP 	word_two: autoDraw = False
33.2121 	EXP 	word_three: autoDraw = False
33.2121 	EXP 	text: autoDraw = True
38.2205 	EXP 	text: autoDraw = False
38.2205 	EXP 	text: autoDraw = False
38.2205 	EXP 	text_countdown: autoDraw = True
43.2191 	EXP 	Imported stimwords.xlsx as conditions, 15 conditions, 5 params
43.2195 	EXP 	New trial (rep=0, index=0): <Trial 0 (0 in rep 0) data={'stim1': 'bicycle', 'stim2': 'apple ', 'stim3': 'train', 'correctAns': 2, 'difficulty': 'easy', 'thisN': 0, 'thisTrialN': 0, 'thisRepN': 0}>
43.2261 	EXP 	text_countdown: autoDraw = False
43.2261 	EXP 	fixation_cross_2: autoDraw = True
43.7285 	INFO 	Keyboard events cleared
43.7283 	EXP 	fixation_cross_2: autoDraw = False
43.7283 	EXP 	word_one_2: height = 0.05
43.7283 	EXP 	word_one_2: height = 0.05
43.7283 	EXP 	word_one_2: height = 0.05
43.7283 	EXP 	word_one_2: text = 'bicycle'
43.7283 	EXP 	word_two_2: height = 0.05
43.7283 	EXP 	word_two_2: height = 0.05
43.7283 	EXP 	word_two_2: height = 0.05
43.7283 	EXP 	word_two_2: text = 'apple '
43.7283 	EXP 	word_three_2: height = 0.05
43.7283 	EXP 	word_three_2: height = 0.05
43.7283 	EXP 	word_three_2: height = 0.05
43.7283 	EXP 	word_three_2: text = 'train'
43.7283 	EXP 	word_one_2: autoDraw = True
43.7283 	EXP 	word_two_2: autoDraw = True
43.7283 	EXP 	word_three_2: autoDraw = True
46.0698 	EXP 	New trial (rep=0, index=1): <Trial 1 (1 in rep 0) data={'stim1': 'rose', 'stim2': 'daisy', 'stim3': 'chair', 'correctAns': 3, 'difficulty': 'medium', 'thisN': 1, 'thisTrialN': 1, 'thisRepN': 0}>
46.0731 	DATA 	Keypress: 3
46.0793 	EXP 	word_one_2: autoDraw = False
46.0793 	EXP 	word_two_2: autoDraw = False
46.0793 	EXP 	word_three_2: autoDraw = False
46.0793 	EXP 	fixation_cross_2: autoDraw = True
46.5865 	INFO 	Keyboard events cleared
46.5862 	EXP 	fixation_cross_2: autoDraw = False
46.5862 	EXP 	fixation_cross_2: autoDraw = False
46.5862 	EXP 	word_one_2: height = 0.05
46.5862 	EXP 	word_one_2: height = 0.05
46.5862 	EXP 	word_one_2: height = 0.05
46.5862 	EXP 	word_one_2: text = 'rose'
46.5862 	EXP 	word_two_2: height = 0.05
46.5862 	EXP 	word_two_2: height = 0.05
46.5862 	EXP 	word_two_2: height = 0.05
46.5862 	EXP 	word_two_2: text = 'daisy'
46.5862 	EXP 	word_three_2: height = 0.05
46.5862 	EXP 	word_three_2: height = 0.05
46.5862 	EXP 	word_three_2: height = 0.05
46.5862 	EXP 	word_three_2: text = 'chair'
46.5862 	EXP 	word_one_2: autoDraw = True
46.5862 	EXP 	word_two_2: autoDraw = True
46.5862 	EXP 	word_three_2: autoDraw = True
50.5180 	EXP 	New trial (rep=0, index=2): <Trial 2 (2 in rep 0) data={'stim1': 'apple', 'stim2': 'banana', 'stim3': 'pencil', 'correctAns': 3, 'difficulty': 'easy', 'thisN': 2, 'thisTrialN': 2, 'thisRepN': 0}>
50.5204 	DATA 	Keypress: 3
50.5283 	EXP 	word_one_2: autoDraw = False
50.5283 	EXP 	word_two_2: autoDraw = False
50.5283 	EXP 	word_three_2: autoDraw = False
50.5283 	EXP 	fixation_cross_2: autoDraw = True
51.0347 	INFO 	Keyboard events cleared
51.0345 	EXP 	fixation_cross_2: autoDraw = False
51.0345 	EXP 	fixation_cross_2: autoDraw = False
51.0345 	EXP 	word_one_2: height = 0.05
51.0345 	EXP 	word_one_2: height = 0.05
51.0345 	EXP 	word_one_2: height = 0.05
51.0345 	EXP 	word_one_2: text = 'apple'
51.0345 	EXP 	word_two_2: height = 0.05
51.0345 	EXP 	word_two_2: height = 0.05
51.0345 	EXP 	word_two_2: height = 0.05
51.0345 	EXP 	word_two_2: text = 'banana'
51.0345 	EXP 	word_three_2: height = 0.05
51.0345 	EXP 	word_three_2: height = 0.05
51.0345 	EXP 	word_three_2: height = 0.05
51.0345 	EXP 	word_three_2: text = 'pencil'
51.0345 	EXP 	word_one_2: autoDraw = True
51.0345 	EXP 	word_two_2: autoDraw = True
51.0345 	EXP 	word_three_2: autoDraw = True
52.5435 	EXP 	New trial (rep=0, index=3): <Trial 3 (3 in rep 0) data={'stim1': 'sun', 'stim2': 'book', 'stim3': 'moon', 'correctAns': 2, 'difficulty': 'easy', 'thisN': 3, 'thisTrialN': 3, 'thisRepN': 0}>
52.5460 	DATA 	Keypress: 3
52.5533 	EXP 	word_one_2: autoDraw = False
52.5533 	EXP 	word_two_2: autoDraw = False
52.5533 	EXP 	word_three_2: autoDraw = False
52.5533 	EXP 	fixation_cross_2: autoDraw = True
53.0592 	INFO 	Keyboard events cleared
53.0589 	EXP 	fixation_cross_2: autoDraw = False
53.0589 	EXP 	fixation_cross_2: autoDraw = False
53.0589 	EXP 	word_one_2: height = 0.05
53.0589 	EXP 	word_one_2: height = 0.05
53.0589 	EXP 	word_one_2: height = 0.05
53.0589 	EXP 	word_one_2: text = 'sun'
53.0589 	EXP 	word_two_2: height = 0.05
53.0589 	EXP 	word_two_2: height = 0.05
53.0589 	EXP 	word_two_2: height = 0.05
53.0589 	EXP 	word_two_2: text = 'book'
53.0589 	EXP 	word_three_2: height = 0.05
53.0589 	EXP 	word_three_2: height = 0.05
53.0589 	EXP 	word_three_2: height = 0.05
53.0589 	EXP 	word_three_2: text = 'moon'
53.0589 	EXP 	word_one_2: autoDraw = True
53.0589 	EXP 	word_two_2: autoDraw = True
53.0589 	EXP 	word_three_2: autoDraw = True
55.1115 	EXP 	New trial (rep=0, index=4): <Trial 4 (4 in rep 0) data={'stim1': 'pluto', 'stim2': 'earth', 'stim3': 'mars', 'correctAns': 1, 'difficulty': 'hard', 'thisN': 4, 'thisTrialN': 4, 'thisRepN': 0}>
55.1148 	DATA 	Keypress: 2
55.1251 	EXP 	word_one_2: autoDraw = False
55.1251 	EXP 	word_two_2: autoDraw = False
55.1251 	EXP 	word_three_2: autoDraw = False
55.1251 	EXP 	fixation_cross_2: autoDraw = True
55.6267 	INFO 	Keyboard events cleared
55.6263 	EXP 	fixation_cross_2: autoDraw = False
55.6263 	EXP 	fixation_cross_2: autoDraw = False
55.6263 	EXP 	word_one_2: height = 0.05
55.6263 	EXP 	word_one_2: height = 0.05
55.6263 	EXP 	word_one_2: height = 0.05
55.6263 	EXP 	word_one_2: text = 'pluto'
55.6263 	EXP 	word_two_2: height = 0.05
55.6263 	EXP 	word_two_2: height = 0.05
55.6263 	EXP 	word_two_2: height = 0.05
55.6263 	EXP 	word_two_2: text = 'earth'
55.6263 	EXP 	word_three_2: height = 0.05
55.6263 	EXP 	word_three_2: height = 0.05
55.6263 	EXP 	word_three_2: height = 0.05
55.6263 	EXP 	word_three_2: text = 'mars'
55.6263 	EXP 	word_one_2: autoDraw = True
55.6263 	EXP 	word_two_2: autoDraw = True
55.6263 	EXP 	word_three_2: autoDraw = True
57.3932 	EXP 	New trial (rep=0, index=5): <Trial 5 (5 in rep 0) data={'stim1': 'cat', 'stim2': 'dog', 'stim3': 'lion', 'correctAns': 2, 'difficulty': 'hard', 'thisN': 5, 'thisTrialN': 5, 'thisRepN': 0}>
57.3987 	EXP 	word_one_2: autoDraw = False
57.3987 	EXP 	word_two_2: autoDraw = False
57.3987 	EXP 	word_three_2: autoDraw = False
57.3987 	EXP 	fixation_cross_2: autoDraw = True
57.4016 	DATA 	Keypress: 1
57.9019 	INFO 	Keyboard events cleared
57.9016 	EXP 	fixation_cross_2: autoDraw = False
57.9016 	EXP 	fixation_cross_2: autoDraw = False
57.9016 	EXP 	word_one_2: height = 0.05
57.9016 	EXP 	word_one_2: height = 0.05
57.9016 	EXP 	word_one_2: height = 0.05
57.9016 	EXP 	word_one_2: text = 'cat'
57.9016 	EXP 	word_two_2: height = 0.05
57.9016 	EXP 	word_two_2: height = 0.05
57.9016 	EXP 	word_two_2: height = 0.05
57.9016 	EXP 	word_two_2: text = 'dog'
57.9016 	EXP 	word_three_2: height = 0.05
57.9016 	EXP 	word_three_2: height = 0.05
57.9016 	EXP 	word_three_2: height = 0.05
57.9016 	EXP 	word_three_2: text = 'lion'
57.9016 	EXP 	word_one_2: autoDraw = True
57.9016 	EXP 	word_two_2: autoDraw = True
57.9016 	EXP 	word_three_2: autoDraw = True
62.3600 	EXP 	New trial (rep=0, index=6): <Trial 6 (6 in rep 0) data={'stim1': 'square', 'stim2': 'rectangle ', 'stim3': 'triangle', 'correctAns': 3, 'difficulty': 'medium', 'thisN': 6, 'thisTrialN': 6, 'thisRepN': 0}>
62.3625 	DATA 	Keypress: 2
62.3707 	EXP 	word_one_2: autoDraw = False
62.3707 	EXP 	word_two_2: autoDraw = False
62.3707 	EXP 	word_three_2: autoDraw = False
62.3707 	EXP 	fixation_cross_2: autoDraw = True
62.8741 	INFO 	Keyboard events cleared
62.8738 	EXP 	fixation_cross_2: autoDraw = False
62.8738 	EXP 	fixation_cross_2: autoDraw = False
62.8738 	EXP 	word_one_2: height = 0.05
62.8738 	EXP 	word_one_2: height = 0.05
62.8738 	EXP 	word_one_2: height = 0.05
62.8738 	EXP 	word_one_2: text = 'square'
62.8738 	EXP 	word_two_2: height = 0.05
62.8738 	EXP 	word_two_2: height = 0.05
62.8738 	EXP 	word_two_2: height = 0.05
62.8738 	EXP 	word_two_2: text = 'rectangle '
62.8738 	EXP 	word_three_2: height = 0.05
62.8738 	EXP 	word_three_2: height = 0.05
62.8738 	EXP 	word_three_2: height = 0.05
62.8738 	EXP 	word_three_2: text = 'triangle'
62.8738 	EXP 	word_one_2: autoDraw = True
62.8738 	EXP 	word_two_2: autoDraw = True
62.8738 	EXP 	word_three_2: autoDraw = True
64.6517 	EXP 	New trial (rep=0, index=7): <Trial 7 (7 in rep 0) data={'stim1': 'sunflower', 'stim2': 'winter', 'stim3': 'rain', 'correctAns': 1, 'difficulty': 'easy', 'thisN': 7, 'thisTrialN': 7, 'thisRepN': 0}>
64.6540 	DATA 	Keypress: 3
64.6616 	EXP 	word_one_2: autoDraw = False
64.6616 	EXP 	word_two_2: autoDraw = False
64.6616 	EXP 	word_three_2: autoDraw = False
64.6616 	EXP 	fixation_cross_2: autoDraw = True
65.1666 	INFO 	Keyboard events cleared
65.1663 	EXP 	fixation_cross_2: autoDraw = False
65.1663 	EXP 	fixation_cross_2: autoDraw = False
65.1663 	EXP 	word_one_2: height = 0.05
65.1663 	EXP 	word_one_2: height = 0.05
65.1663 	EXP 	word_one_2: height = 0.05
65.1663 	EXP 	word_one_2: text = 'sunflower'
65.1663 	EXP 	word_two_2: height = 0.05
65.1663 	EXP 	word_two_2: height = 0.05
65.1663 	EXP 	word_two_2: height = 0.05
65.1663 	EXP 	word_two_2: text = 'winter'
65.1663 	EXP 	word_three_2: height = 0.05
65.1663 	EXP 	word_three_2: height = 0.05
65.1663 	EXP 	word_three_2: height = 0.05
65.1663 	EXP 	word_three_2: text = 'rain'
65.1663 	EXP 	word_one_2: autoDraw = True
65.1663 	EXP 	word_two_2: autoDraw = True
65.1663 	EXP 	word_three_2: autoDraw = True
69.7604 	EXP 	New trial (rep=0, index=8): <Trial 8 (8 in rep 0) data={'stim1': 'cheetah', 'stim2': 'dolphin', 'stim3': 'leopard', 'correctAns': 2, 'difficulty': 'hard', 'thisN': 8, 'thisTrialN': 8, 'thisRepN': 0}>
69.7627 	DATA 	Keypress: 1
69.7685 	EXP 	word_one_2: autoDraw = False
69.7685 	EXP 	word_two_2: autoDraw = False
69.7685 	EXP 	word_three_2: autoDraw = False
69.7685 	EXP 	fixation_cross_2: autoDraw = True
70.2760 	INFO 	Keyboard events cleared
70.2757 	EXP 	fixation_cross_2: autoDraw = False
70.2757 	EXP 	fixation_cross_2: autoDraw = False
70.2757 	EXP 	word_one_2: height = 0.05
70.2757 	EXP 	word_one_2: height = 0.05
70.2757 	EXP 	word_one_2: height = 0.05
70.2757 	EXP 	word_one_2: text = 'cheetah'
70.2757 	EXP 	word_two_2: height = 0.05
70.2757 	EXP 	word_two_2: height = 0.05
70.2757 	EXP 	word_two_2: height = 0.05
70.2757 	EXP 	word_two_2: text = 'dolphin'
70.2757 	EXP 	word_three_2: height = 0.05
70.2757 	EXP 	word_three_2: height = 0.05
70.2757 	EXP 	word_three_2: height = 0.05
70.2757 	EXP 	word_three_2: text = 'leopard'
70.2757 	EXP 	word_one_2: autoDraw = True
70.2757 	EXP 	word_two_2: autoDraw = True
70.2757 	EXP 	word_three_2: autoDraw = True
71.5834 	EXP 	New trial (rep=0, index=9): <Trial 9 (9 in rep 0) data={'stim1': 'dog', 'stim2': 'car', 'stim3': 'cat', 'correctAns': 2, 'difficulty': 'easy', 'thisN': 9, 'thisTrialN': 9, 'thisRepN': 0}>
71.5916 	EXP 	word_one_2: autoDraw = False
71.5916 	EXP 	word_two_2: autoDraw = False
71.5916 	EXP 	word_three_2: autoDraw = False
71.5916 	EXP 	fixation_cross_2: autoDraw = True
71.5939 	DATA 	Keypress: 2
72.0975 	INFO 	Keyboard events cleared
72.0972 	EXP 	fixation_cross_2: autoDraw = False
72.0972 	EXP 	fixation_cross_2: autoDraw = False
72.0972 	EXP 	word_one_2: height = 0.05
72.0972 	EXP 	word_one_2: height = 0.05
72.0972 	EXP 	word_one_2: height = 0.05
72.0972 	EXP 	word_one_2: text = 'dog'
72.0972 	EXP 	word_two_2: height = 0.05
72.0972 	EXP 	word_two_2: height = 0.05
72.0972 	EXP 	word_two_2: height = 0.05
72.0972 	EXP 	word_two_2: text = 'car'
72.0972 	EXP 	word_three_2: height = 0.05
72.0972 	EXP 	word_three_2: height = 0.05
72.0972 	EXP 	word_three_2: height = 0.05
72.0972 	EXP 	word_three_2: text = 'cat'
72.0972 	EXP 	word_one_2: autoDraw = True
72.0972 	EXP 	word_two_2: autoDraw = True
72.0972 	EXP 	word_three_2: autoDraw = True
79.5276 	EXP 	New trial (rep=0, index=10): <Trial 10 (10 in rep 0) data={'stim1': 'car', 'stim2': 'bus', 'stim3': ' aeroplane', 'correctAns': 3, 'difficulty': 'medium', 'thisN': 10, 'thisTrialN': 10, 'thisRepN': 0}>
79.5300 	DATA 	Keypress: 2
79.5360 	EXP 	word_one_2: autoDraw = False
79.5360 	EXP 	word_two_2: autoDraw = False
79.5360 	EXP 	word_three_2: autoDraw = False
79.5360 	EXP 	fixation_cross_2: autoDraw = True
80.0437 	INFO 	Keyboard events cleared
80.0435 	EXP 	fixation_cross_2: autoDraw = False
80.0435 	EXP 	fixation_cross_2: autoDraw = False
80.0435 	EXP 	word_one_2: height = 0.05
80.0435 	EXP 	word_one_2: height = 0.05
80.0435 	EXP 	word_one_2: height = 0.05
80.0435 	EXP 	word_one_2: text = 'car'
80.0435 	EXP 	word_two_2: height = 0.05
80.0435 	EXP 	word_two_2: height = 0.05
80.0435 	EXP 	word_two_2: height = 0.05
80.0435 	EXP 	word_two_2: text = 'bus'
80.0435 	EXP 	word_three_2: height = 0.05
80.0435 	EXP 	word_three_2: height = 0.05
80.0435 	EXP 	word_three_2: height = 0.05
80.0435 	EXP 	word_three_2: text = ' aeroplane'
80.0435 	EXP 	word_one_2: autoDraw = True
80.0435 	EXP 	word_two_2: autoDraw = True
80.0435 	EXP 	word_three_2: autoDraw = True
81.2938 	EXP 	New trial (rep=0, index=11): <Trial 11 (11 in rep 0) data={'stim1': 'sofa', 'stim2': 'table', 'stim3': 'lamp', 'correctAns': 3, 'difficulty': 'medium', 'thisN': 11, 'thisTrialN': 11, 'thisRepN': 0}>
81.2960 	DATA 	Keypress: 3
81.3017 	EXP 	word_one_2: autoDraw = False
81.3017 	EXP 	word_two_2: autoDraw = False
81.3017 	EXP 	word_three_2: autoDraw = False
81.3017 	EXP 	fixation_cross_2: autoDraw = True
81.8102 	INFO 	Keyboard events cleared
81.8099 	EXP 	fixation_cross_2: autoDraw = False
81.8099 	EXP 	fixation_cross_2: autoDraw = False
81.8099 	EXP 	word_one_2: height = 0.05
81.8099 	EXP 	word_one_2: height = 0.05
81.8099 	EXP 	word_one_2: height = 0.05
81.8099 	EXP 	word_one_2: text = 'sofa'
81.8099 	EXP 	word_two_2: height = 0.05
81.8099 	EXP 	word_two_2: height = 0.05
81.8099 	EXP 	word_two_2: height = 0.05
81.8099 	EXP 	word_two_2: text = 'table'
81.8099 	EXP 	word_three_2: height = 0.05
81.8099 	EXP 	word_three_2: height = 0.05
81.8099 	EXP 	word_three_2: height = 0.05
81.8099 	EXP 	word_three_2: text = 'lamp'
81.8099 	EXP 	word_one_2: autoDraw = True
81.8099 	EXP 	word_two_2: autoDraw = True
81.8099 	EXP 	word_three_2: autoDraw = True
82.9260 	EXP 	New trial (rep=0, index=12): <Trial 12 (12 in rep 0) data={'stim1': 'fish', 'stim2': 'bird', 'stim3': 'shark', 'correctAns': 2, 'difficulty': 'medium', 'thisN': 12, 'thisTrialN': 12, 'thisRepN': 0}>
82.9282 	DATA 	Keypress: 2
82.9429 	EXP 	word_one_2: autoDraw = False
82.9429 	EXP 	word_two_2: autoDraw = False
82.9429 	EXP 	word_three_2: autoDraw = False
82.9429 	EXP 	fixation_cross_2: autoDraw = True
83.4427 	INFO 	Keyboard events cleared
83.4424 	EXP 	fixation_cross_2: autoDraw = False
83.4424 	EXP 	fixation_cross_2: autoDraw = False
83.4424 	EXP 	word_one_2: height = 0.05
83.4424 	EXP 	word_one_2: height = 0.05
83.4424 	EXP 	word_one_2: height = 0.05
83.4424 	EXP 	word_one_2: text = 'fish'
83.4424 	EXP 	word_two_2: height = 0.05
83.4424 	EXP 	word_two_2: height = 0.05
83.4424 	EXP 	word_two_2: height = 0.05
83.4424 	EXP 	word_two_2: text = 'bird'
83.4424 	EXP 	word_three_2: height = 0.05
83.4424 	EXP 	word_three_2: height = 0.05
83.4424 	EXP 	word_three_2: height = 0.05
83.4424 	EXP 	word_three_2: text = 'shark'
83.4424 	EXP 	word_one_2: autoDraw = True
83.4424 	EXP 	word_two_2: autoDraw = True
83.4424 	EXP 	word_three_2: autoDraw = True
84.9519 	EXP 	New trial (rep=0, index=13): <Trial 13 (13 in rep 0) data={'stim1': 'trumpet ', 'stim2': 'flute', 'stim3': 'violin', 'correctAns': 3, 'difficulty': 'hard', 'thisN': 13, 'thisTrialN': 13, 'thisRepN': 0}>
84.9549 	DATA 	Keypress: 2
84.9620 	EXP 	word_one_2: autoDraw = False
84.9620 	EXP 	word_two_2: autoDraw = False
84.9620 	EXP 	word_three_2: autoDraw = False
84.9620 	EXP 	fixation_cross_2: autoDraw = True
85.4687 	INFO 	Keyboard events cleared
85.4684 	EXP 	fixation_cross_2: autoDraw = False
85.4684 	EXP 	fixation_cross_2: autoDraw = False
85.4684 	EXP 	word_one_2: height = 0.05
85.4684 	EXP 	word_one_2: height = 0.05
85.4684 	EXP 	word_one_2: height = 0.05
85.4684 	EXP 	word_one_2: text = 'trumpet '
85.4684 	EXP 	word_two_2: height = 0.05
85.4684 	EXP 	word_two_2: height = 0.05
85.4684 	EXP 	word_two_2: height = 0.05
85.4684 	EXP 	word_two_2: text = 'flute'
85.4684 	EXP 	word_three_2: height = 0.05
85.4684 	EXP 	word_three_2: height = 0.05
85.4684 	EXP 	word_three_2: height = 0.05
85.4684 	EXP 	word_three_2: text = 'violin'
85.4684 	EXP 	word_one_2: autoDraw = True
85.4684 	EXP 	word_two_2: autoDraw = True
85.4684 	EXP 	word_three_2: autoDraw = True
89.6756 	EXP 	New trial (rep=0, index=14): <Trial 14 (14 in rep 0) data={'stim1': 'octopus ', 'stim2': 'penguin', 'stim3': 'squid', 'correctAns': 2, 'difficulty': 'hard', 'thisN': 14, 'thisTrialN': 14, 'thisRepN': 0}>
89.6780 	DATA 	Keypress: 3
89.6839 	EXP 	word_one_2: autoDraw = False
89.6839 	EXP 	word_two_2: autoDraw = False
89.6839 	EXP 	word_three_2: autoDraw = False
89.6839 	EXP 	fixation_cross_2: autoDraw = True
90.1949 	INFO 	Keyboard events cleared
90.1946 	EXP 	fixation_cross_2: autoDraw = False
90.1946 	EXP 	word_one_2: height = 0.05
90.1946 	EXP 	word_one_2: height = 0.05
90.1946 	EXP 	word_one_2: height = 0.05
90.1946 	EXP 	word_one_2: text = 'octopus '
90.1946 	EXP 	word_two_2: height = 0.05
90.1946 	EXP 	word_two_2: height = 0.05
90.1946 	EXP 	word_two_2: height = 0.05
90.1946 	EXP 	word_two_2: text = 'penguin'
90.1946 	EXP 	word_three_2: height = 0.05
90.1946 	EXP 	word_three_2: height = 0.05
90.1946 	EXP 	word_three_2: height = 0.05
90.1946 	EXP 	word_three_2: text = 'squid'
90.1946 	EXP 	word_one_2: autoDraw = True
90.1946 	EXP 	word_two_2: autoDraw = True
90.1946 	EXP 	word_three_2: autoDraw = True
91.3561 	DATA 	Keypress: 2
91.3630 	EXP 	word_one_2: autoDraw = False
91.3630 	EXP 	word_two_2: autoDraw = False
91.3630 	EXP 	word_three_2: autoDraw = False
91.3630 	EXP 	text_2: autoDraw = True
93.3588 	EXP 	text_2: autoDraw = False
93.3588 	EXP 	text_2: autoDraw = False
93.3590 	EXP 	OddOneOut_Experiment: status = STOPPED
93.3791 	INFO 	saved data to '/Users/purvajhunjhunwala/Desktop/solo project/data/612683_OddOneOut_Experiment_2024-12-03_15h47.57.248.csv'
93.3804 	INFO 	saved data to /Users/purvajhunjhunwala/Desktop/solo project/data/612683_OddOneOut_Experiment_2024-12-03_15h47.57.248.psydat
93.9517 	EXP 	window1: mouseVisible = True
93.9822 	WARNING 	Stopping key buffers but this could be dangerous ifother keyboards rely on the same.
93.9823 	WARNING 	Stopping key buffers but this could be dangerous ifother keyboards rely on the same.
93.9824 	WARNING 	Stopping key buffers but this could be dangerous ifother keyboards rely on the same.
93.9824 	WARNING 	Stopping key buffers but this could be dangerous ifother keyboards rely on the same.
