24.1275 	WARNING 	/Library/Fonts/FontsFree-Net-Anitha.ttf doesn't have valid font family name
24.7574 	WARNING 	/Library/Fonts/FontsFree-Net-Anitha.ttf doesn't have valid font family name
182.2116 	INFO 	Loaded monitor calibration from ['2024_08_05 14:42']
182.5245 	EXP 	Created window1 = Window(allowGUI=True, allowStencil=False, autoLog=True, backendConf=UNKNOWN, backgroundFit=<method-wrapper '__getattribute__' of attributeSetter object at 0x12de2a530>, backgroundImage=<method-wrapper '__getattribute__' of attributeSetter object at 0x12de2a5c0>, bitsMode=UNKNOWN, blendMode='avg', bpc=(8, 8, 8), color=array([0, 0, 0]), colorSpace='rgb', depthBits=8, fullscr=<method-wrapper '__getattribute__' of attributeSetter object at 0x12de2a770>, gamma=None, gammaErrorPolicy='raise', infoMsg=UNKNOWN, lms=UNKNOWN, monitor=<psychopy.monitors.calibTools.Monitor object at 0x12de41060>, multiSample=False, name='window1', numSamples=2, pos=[360.0, 225.0], screen=0, size=array([2880, 1800]), stencilBits=0, stereo=False, title='PsychoPy', units='height', useFBO=True, useRetina=True, viewOri=0.0, viewPos=None, viewScale=None, waitBlanking=True, winType='pyglet')
182.5246 	EXP 	window1: backgroundImage = ''
182.5246 	EXP 	window1: backgroundFit = 'none'
182.5249 	EXP 	window1: mouseVisible = <method-wrapper '__getattribute__' of attributeSetter object at 0x12de2a3e0>
182.5251 	EXP 	window1: mouseVisible = <method-wrapper '__getattribute__' of attributeSetter object at 0x12de2a3e0>
182.5281 	EXP 	window1: mouseVisible = <method-wrapper '__getattribute__' of attributeSetter object at 0x12de2a3e0>
182.5289 	EXP 	window1: mouseVisible = <method-wrapper '__getattribute__' of attributeSetter object at 0x12de2a3e0>
182.5714 	EXP 	window1: mouseVisible = <method-wrapper '__getattribute__' of attributeSetter object at 0x12de2a3e0>
182.5716 	EXP 	window1: mouseVisible = <method-wrapper '__getattribute__' of attributeSetter object at 0x12de2a3e0>
182.5724 	EXP 	window1: mouseVisible = <method-wrapper '__getattribute__' of attributeSetter object at 0x12de2a3e0>
182.5731 	EXP 	window1: mouseVisible = <method-wrapper '__getattribute__' of attributeSetter object at 0x12de2a3e0>
182.5878 	EXP 	window1: Attempting to measure frame rate of screen (0) ...
182.5879 	EXP 	window1: recordFrameIntervals = False
182.9933 	EXP 	window1: recordFrameIntervals = True
183.0592 	WARNING 	t of last frame was 27.86ms (=1/35)
183.2086 	WARNING 	t of last frame was 26.34ms (=1/37)
183.3587 	WARNING 	t of last frame was 24.12ms (=1/41)
183.4256 	WARNING 	t of last frame was 24.15ms (=1/41)
184.2022 	WARNING 	Couldn't measure a consistent frame rate!
  - Is your graphics card set to sync to vertical blank?
  - Are you running other processes on your computer?

184.2025 	EXP 	window1: mouseVisible = True
185.5852 	INFO 	keyboard.Keyboard is using ptb backend.
185.8446 	INFO 	keyboard.Keyboard is using ptb backend.
186.1066 	INFO 	keyboard.Keyboard is using ptb backend.
186.3679 	INFO 	keyboard.Keyboard is using ptb backend.
186.3679 	EXP 	OddOneOut_Experiment: status = STARTED
186.3685 	EXP 	window1: mouseVisible = True
186.4410 	EXP 	Created instruction_text = TextStim(__class__=<class 'psychopy.visual.text.TextStim'>, alignHoriz=method-wrapper(...), alignText='center', alignVert=method-wrapper(...), anchorHoriz='center', anchorVert='center', antialias=True, autoDraw=False, autoLog=True, bold=False, color=array([1., 1., 1.]), colorSpace='rgb', contrast=1.0, depth=0.0, draggable=False, flipHoriz=False, flipVert=False, font='Arial', fontFiles=[], height=0.05, italic=False, languageStyle='LTR', name='instruction_text', opacity=1, ori=0.0, pos=array([0., 0.]), rgb=UNKNOWN, text=str(...), units='height', win=Window(...), wrapWidth=1.5)
186.4412 	EXP 	window1: mouseVisible = True
186.4447 	EXP 	Created fixation_cross = TextStim(__class__=<class 'psychopy.visual.text.TextStim'>, alignHoriz=method-wrapper(...), alignText='center', alignVert=method-wrapper(...), anchorHoriz='center', anchorVert='center', antialias=True, autoDraw=False, autoLog=True, bold=False, color=array([1., 1., 1.]), colorSpace='rgb', contrast=1.0, depth=0.0, draggable=False, flipHoriz=False, flipVert=False, font='Arial', fontFiles=[], height=0.05, italic=False, languageStyle='LTR', name='fixation_cross', opacity=1, ori=0.0, pos=array([0., 0.]), rgb=UNKNOWN, text='+', units='height', win=Window(...), wrapWidth=1)
186.4449 	EXP 	window1: mouseVisible = True
186.4458 	EXP 	Created word_one = TextStim(__class__=<class 'psychopy.visual.text.TextStim'>, alignHoriz=method-wrapper(...), alignText='center', alignVert=method-wrapper(...), anchorHoriz='center', anchorVert='center', antialias=True, autoDraw=False, autoLog=True, bold=False, color=array([1., 1., 1.]), colorSpace='rgb', contrast=1.0, depth=-1.0, draggable=False, flipHoriz=False, flipVert=False, font='Arial', fontFiles=[], height=0.05, italic=False, languageStyle='LTR', name='word_one', opacity=1, ori=0.0, pos=array([-0.3,  0. ]), rgb=UNKNOWN, text='', units='height', win=Window(...), wrapWidth=1)
186.4460 	EXP 	window1: mouseVisible = True
186.4468 	EXP 	Created word_two = TextStim(__class__=<class 'psychopy.visual.text.TextStim'>, alignHoriz=method-wrapper(...), alignText='center', alignVert=method-wrapper(...), anchorHoriz='center', anchorVert='center', antialias=True, autoDraw=False, autoLog=True, bold=False, color=array([1., 1., 1.]), colorSpace='rgb', contrast=1.0, depth=-2.0, draggable=False, flipHoriz=False, flipVert=False, font='Arial', fontFiles=[], height=0.05, italic=False, languageStyle='LTR', name='word_two', opacity=1, ori=0.0, pos=array([0., 0.]), rgb=UNKNOWN, text='', units='height', win=Window(...), wrapWidth=1)
186.4470 	EXP 	window1: mouseVisible = True
186.4479 	EXP 	Created word_three = TextStim(__class__=<class 'psychopy.visual.text.TextStim'>, alignHoriz=method-wrapper(...), alignText='center', alignVert=method-wrapper(...), anchorHoriz='center', anchorVert='center', antialias=True, autoDraw=False, autoLog=True, bold=False, color=array([1., 1., 1.]), colorSpace='rgb', contrast=1.0, depth=-3.0, draggable=False, flipHoriz=False, flipVert=False, font='Arial', fontFiles=[], height=0.05, italic=False, languageStyle='LTR', name='word_three', opacity=1, ori=0.0, pos=array([0.3, 0. ]), rgb=UNKNOWN, text='', units='height', win=Window(...), wrapWidth=1)
186.4480 	EXP 	window1: mouseVisible = True
186.4545 	EXP 	Created text = TextStim(__class__=<class 'psychopy.visual.text.TextStim'>, alignHoriz=method-wrapper(...), alignText='center', alignVert=method-wrapper(...), anchorHoriz='center', anchorVert='center', antialias=True, autoDraw=False, autoLog=True, bold=False, color=array([1., 1., 1.]), colorSpace='rgb', contrast=1.0, depth=0.0, draggable=False, flipHoriz=False, flipVert=False, font='Arial', fontFiles=[], height=0.05, italic=False, languageStyle='LTR', name='text', opacity=1, ori=0.0, pos=array([0., 0.]), rgb=UNKNOWN, text=str(...), units='height', win=Window(...), wrapWidth=1)
186.4547 	EXP 	window1: mouseVisible = True
186.4642 	EXP 	Created text_countdown = TextStim(__class__=<class 'psychopy.visual.text.TextStim'>, alignHoriz=method-wrapper(...), alignText='center', alignVert=method-wrapper(...), anchorHoriz='center', anchorVert='center', antialias=True, autoDraw=False, autoLog=True, bold=False, color=array([1., 1., 1.]), colorSpace='rgb', contrast=1.0, depth=0.0, draggable=False, flipHoriz=False, flipVert=False, font='Open Sans', fontFiles=[], height=0.1, italic=False, languageStyle='LTR', name='text_countdown', opacity=1, ori=0.0, pos=array([0., 0.]), rgb=UNKNOWN, text='', units='height', win=Window(...), wrapWidth=1)
186.4644 	EXP 	window1: mouseVisible = True
186.4669 	EXP 	Created fixation_cross_2 = TextStim(__class__=<class 'psychopy.visual.text.TextStim'>, alignHoriz=method-wrapper(...), alignText='center', alignVert=method-wrapper(...), anchorHoriz='center', anchorVert='center', antialias=True, autoDraw=False, autoLog=True, bold=False, color=array([1., 1., 1.]), colorSpace='rgb', contrast=1.0, depth=0.0, draggable=False, flipHoriz=False, flipVert=False, font='Arial', fontFiles=[], height=0.05, italic=False, languageStyle='LTR', name='fixation_cross_2', opacity=1, ori=0.0, pos=array([0., 0.]), rgb=UNKNOWN, text='+', units='height', win=Window(...), wrapWidth=1)
186.4671 	EXP 	window1: mouseVisible = True
186.4680 	EXP 	Created word_one_2 = TextStim(__class__=<class 'psychopy.visual.text.TextStim'>, alignHoriz=method-wrapper(...), alignText='center', alignVert=method-wrapper(...), anchorHoriz='center', anchorVert='center', antialias=True, autoDraw=False, autoLog=True, bold=False, color=array([1., 1., 1.]), colorSpace='rgb', contrast=1.0, depth=-1.0, draggable=False, flipHoriz=False, flipVert=False, font='Arial', fontFiles=[], height=0.05, italic=False, languageStyle='LTR', name='word_one_2', opacity=1, ori=0.0, pos=array([-0.3,  0. ]), rgb=UNKNOWN, text='', units='height', win=Window(...), wrapWidth=1)
186.4681 	EXP 	window1: mouseVisible = True
186.4690 	EXP 	Created word_two_2 = TextStim(__class__=<class 'psychopy.visual.text.TextStim'>, alignHoriz=method-wrapper(...), alignText='center', alignVert=method-wrapper(...), anchorHoriz='center', anchorVert='center', antialias=True, autoDraw=False, autoLog=True, bold=False, color=array([1., 1., 1.]), colorSpace='rgb', contrast=1.0, depth=-2.0, draggable=False, flipHoriz=False, flipVert=False, font='Arial', fontFiles=[], height=0.05, italic=False, languageStyle='LTR', name='word_two_2', opacity=1, ori=0.0, pos=array([0., 0.]), rgb=UNKNOWN, text='', units='height', win=Window(...), wrapWidth=1)
186.4691 	EXP 	window1: mouseVisible = True
186.4700 	EXP 	Created word_three_2 = TextStim(__class__=<class 'psychopy.visual.text.TextStim'>, alignHoriz=method-wrapper(...), alignText='center', alignVert=method-wrapper(...), anchorHoriz='center', anchorVert='center', antialias=True, autoDraw=False, autoLog=True, bold=False, color=array([1., 1., 1.]), colorSpace='rgb', contrast=1.0, depth=-3.0, draggable=False, flipHoriz=False, flipVert=False, font='Arial', fontFiles=[], height=0.05, italic=False, languageStyle='LTR', name='word_three_2', opacity=1, ori=0.0, pos=array([0.3, 0. ]), rgb=UNKNOWN, text='', units='height', win=Window(...), wrapWidth=1)
186.4701 	EXP 	window1: mouseVisible = True
186.4758 	EXP 	Created text_2 = TextStim(__class__=<class 'psychopy.visual.text.TextStim'>, alignHoriz=method-wrapper(...), alignText='center', alignVert=method-wrapper(...), anchorHoriz='center', anchorVert='center', antialias=True, autoDraw=False, autoLog=True, bold=False, color=array([1., 1., 1.]), colorSpace='rgb', contrast=1.0, depth=0.0, draggable=False, flipHoriz=False, flipVert=False, font='Arial', fontFiles=[], height=0.05, italic=False, languageStyle='LTR', name='text_2', opacity=1, ori=0.0, pos=array([0., 0.]), rgb=UNKNOWN, text='Thank you for participating. :)', units='height', win=Window(...), wrapWidth=1)
0.0233 	INFO 	Keyboard events cleared
0.0230 	EXP 	instruction_text: autoDraw = True
1.2671 	EXP 	Imported stimwords.xlsx as conditions, 15 conditions, 5 params
1.2679 	EXP 	New trial (rep=0, index=0): <Trial 0 (0 in rep 0) data={'stim1': 'fish', 'stim2': 'bird', 'stim3': 'shark', 'correctAns': 2, 'difficulty': 'medium', 'thisN': 0, 'thisTrialN': 0, 'thisRepN': 0}>
1.2797 	DATA 	Keypress: space
1.2885 	WARNING 	Multiple dropped frames have occurred - I'll stop bothering you about them!
1.2885 	EXP 	instruction_text: autoDraw = False
1.2885 	EXP 	fixation_cross: autoDraw = True
1.7799 	INFO 	Keyboard events cleared
1.7796 	EXP 	fixation_cross: autoDraw = False
1.7796 	EXP 	word_one: height = 0.05
1.7796 	EXP 	word_one: height = 0.05
1.7796 	EXP 	word_one: height = 0.05
1.7796 	EXP 	word_one: text = 'fish'
1.7796 	EXP 	word_two: height = 0.05
1.7796 	EXP 	word_two: height = 0.05
1.7796 	EXP 	word_two: height = 0.05
1.7796 	EXP 	word_two: text = 'bird'
1.7796 	EXP 	word_three: height = 0.05
1.7796 	EXP 	word_three: height = 0.05
1.7796 	EXP 	word_three: height = 0.05
1.7796 	EXP 	word_three: text = 'shark'
1.7796 	EXP 	word_one: autoDraw = True
1.7796 	EXP 	word_two: autoDraw = True
1.7796 	EXP 	word_three: autoDraw = True
2.9434 	EXP 	New trial (rep=0, index=1): <Trial 1 (1 in rep 0) data={'stim1': 'dog', 'stim2': 'car', 'stim3': 'cat', 'correctAns': 2, 'difficulty': 'easy', 'thisN': 1, 'thisTrialN': 1, 'thisRepN': 0}>
2.9464 	DATA 	Keypress: 2
2.9532 	EXP 	word_one: autoDraw = False
2.9532 	EXP 	word_two: autoDraw = False
2.9532 	EXP 	word_three: autoDraw = False
2.9532 	EXP 	fixation_cross: autoDraw = True
3.4539 	INFO 	Keyboard events cleared
3.4537 	EXP 	fixation_cross: autoDraw = False
3.4537 	EXP 	fixation_cross: autoDraw = False
3.4537 	EXP 	word_one: height = 0.05
3.4537 	EXP 	word_one: height = 0.05
3.4537 	EXP 	word_one: height = 0.05
3.4537 	EXP 	word_one: text = 'dog'
3.4537 	EXP 	word_two: height = 0.05
3.4537 	EXP 	word_two: height = 0.05
3.4537 	EXP 	word_two: height = 0.05
3.4537 	EXP 	word_two: text = 'car'
3.4537 	EXP 	word_three: height = 0.05
3.4537 	EXP 	word_three: height = 0.05
3.4537 	EXP 	word_three: height = 0.05
3.4537 	EXP 	word_three: text = 'cat'
3.4537 	EXP 	word_one: autoDraw = True
3.4537 	EXP 	word_two: autoDraw = True
3.4537 	EXP 	word_three: autoDraw = True
5.3433 	EXP 	New trial (rep=0, index=2): <Trial 2 (2 in rep 0) data={'stim1': 'sofa', 'stim2': 'table', 'stim3': 'lamp', 'correctAns': 3, 'difficulty': 'medium', 'thisN': 2, 'thisTrialN': 2, 'thisRepN': 0}>
5.3496 	DATA 	Keypress: 2
5.3553 	EXP 	word_one: autoDraw = False
5.3553 	EXP 	word_two: autoDraw = False
5.3553 	EXP 	word_three: autoDraw = False
5.3553 	EXP 	fixation_cross: autoDraw = True
5.8600 	INFO 	Keyboard events cleared
5.8597 	EXP 	fixation_cross: autoDraw = False
5.8597 	EXP 	fixation_cross: autoDraw = False
5.8597 	EXP 	word_one: height = 0.05
5.8597 	EXP 	word_one: height = 0.05
5.8597 	EXP 	word_one: height = 0.05
5.8597 	EXP 	word_one: text = 'sofa'
5.8597 	EXP 	word_two: height = 0.05
5.8597 	EXP 	word_two: height = 0.05
5.8597 	EXP 	word_two: height = 0.05
5.8597 	EXP 	word_two: text = 'table'
5.8597 	EXP 	word_three: height = 0.05
5.8597 	EXP 	word_three: height = 0.05
5.8597 	EXP 	word_three: height = 0.05
5.8597 	EXP 	word_three: text = 'lamp'
5.8597 	EXP 	word_one: autoDraw = True
5.8597 	EXP 	word_two: autoDraw = True
5.8597 	EXP 	word_three: autoDraw = True
7.5683 	EXP 	New trial (rep=0, index=3): <Trial 3 (3 in rep 0) data={'stim1': 'apple', 'stim2': 'banana', 'stim3': 'pencil', 'correctAns': 3, 'difficulty': 'easy', 'thisN': 3, 'thisTrialN': 3, 'thisRepN': 0}>
7.5705 	DATA 	Keypress: 3
7.5762 	EXP 	word_one: autoDraw = False
7.5762 	EXP 	word_two: autoDraw = False
7.5762 	EXP 	word_three: autoDraw = False
7.5762 	EXP 	fixation_cross: autoDraw = True
8.0839 	INFO 	Keyboard events cleared
8.0836 	EXP 	fixation_cross: autoDraw = False
8.0836 	EXP 	fixation_cross: autoDraw = False
8.0836 	EXP 	word_one: height = 0.05
8.0836 	EXP 	word_one: height = 0.05
8.0836 	EXP 	word_one: height = 0.05
8.0836 	EXP 	word_one: text = 'apple'
8.0836 	EXP 	word_two: height = 0.05
8.0836 	EXP 	word_two: height = 0.05
8.0836 	EXP 	word_two: height = 0.05
8.0836 	EXP 	word_two: text = 'banana'
8.0836 	EXP 	word_three: height = 0.05
8.0836 	EXP 	word_three: height = 0.05
8.0836 	EXP 	word_three: height = 0.05
8.0836 	EXP 	word_three: text = 'pencil'
8.0836 	EXP 	word_one: autoDraw = True
8.0836 	EXP 	word_two: autoDraw = True
8.0836 	EXP 	word_three: autoDraw = True
9.9682 	EXP 	New trial (rep=0, index=4): <Trial 4 (4 in rep 0) data={'stim1': 'octopus ', 'stim2': 'penguin', 'stim3': 'squid', 'correctAns': 2, 'difficulty': 'hard', 'thisN': 4, 'thisTrialN': 4, 'thisRepN': 0}>
9.9714 	DATA 	Keypress: 3
9.9790 	EXP 	word_one: autoDraw = False
9.9790 	EXP 	word_two: autoDraw = False
9.9790 	EXP 	word_three: autoDraw = False
9.9790 	EXP 	fixation_cross: autoDraw = True
10.4843 	INFO 	Keyboard events cleared
10.4839 	EXP 	fixation_cross: autoDraw = False
10.4839 	EXP 	fixation_cross: autoDraw = False
10.4839 	EXP 	word_one: height = 0.05
10.4839 	EXP 	word_one: height = 0.05
10.4839 	EXP 	word_one: height = 0.05
10.4839 	EXP 	word_one: text = 'octopus '
10.4839 	EXP 	word_two: height = 0.05
10.4839 	EXP 	word_two: height = 0.05
10.4839 	EXP 	word_two: height = 0.05
10.4839 	EXP 	word_two: text = 'penguin'
10.4839 	EXP 	word_three: height = 0.05
10.4839 	EXP 	word_three: height = 0.05
10.4839 	EXP 	word_three: height = 0.05
10.4839 	EXP 	word_three: text = 'squid'
10.4839 	EXP 	word_one: autoDraw = True
10.4839 	EXP 	word_two: autoDraw = True
10.4839 	EXP 	word_three: autoDraw = True
11.2425 	EXP 	New trial (rep=0, index=5): <Trial 5 (5 in rep 0) data={'stim1': 'sun', 'stim2': 'book', 'stim3': 'moon', 'correctAns': 2, 'difficulty': 'easy', 'thisN': 5, 'thisTrialN': 5, 'thisRepN': 0}>
11.2447 	DATA 	Keypress: 2
11.2524 	EXP 	word_one: autoDraw = False
11.2524 	EXP 	word_two: autoDraw = False
11.2524 	EXP 	word_three: autoDraw = False
11.2524 	EXP 	fixation_cross: autoDraw = True
11.7608 	INFO 	Keyboard events cleared
11.7605 	EXP 	fixation_cross: autoDraw = False
11.7605 	EXP 	fixation_cross: autoDraw = False
11.7605 	EXP 	word_one: height = 0.05
11.7605 	EXP 	word_one: height = 0.05
11.7605 	EXP 	word_one: height = 0.05
11.7605 	EXP 	word_one: text = 'sun'
11.7605 	EXP 	word_two: height = 0.05
11.7605 	EXP 	word_two: height = 0.05
11.7605 	EXP 	word_two: height = 0.05
11.7605 	EXP 	word_two: text = 'book'
11.7605 	EXP 	word_three: height = 0.05
11.7605 	EXP 	word_three: height = 0.05
11.7605 	EXP 	word_three: height = 0.05
11.7605 	EXP 	word_three: text = 'moon'
11.7605 	EXP 	word_one: autoDraw = True
11.7605 	EXP 	word_two: autoDraw = True
11.7605 	EXP 	word_three: autoDraw = True
13.4683 	EXP 	New trial (rep=0, index=6): <Trial 6 (6 in rep 0) data={'stim1': 'cat', 'stim2': 'dog', 'stim3': 'lion', 'correctAns': 2, 'difficulty': 'hard', 'thisN': 6, 'thisTrialN': 6, 'thisRepN': 0}>
13.4737 	EXP 	word_one: autoDraw = False
13.4737 	EXP 	word_two: autoDraw = False
13.4737 	EXP 	word_three: autoDraw = False
13.4737 	EXP 	fixation_cross: autoDraw = True
13.4767 	DATA 	Keypress: 2
13.9745 	INFO 	Keyboard events cleared
13.9742 	EXP 	fixation_cross: autoDraw = False
13.9742 	EXP 	fixation_cross: autoDraw = False
13.9742 	EXP 	word_one: height = 0.05
13.9742 	EXP 	word_one: height = 0.05
13.9742 	EXP 	word_one: height = 0.05
13.9742 	EXP 	word_one: text = 'cat'
13.9742 	EXP 	word_two: height = 0.05
13.9742 	EXP 	word_two: height = 0.05
13.9742 	EXP 	word_two: height = 0.05
13.9742 	EXP 	word_two: text = 'dog'
13.9742 	EXP 	word_three: height = 0.05
13.9742 	EXP 	word_three: height = 0.05
13.9742 	EXP 	word_three: height = 0.05
13.9742 	EXP 	word_three: text = 'lion'
13.9742 	EXP 	word_one: autoDraw = True
13.9742 	EXP 	word_two: autoDraw = True
13.9742 	EXP 	word_three: autoDraw = True
15.9666 	EXP 	New trial (rep=0, index=7): <Trial 7 (7 in rep 0) data={'stim1': 'bicycle', 'stim2': 'apple ', 'stim3': 'train', 'correctAns': 2, 'difficulty': 'easy', 'thisN': 7, 'thisTrialN': 7, 'thisRepN': 0}>
15.9834 	EXP 	word_one: autoDraw = False
15.9834 	EXP 	word_two: autoDraw = False
15.9834 	EXP 	word_three: autoDraw = False
15.9834 	EXP 	word_one: autoDraw = False
15.9834 	EXP 	word_two: autoDraw = False
15.9834 	EXP 	word_three: autoDraw = False
15.9834 	EXP 	fixation_cross: autoDraw = True
16.4884 	INFO 	Keyboard events cleared
16.4881 	EXP 	fixation_cross: autoDraw = False
16.4881 	EXP 	word_one: height = 0.05
16.4881 	EXP 	word_one: height = 0.05
16.4881 	EXP 	word_one: height = 0.05
16.4881 	EXP 	word_one: text = 'bicycle'
16.4881 	EXP 	word_two: height = 0.05
16.4881 	EXP 	word_two: height = 0.05
16.4881 	EXP 	word_two: height = 0.05
16.4881 	EXP 	word_two: text = 'apple '
16.4881 	EXP 	word_three: height = 0.05
16.4881 	EXP 	word_three: height = 0.05
16.4881 	EXP 	word_three: height = 0.05
16.4881 	EXP 	word_three: text = 'train'
16.4881 	EXP 	word_one: autoDraw = True
16.4881 	EXP 	word_two: autoDraw = True
16.4881 	EXP 	word_three: autoDraw = True
18.4582 	EXP 	New trial (rep=0, index=8): <Trial 8 (8 in rep 0) data={'stim1': 'sunflower', 'stim2': 'winter', 'stim3': 'rain', 'correctAns': 1, 'difficulty': 'easy', 'thisN': 8, 'thisTrialN': 8, 'thisRepN': 0}>
18.4669 	EXP 	word_one: autoDraw = False
18.4669 	EXP 	word_two: autoDraw = False
18.4669 	EXP 	word_three: autoDraw = False
18.4669 	EXP 	fixation_cross: autoDraw = True
18.9629 	EXP 	fixation_cross: autoDraw = False
18.9629 	EXP 	fixation_cross: autoDraw = False
18.9629 	EXP 	word_one: height = 0.05
18.9629 	EXP 	word_one: height = 0.05
18.9629 	EXP 	word_one: height = 0.05
18.9629 	EXP 	word_one: text = 'sunflower'
18.9629 	EXP 	word_two: height = 0.05
18.9629 	EXP 	word_two: height = 0.05
18.9629 	EXP 	word_two: height = 0.05
18.9629 	EXP 	word_two: text = 'winter'
18.9629 	EXP 	word_three: height = 0.05
18.9629 	EXP 	word_three: height = 0.05
18.9629 	EXP 	word_three: height = 0.05
18.9629 	EXP 	word_three: text = 'rain'
18.9709 	INFO 	Keyboard events cleared
18.9707 	EXP 	word_one: autoDraw = True
18.9707 	EXP 	word_two: autoDraw = True
18.9707 	EXP 	word_three: autoDraw = True
19.7095 	EXP 	New trial (rep=0, index=9): <Trial 9 (9 in rep 0) data={'stim1': 'square', 'stim2': 'rectangle ', 'stim3': 'triangle', 'correctAns': 3, 'difficulty': 'medium', 'thisN': 9, 'thisTrialN': 9, 'thisRepN': 0}>
19.7122 	DATA 	Keypress: 1
19.7189 	EXP 	word_one: autoDraw = False
19.7189 	EXP 	word_two: autoDraw = False
19.7189 	EXP 	word_three: autoDraw = False
19.7189 	EXP 	fixation_cross: autoDraw = True
20.2296 	INFO 	Keyboard events cleared
20.2292 	EXP 	fixation_cross: autoDraw = False
20.2292 	EXP 	fixation_cross: autoDraw = False
20.2292 	EXP 	word_one: height = 0.05
20.2292 	EXP 	word_one: height = 0.05
20.2292 	EXP 	word_one: height = 0.05
20.2292 	EXP 	word_one: text = 'square'
20.2292 	EXP 	word_two: height = 0.05
20.2292 	EXP 	word_two: height = 0.05
20.2292 	EXP 	word_two: height = 0.05
20.2292 	EXP 	word_two: text = 'rectangle '
20.2292 	EXP 	word_three: height = 0.05
20.2292 	EXP 	word_three: height = 0.05
20.2292 	EXP 	word_three: height = 0.05
20.2292 	EXP 	word_three: text = 'triangle'
20.2292 	EXP 	word_one: autoDraw = True
20.2292 	EXP 	word_two: autoDraw = True
20.2292 	EXP 	word_three: autoDraw = True
22.2018 	EXP 	New trial (rep=0, index=10): <Trial 10 (10 in rep 0) data={'stim1': 'pluto', 'stim2': 'earth', 'stim3': 'mars', 'correctAns': 1, 'difficulty': 'hard', 'thisN': 10, 'thisTrialN': 10, 'thisRepN': 0}>
22.2078 	EXP 	word_one: autoDraw = False
22.2078 	EXP 	word_two: autoDraw = False
22.2078 	EXP 	word_three: autoDraw = False
22.2078 	EXP 	fixation_cross: autoDraw = True
22.7080 	EXP 	fixation_cross: autoDraw = False
22.7080 	EXP 	fixation_cross: autoDraw = False
22.7080 	EXP 	word_one: height = 0.05
22.7080 	EXP 	word_one: height = 0.05
22.7080 	EXP 	word_one: height = 0.05
22.7080 	EXP 	word_one: text = 'pluto'
22.7080 	EXP 	word_two: height = 0.05
22.7080 	EXP 	word_two: height = 0.05
22.7080 	EXP 	word_two: height = 0.05
22.7080 	EXP 	word_two: text = 'earth'
22.7080 	EXP 	word_three: height = 0.05
22.7080 	EXP 	word_three: height = 0.05
22.7080 	EXP 	word_three: height = 0.05
22.7080 	EXP 	word_three: text = 'mars'
22.7324 	INFO 	Keyboard events cleared
22.7321 	EXP 	word_one: autoDraw = True
22.7321 	EXP 	word_two: autoDraw = True
22.7321 	EXP 	word_three: autoDraw = True
24.2421 	EXP 	New trial (rep=0, index=11): <Trial 11 (11 in rep 0) data={'stim1': 'rose', 'stim2': 'daisy', 'stim3': 'chair', 'correctAns': 3, 'difficulty': 'medium', 'thisN': 11, 'thisTrialN': 11, 'thisRepN': 0}>
24.2501 	EXP 	word_one: autoDraw = False
24.2501 	EXP 	word_two: autoDraw = False
24.2501 	EXP 	word_three: autoDraw = False
24.2501 	EXP 	fixation_cross: autoDraw = True
24.2525 	DATA 	Keypress: 1
24.7495 	INFO 	Keyboard events cleared
24.7492 	EXP 	fixation_cross: autoDraw = False
24.7492 	EXP 	fixation_cross: autoDraw = False
24.7492 	EXP 	word_one: height = 0.05
24.7492 	EXP 	word_one: height = 0.05
24.7492 	EXP 	word_one: height = 0.05
24.7492 	EXP 	word_one: text = 'rose'
24.7492 	EXP 	word_two: height = 0.05
24.7492 	EXP 	word_two: height = 0.05
24.7492 	EXP 	word_two: height = 0.05
24.7492 	EXP 	word_two: text = 'daisy'
24.7492 	EXP 	word_three: height = 0.05
24.7492 	EXP 	word_three: height = 0.05
24.7492 	EXP 	word_three: height = 0.05
24.7492 	EXP 	word_three: text = 'chair'
24.7492 	EXP 	word_one: autoDraw = True
24.7492 	EXP 	word_two: autoDraw = True
24.7492 	EXP 	word_three: autoDraw = True
25.6514 	EXP 	New trial (rep=0, index=12): <Trial 12 (12 in rep 0) data={'stim1': 'car', 'stim2': 'bus', 'stim3': ' aeroplane', 'correctAns': 3, 'difficulty': 'medium', 'thisN': 12, 'thisTrialN': 12, 'thisRepN': 0}>
25.6537 	DATA 	Keypress: 3
25.6596 	EXP 	word_one: autoDraw = False
25.6596 	EXP 	word_two: autoDraw = False
25.6596 	EXP 	word_three: autoDraw = False
25.6596 	EXP 	fixation_cross: autoDraw = True
26.1666 	INFO 	Keyboard events cleared
26.1663 	EXP 	fixation_cross: autoDraw = False
26.1663 	EXP 	fixation_cross: autoDraw = False
26.1663 	EXP 	word_one: height = 0.05
26.1663 	EXP 	word_one: height = 0.05
26.1663 	EXP 	word_one: height = 0.05
26.1663 	EXP 	word_one: text = 'car'
26.1663 	EXP 	word_two: height = 0.05
26.1663 	EXP 	word_two: height = 0.05
26.1663 	EXP 	word_two: height = 0.05
26.1663 	EXP 	word_two: text = 'bus'
26.1663 	EXP 	word_three: height = 0.05
26.1663 	EXP 	word_three: height = 0.05
26.1663 	EXP 	word_three: height = 0.05
26.1663 	EXP 	word_three: text = ' aeroplane'
26.1663 	EXP 	word_one: autoDraw = True
26.1663 	EXP 	word_two: autoDraw = True
26.1663 	EXP 	word_three: autoDraw = True
28.1416 	EXP 	New trial (rep=0, index=13): <Trial 13 (13 in rep 0) data={'stim1': 'trumpet ', 'stim2': 'flute', 'stim3': 'violin', 'correctAns': 3, 'difficulty': 'hard', 'thisN': 13, 'thisTrialN': 13, 'thisRepN': 0}>
28.1496 	EXP 	word_one: autoDraw = False
28.1496 	EXP 	word_two: autoDraw = False
28.1496 	EXP 	word_three: autoDraw = False
28.1496 	EXP 	fixation_cross: autoDraw = True
28.2349 	DATA 	Keypress: 3
28.6466 	EXP 	fixation_cross: autoDraw = False
28.6466 	EXP 	fixation_cross: autoDraw = False
28.6466 	EXP 	word_one: height = 0.05
28.6466 	EXP 	word_one: height = 0.05
28.6466 	EXP 	word_one: height = 0.05
28.6466 	EXP 	word_one: text = 'trumpet '
28.6466 	EXP 	word_two: height = 0.05
28.6466 	EXP 	word_two: height = 0.05
28.6466 	EXP 	word_two: height = 0.05
28.6466 	EXP 	word_two: text = 'flute'
28.6466 	EXP 	word_three: height = 0.05
28.6466 	EXP 	word_three: height = 0.05
28.6466 	EXP 	word_three: height = 0.05
28.6466 	EXP 	word_three: text = 'violin'
28.6547 	INFO 	Keyboard events cleared
28.6544 	EXP 	word_one: autoDraw = True
28.6544 	EXP 	word_two: autoDraw = True
28.6544 	EXP 	word_three: autoDraw = True
29.5081 	EXP 	New trial (rep=0, index=14): <Trial 14 (14 in rep 0) data={'stim1': 'cheetah', 'stim2': 'dolphin', 'stim3': 'leopard', 'correctAns': 2, 'difficulty': 'hard', 'thisN': 14, 'thisTrialN': 14, 'thisRepN': 0}>
29.5165 	EXP 	word_one: autoDraw = False
29.5165 	EXP 	word_two: autoDraw = False
29.5165 	EXP 	word_three: autoDraw = False
29.5165 	EXP 	fixation_cross: autoDraw = True
29.5188 	DATA 	Keypress: 3
30.0163 	INFO 	Keyboard events cleared
30.0160 	EXP 	fixation_cross: autoDraw = False
30.0160 	EXP 	fixation_cross: autoDraw = False
30.0160 	EXP 	word_one: height = 0.05
30.0160 	EXP 	word_one: height = 0.05
30.0160 	EXP 	word_one: height = 0.05
30.0160 	EXP 	word_one: text = 'cheetah'
30.0160 	EXP 	word_two: height = 0.05
30.0160 	EXP 	word_two: height = 0.05
30.0160 	EXP 	word_two: height = 0.05
30.0160 	EXP 	word_two: text = 'dolphin'
30.0160 	EXP 	word_three: height = 0.05
30.0160 	EXP 	word_three: height = 0.05
30.0160 	EXP 	word_three: height = 0.05
30.0160 	EXP 	word_three: text = 'leopard'
30.0160 	EXP 	word_one: autoDraw = True
30.0160 	EXP 	word_two: autoDraw = True
30.0160 	EXP 	word_three: autoDraw = True
30.9624 	DATA 	Keypress: 2
30.9690 	EXP 	word_one: autoDraw = False
30.9690 	EXP 	word_two: autoDraw = False
30.9690 	EXP 	word_three: autoDraw = False
30.9690 	EXP 	text: autoDraw = True
35.9761 	EXP 	text: autoDraw = False
35.9761 	EXP 	text: autoDraw = False
35.9761 	EXP 	text_countdown: autoDraw = True
40.9757 	EXP 	Imported stimwords.xlsx as conditions, 15 conditions, 5 params
40.9762 	EXP 	New trial (rep=0, index=0): <Trial 0 (0 in rep 0) data={'stim1': 'fish', 'stim2': 'bird', 'stim3': 'shark', 'correctAns': 2, 'difficulty': 'medium', 'thisN': 0, 'thisTrialN': 0, 'thisRepN': 0}>
40.9829 	EXP 	text_countdown: autoDraw = False
40.9829 	EXP 	fixation_cross_2: autoDraw = True
41.4869 	INFO 	Keyboard events cleared
41.4867 	EXP 	fixation_cross_2: autoDraw = False
41.4867 	EXP 	word_one_2: height = 0.05
41.4867 	EXP 	word_one_2: height = 0.05
41.4867 	EXP 	word_one_2: height = 0.05
41.4867 	EXP 	word_one_2: text = 'fish'
41.4867 	EXP 	word_two_2: height = 0.05
41.4867 	EXP 	word_two_2: height = 0.05
41.4867 	EXP 	word_two_2: height = 0.05
41.4867 	EXP 	word_two_2: text = 'bird'
41.4867 	EXP 	word_three_2: height = 0.05
41.4867 	EXP 	word_three_2: height = 0.05
41.4867 	EXP 	word_three_2: height = 0.05
41.4867 	EXP 	word_three_2: text = 'shark'
41.4867 	EXP 	word_one_2: autoDraw = True
41.4867 	EXP 	word_two_2: autoDraw = True
41.4867 	EXP 	word_three_2: autoDraw = True
45.0338 	EXP 	New trial (rep=0, index=1): <Trial 1 (1 in rep 0) data={'stim1': 'car', 'stim2': 'bus', 'stim3': ' aeroplane', 'correctAns': 3, 'difficulty': 'medium', 'thisN': 1, 'thisTrialN': 1, 'thisRepN': 0}>
45.0362 	DATA 	Keypress: 2
45.0421 	EXP 	word_one_2: autoDraw = False
45.0421 	EXP 	word_two_2: autoDraw = False
45.0421 	EXP 	word_three_2: autoDraw = False
45.0421 	EXP 	fixation_cross_2: autoDraw = True
45.5520 	INFO 	Keyboard events cleared
45.5518 	EXP 	fixation_cross_2: autoDraw = False
45.5518 	EXP 	word_one_2: height = 0.05
45.5518 	EXP 	word_one_2: height = 0.05
45.5518 	EXP 	word_one_2: height = 0.05
45.5518 	EXP 	word_one_2: text = 'car'
45.5518 	EXP 	word_two_2: height = 0.05
45.5518 	EXP 	word_two_2: height = 0.05
45.5518 	EXP 	word_two_2: height = 0.05
45.5518 	EXP 	word_two_2: text = 'bus'
45.5518 	EXP 	word_three_2: height = 0.05
45.5518 	EXP 	word_three_2: height = 0.05
45.5518 	EXP 	word_three_2: height = 0.05
45.5518 	EXP 	word_three_2: text = ' aeroplane'
45.5518 	EXP 	word_one_2: autoDraw = True
45.5518 	EXP 	word_two_2: autoDraw = True
45.5518 	EXP 	word_three_2: autoDraw = True
47.3517 	EXP 	New trial (rep=0, index=2): <Trial 2 (2 in rep 0) data={'stim1': 'dog', 'stim2': 'car', 'stim3': 'cat', 'correctAns': 2, 'difficulty': 'easy', 'thisN': 2, 'thisTrialN': 2, 'thisRepN': 0}>
47.3539 	DATA 	Keypress: 3
47.3607 	EXP 	word_one_2: autoDraw = False
47.3607 	EXP 	word_two_2: autoDraw = False
47.3607 	EXP 	word_three_2: autoDraw = False
47.3607 	EXP 	fixation_cross_2: autoDraw = True
47.8654 	INFO 	Keyboard events cleared
47.8651 	EXP 	fixation_cross_2: autoDraw = False
47.8651 	EXP 	fixation_cross_2: autoDraw = False
47.8651 	EXP 	word_one_2: height = 0.05
47.8651 	EXP 	word_one_2: height = 0.05
47.8651 	EXP 	word_one_2: height = 0.05
47.8651 	EXP 	word_one_2: text = 'dog'
47.8651 	EXP 	word_two_2: height = 0.05
47.8651 	EXP 	word_two_2: height = 0.05
47.8651 	EXP 	word_two_2: height = 0.05
47.8651 	EXP 	word_two_2: text = 'car'
47.8651 	EXP 	word_three_2: height = 0.05
47.8651 	EXP 	word_three_2: height = 0.05
47.8651 	EXP 	word_three_2: height = 0.05
47.8651 	EXP 	word_three_2: text = 'cat'
47.8651 	EXP 	word_one_2: autoDraw = True
47.8651 	EXP 	word_two_2: autoDraw = True
47.8651 	EXP 	word_three_2: autoDraw = True
49.5249 	EXP 	New trial (rep=0, index=3): <Trial 3 (3 in rep 0) data={'stim1': 'octopus ', 'stim2': 'penguin', 'stim3': 'squid', 'correctAns': 2, 'difficulty': 'hard', 'thisN': 3, 'thisTrialN': 3, 'thisRepN': 0}>
49.5273 	DATA 	Keypress: 3
49.5352 	EXP 	word_one_2: autoDraw = False
49.5352 	EXP 	word_two_2: autoDraw = False
49.5352 	EXP 	word_three_2: autoDraw = False
49.5352 	EXP 	fixation_cross_2: autoDraw = True
50.0361 	INFO 	Keyboard events cleared
50.0359 	EXP 	fixation_cross_2: autoDraw = False
50.0359 	EXP 	fixation_cross_2: autoDraw = False
50.0359 	EXP 	word_one_2: height = 0.05
50.0359 	EXP 	word_one_2: height = 0.05
50.0359 	EXP 	word_one_2: height = 0.05
50.0359 	EXP 	word_one_2: text = 'octopus '
50.0359 	EXP 	word_two_2: height = 0.05
50.0359 	EXP 	word_two_2: height = 0.05
50.0359 	EXP 	word_two_2: height = 0.05
50.0359 	EXP 	word_two_2: text = 'penguin'
50.0359 	EXP 	word_three_2: height = 0.05
50.0359 	EXP 	word_three_2: height = 0.05
50.0359 	EXP 	word_three_2: height = 0.05
50.0359 	EXP 	word_three_2: text = 'squid'
50.0359 	EXP 	word_one_2: autoDraw = True
50.0359 	EXP 	word_two_2: autoDraw = True
50.0359 	EXP 	word_three_2: autoDraw = True
50.6173 	EXP 	New trial (rep=0, index=4): <Trial 4 (4 in rep 0) data={'stim1': 'sofa', 'stim2': 'table', 'stim3': 'lamp', 'correctAns': 3, 'difficulty': 'medium', 'thisN': 4, 'thisTrialN': 4, 'thisRepN': 0}>
50.6196 	DATA 	Keypress: 2
50.6265 	EXP 	word_one_2: autoDraw = False
50.6265 	EXP 	word_two_2: autoDraw = False
50.6265 	EXP 	word_three_2: autoDraw = False
50.6265 	EXP 	fixation_cross_2: autoDraw = True
51.1345 	INFO 	Keyboard events cleared
51.1341 	EXP 	fixation_cross_2: autoDraw = False
51.1341 	EXP 	word_one_2: height = 0.05
51.1341 	EXP 	word_one_2: height = 0.05
51.1341 	EXP 	word_one_2: height = 0.05
51.1341 	EXP 	word_one_2: text = 'sofa'
51.1341 	EXP 	word_two_2: height = 0.05
51.1341 	EXP 	word_two_2: height = 0.05
51.1341 	EXP 	word_two_2: height = 0.05
51.1341 	EXP 	word_two_2: text = 'table'
51.1341 	EXP 	word_three_2: height = 0.05
51.1341 	EXP 	word_three_2: height = 0.05
51.1341 	EXP 	word_three_2: height = 0.05
51.1341 	EXP 	word_three_2: text = 'lamp'
51.1341 	EXP 	word_one_2: autoDraw = True
51.1341 	EXP 	word_two_2: autoDraw = True
51.1341 	EXP 	word_three_2: autoDraw = True
52.7001 	EXP 	New trial (rep=0, index=5): <Trial 5 (5 in rep 0) data={'stim1': 'bicycle', 'stim2': 'apple ', 'stim3': 'train', 'correctAns': 2, 'difficulty': 'easy', 'thisN': 5, 'thisTrialN': 5, 'thisRepN': 0}>
52.7023 	DATA 	Keypress: 3
52.7108 	EXP 	word_one_2: autoDraw = False
52.7108 	EXP 	word_two_2: autoDraw = False
52.7108 	EXP 	word_three_2: autoDraw = False
52.7108 	EXP 	fixation_cross_2: autoDraw = True
53.2184 	INFO 	Keyboard events cleared
53.2182 	EXP 	fixation_cross_2: autoDraw = False
53.2182 	EXP 	word_one_2: height = 0.05
53.2182 	EXP 	word_one_2: height = 0.05
53.2182 	EXP 	word_one_2: height = 0.05
53.2182 	EXP 	word_one_2: text = 'bicycle'
53.2182 	EXP 	word_two_2: height = 0.05
53.2182 	EXP 	word_two_2: height = 0.05
53.2182 	EXP 	word_two_2: height = 0.05
53.2182 	EXP 	word_two_2: text = 'apple '
53.2182 	EXP 	word_three_2: height = 0.05
53.2182 	EXP 	word_three_2: height = 0.05
53.2182 	EXP 	word_three_2: height = 0.05
53.2182 	EXP 	word_three_2: text = 'train'
53.2182 	EXP 	word_one_2: autoDraw = True
53.2182 	EXP 	word_two_2: autoDraw = True
53.2182 	EXP 	word_three_2: autoDraw = True
56.9166 	EXP 	New trial (rep=0, index=6): <Trial 6 (6 in rep 0) data={'stim1': 'trumpet ', 'stim2': 'flute', 'stim3': 'violin', 'correctAns': 3, 'difficulty': 'hard', 'thisN': 6, 'thisTrialN': 6, 'thisRepN': 0}>
56.9188 	DATA 	Keypress: 2
56.9245 	EXP 	word_one_2: autoDraw = False
56.9245 	EXP 	word_two_2: autoDraw = False
56.9245 	EXP 	word_three_2: autoDraw = False
56.9245 	EXP 	fixation_cross_2: autoDraw = True
57.4372 	INFO 	Keyboard events cleared
57.4369 	EXP 	fixation_cross_2: autoDraw = False
57.4369 	EXP 	word_one_2: height = 0.05
57.4369 	EXP 	word_one_2: height = 0.05
57.4369 	EXP 	word_one_2: height = 0.05
57.4369 	EXP 	word_one_2: text = 'trumpet '
57.4369 	EXP 	word_two_2: height = 0.05
57.4369 	EXP 	word_two_2: height = 0.05
57.4369 	EXP 	word_two_2: height = 0.05
57.4369 	EXP 	word_two_2: text = 'flute'
57.4369 	EXP 	word_three_2: height = 0.05
57.4369 	EXP 	word_three_2: height = 0.05
57.4369 	EXP 	word_three_2: height = 0.05
57.4369 	EXP 	word_three_2: text = 'violin'
57.4369 	EXP 	word_one_2: autoDraw = True
57.4369 	EXP 	word_two_2: autoDraw = True
57.4369 	EXP 	word_three_2: autoDraw = True
58.4171 	EXP 	New trial (rep=0, index=7): <Trial 7 (7 in rep 0) data={'stim1': 'sunflower', 'stim2': 'winter', 'stim3': 'rain', 'correctAns': 1, 'difficulty': 'easy', 'thisN': 7, 'thisTrialN': 7, 'thisRepN': 0}>
58.4194 	DATA 	Keypress: 3
58.4251 	EXP 	word_one_2: autoDraw = False
58.4251 	EXP 	word_two_2: autoDraw = False
58.4251 	EXP 	word_three_2: autoDraw = False
58.4251 	EXP 	fixation_cross_2: autoDraw = True
58.9327 	INFO 	Keyboard events cleared
58.9324 	EXP 	fixation_cross_2: autoDraw = False
58.9324 	EXP 	fixation_cross_2: autoDraw = False
58.9324 	EXP 	word_one_2: height = 0.05
58.9324 	EXP 	word_one_2: height = 0.05
58.9324 	EXP 	word_one_2: height = 0.05
58.9324 	EXP 	word_one_2: text = 'sunflower'
58.9324 	EXP 	word_two_2: height = 0.05
58.9324 	EXP 	word_two_2: height = 0.05
58.9324 	EXP 	word_two_2: height = 0.05
58.9324 	EXP 	word_two_2: text = 'winter'
58.9324 	EXP 	word_three_2: height = 0.05
58.9324 	EXP 	word_three_2: height = 0.05
58.9324 	EXP 	word_three_2: height = 0.05
58.9324 	EXP 	word_three_2: text = 'rain'
58.9324 	EXP 	word_one_2: autoDraw = True
58.9324 	EXP 	word_two_2: autoDraw = True
58.9324 	EXP 	word_three_2: autoDraw = True
59.8078 	EXP 	New trial (rep=0, index=8): <Trial 8 (8 in rep 0) data={'stim1': 'sun', 'stim2': 'book', 'stim3': 'moon', 'correctAns': 2, 'difficulty': 'easy', 'thisN': 8, 'thisTrialN': 8, 'thisRepN': 0}>
59.8100 	DATA 	Keypress: 1
59.8178 	EXP 	word_one_2: autoDraw = False
59.8178 	EXP 	word_two_2: autoDraw = False
59.8178 	EXP 	word_three_2: autoDraw = False
59.8178 	EXP 	fixation_cross_2: autoDraw = True
60.3182 	INFO 	Keyboard events cleared
60.3179 	EXP 	fixation_cross_2: autoDraw = False
60.3179 	EXP 	fixation_cross_2: autoDraw = False
60.3179 	EXP 	word_one_2: height = 0.05
60.3179 	EXP 	word_one_2: height = 0.05
60.3179 	EXP 	word_one_2: height = 0.05
60.3179 	EXP 	word_one_2: text = 'sun'
60.3179 	EXP 	word_two_2: height = 0.05
60.3179 	EXP 	word_two_2: height = 0.05
60.3179 	EXP 	word_two_2: height = 0.05
60.3179 	EXP 	word_two_2: text = 'book'
60.3179 	EXP 	word_three_2: height = 0.05
60.3179 	EXP 	word_three_2: height = 0.05
60.3179 	EXP 	word_three_2: height = 0.05
60.3179 	EXP 	word_three_2: text = 'moon'
60.3179 	EXP 	word_one_2: autoDraw = True
60.3179 	EXP 	word_two_2: autoDraw = True
60.3179 	EXP 	word_three_2: autoDraw = True
61.4008 	EXP 	New trial (rep=0, index=9): <Trial 9 (9 in rep 0) data={'stim1': 'square', 'stim2': 'rectangle ', 'stim3': 'triangle', 'correctAns': 3, 'difficulty': 'medium', 'thisN': 9, 'thisTrialN': 9, 'thisRepN': 0}>
61.4068 	EXP 	word_one_2: autoDraw = False
61.4068 	EXP 	word_two_2: autoDraw = False
61.4068 	EXP 	word_three_2: autoDraw = False
61.4068 	EXP 	fixation_cross_2: autoDraw = True
61.4096 	DATA 	Keypress: 2
61.9182 	INFO 	Keyboard events cleared
61.9180 	EXP 	fixation_cross_2: autoDraw = False
61.9180 	EXP 	fixation_cross_2: autoDraw = False
61.9180 	EXP 	word_one_2: height = 0.05
61.9180 	EXP 	word_one_2: height = 0.05
61.9180 	EXP 	word_one_2: height = 0.05
61.9180 	EXP 	word_one_2: text = 'square'
61.9180 	EXP 	word_two_2: height = 0.05
61.9180 	EXP 	word_two_2: height = 0.05
61.9180 	EXP 	word_two_2: height = 0.05
61.9180 	EXP 	word_two_2: text = 'rectangle '
61.9180 	EXP 	word_three_2: height = 0.05
61.9180 	EXP 	word_three_2: height = 0.05
61.9180 	EXP 	word_three_2: height = 0.05
61.9180 	EXP 	word_three_2: text = 'triangle'
61.9180 	EXP 	word_one_2: autoDraw = True
61.9180 	EXP 	word_two_2: autoDraw = True
61.9180 	EXP 	word_three_2: autoDraw = True
62.8580 	EXP 	New trial (rep=0, index=10): <Trial 10 (10 in rep 0) data={'stim1': 'cheetah', 'stim2': 'dolphin', 'stim3': 'leopard', 'correctAns': 2, 'difficulty': 'hard', 'thisN': 10, 'thisTrialN': 10, 'thisRepN': 0}>
62.8604 	DATA 	Keypress: 3
62.8682 	EXP 	word_one_2: autoDraw = False
62.8682 	EXP 	word_two_2: autoDraw = False
62.8682 	EXP 	word_three_2: autoDraw = False
62.8682 	EXP 	fixation_cross_2: autoDraw = True
63.3761 	INFO 	Keyboard events cleared
63.3758 	EXP 	fixation_cross_2: autoDraw = False
63.3758 	EXP 	fixation_cross_2: autoDraw = False
63.3758 	EXP 	word_one_2: height = 0.05
63.3758 	EXP 	word_one_2: height = 0.05
63.3758 	EXP 	word_one_2: height = 0.05
63.3758 	EXP 	word_one_2: text = 'cheetah'
63.3758 	EXP 	word_two_2: height = 0.05
63.3758 	EXP 	word_two_2: height = 0.05
63.3758 	EXP 	word_two_2: height = 0.05
63.3758 	EXP 	word_two_2: text = 'dolphin'
63.3758 	EXP 	word_three_2: height = 0.05
63.3758 	EXP 	word_three_2: height = 0.05
63.3758 	EXP 	word_three_2: height = 0.05
63.3758 	EXP 	word_three_2: text = 'leopard'
63.3758 	EXP 	word_one_2: autoDraw = True
63.3758 	EXP 	word_two_2: autoDraw = True
63.3758 	EXP 	word_three_2: autoDraw = True
64.2250 	EXP 	New trial (rep=0, index=11): <Trial 11 (11 in rep 0) data={'stim1': 'cat', 'stim2': 'dog', 'stim3': 'lion', 'correctAns': 2, 'difficulty': 'hard', 'thisN': 11, 'thisTrialN': 11, 'thisRepN': 0}>
64.2332 	EXP 	word_one_2: autoDraw = False
64.2332 	EXP 	word_two_2: autoDraw = False
64.2332 	EXP 	word_three_2: autoDraw = False
64.2332 	EXP 	fixation_cross_2: autoDraw = True
64.2355 	DATA 	Keypress: 2
64.7335 	INFO 	Keyboard events cleared
64.7332 	EXP 	fixation_cross_2: autoDraw = False
64.7332 	EXP 	fixation_cross_2: autoDraw = False
64.7332 	EXP 	word_one_2: height = 0.05
64.7332 	EXP 	word_one_2: height = 0.05
64.7332 	EXP 	word_one_2: height = 0.05
64.7332 	EXP 	word_one_2: text = 'cat'
64.7332 	EXP 	word_two_2: height = 0.05
64.7332 	EXP 	word_two_2: height = 0.05
64.7332 	EXP 	word_two_2: height = 0.05
64.7332 	EXP 	word_two_2: text = 'dog'
64.7332 	EXP 	word_three_2: height = 0.05
64.7332 	EXP 	word_three_2: height = 0.05
64.7332 	EXP 	word_three_2: height = 0.05
64.7332 	EXP 	word_three_2: text = 'lion'
64.7332 	EXP 	word_one_2: autoDraw = True
64.7332 	EXP 	word_two_2: autoDraw = True
64.7332 	EXP 	word_three_2: autoDraw = True
67.1670 	EXP 	New trial (rep=0, index=12): <Trial 12 (12 in rep 0) data={'stim1': 'apple', 'stim2': 'banana', 'stim3': 'pencil', 'correctAns': 3, 'difficulty': 'easy', 'thisN': 12, 'thisTrialN': 12, 'thisRepN': 0}>
67.1693 	DATA 	Keypress: 2
67.1761 	EXP 	word_one_2: autoDraw = False
67.1761 	EXP 	word_two_2: autoDraw = False
67.1761 	EXP 	word_three_2: autoDraw = False
67.1761 	EXP 	fixation_cross_2: autoDraw = True
67.6854 	INFO 	Keyboard events cleared
67.6851 	EXP 	fixation_cross_2: autoDraw = False
67.6851 	EXP 	fixation_cross_2: autoDraw = False
67.6851 	EXP 	word_one_2: height = 0.05
67.6851 	EXP 	word_one_2: height = 0.05
67.6851 	EXP 	word_one_2: height = 0.05
67.6851 	EXP 	word_one_2: text = 'apple'
67.6851 	EXP 	word_two_2: height = 0.05
67.6851 	EXP 	word_two_2: height = 0.05
67.6851 	EXP 	word_two_2: height = 0.05
67.6851 	EXP 	word_two_2: text = 'banana'
67.6851 	EXP 	word_three_2: height = 0.05
67.6851 	EXP 	word_three_2: height = 0.05
67.6851 	EXP 	word_three_2: height = 0.05
67.6851 	EXP 	word_three_2: text = 'pencil'
67.6851 	EXP 	word_one_2: autoDraw = True
67.6851 	EXP 	word_two_2: autoDraw = True
67.6851 	EXP 	word_three_2: autoDraw = True
70.7666 	EXP 	New trial (rep=0, index=13): <Trial 13 (13 in rep 0) data={'stim1': 'pluto', 'stim2': 'earth', 'stim3': 'mars', 'correctAns': 1, 'difficulty': 'hard', 'thisN': 13, 'thisTrialN': 13, 'thisRepN': 0}>
70.7723 	EXP 	word_one_2: autoDraw = False
70.7723 	EXP 	word_two_2: autoDraw = False
70.7723 	EXP 	word_three_2: autoDraw = False
70.7723 	EXP 	fixation_cross_2: autoDraw = True
70.7751 	DATA 	Keypress: 3
71.2740 	INFO 	Keyboard events cleared
71.2737 	EXP 	fixation_cross_2: autoDraw = False
71.2737 	EXP 	fixation_cross_2: autoDraw = False
71.2737 	EXP 	word_one_2: height = 0.05
71.2737 	EXP 	word_one_2: height = 0.05
71.2737 	EXP 	word_one_2: height = 0.05
71.2737 	EXP 	word_one_2: text = 'pluto'
71.2737 	EXP 	word_two_2: height = 0.05
71.2737 	EXP 	word_two_2: height = 0.05
71.2737 	EXP 	word_two_2: height = 0.05
71.2737 	EXP 	word_two_2: text = 'earth'
71.2737 	EXP 	word_three_2: height = 0.05
71.2737 	EXP 	word_three_2: height = 0.05
71.2737 	EXP 	word_three_2: height = 0.05
71.2737 	EXP 	word_three_2: text = 'mars'
71.2737 	EXP 	word_one_2: autoDraw = True
71.2737 	EXP 	word_two_2: autoDraw = True
71.2737 	EXP 	word_three_2: autoDraw = True
72.0181 	EXP 	New trial (rep=0, index=14): <Trial 14 (14 in rep 0) data={'stim1': 'rose', 'stim2': 'daisy', 'stim3': 'chair', 'correctAns': 3, 'difficulty': 'medium', 'thisN': 14, 'thisTrialN': 14, 'thisRepN': 0}>
72.0238 	EXP 	word_one_2: autoDraw = False
72.0238 	EXP 	word_two_2: autoDraw = False
72.0238 	EXP 	word_three_2: autoDraw = False
72.0238 	EXP 	fixation_cross_2: autoDraw = True
72.0266 	DATA 	Keypress: 1
72.5341 	INFO 	Keyboard events cleared
72.5338 	EXP 	fixation_cross_2: autoDraw = False
72.5338 	EXP 	fixation_cross_2: autoDraw = False
72.5338 	EXP 	word_one_2: height = 0.05
72.5338 	EXP 	word_one_2: height = 0.05
72.5338 	EXP 	word_one_2: height = 0.05
72.5338 	EXP 	word_one_2: text = 'rose'
72.5338 	EXP 	word_two_2: height = 0.05
72.5338 	EXP 	word_two_2: height = 0.05
72.5338 	EXP 	word_two_2: height = 0.05
72.5338 	EXP 	word_two_2: text = 'daisy'
72.5338 	EXP 	word_three_2: height = 0.05
72.5338 	EXP 	word_three_2: height = 0.05
72.5338 	EXP 	word_three_2: height = 0.05
72.5338 	EXP 	word_three_2: text = 'chair'
72.5338 	EXP 	word_one_2: autoDraw = True
72.5338 	EXP 	word_two_2: autoDraw = True
72.5338 	EXP 	word_three_2: autoDraw = True
73.7375 	DATA 	Keypress: 3
73.7489 	EXP 	word_one_2: autoDraw = False
73.7489 	EXP 	word_two_2: autoDraw = False
73.7489 	EXP 	word_three_2: autoDraw = False
73.7489 	EXP 	text_2: autoDraw = True
75.7398 	EXP 	text_2: autoDraw = False
75.7398 	EXP 	text_2: autoDraw = False
75.7401 	EXP 	OddOneOut_Experiment: status = STOPPED
75.7627 	INFO 	saved data to '/Users/purvajhunjhunwala/Desktop/solo project/data/310537_OddOneOut_Experiment_2024-12-03_16h23.06.980.csv'
75.7638 	INFO 	saved data to /Users/purvajhunjhunwala/Desktop/solo project/data/310537_OddOneOut_Experiment_2024-12-03_16h23.06.980.psydat
76.3438 	EXP 	window1: mouseVisible = True
76.3643 	WARNING 	Stopping key buffers but this could be dangerous ifother keyboards rely on the same.
76.3644 	WARNING 	Stopping key buffers but this could be dangerous ifother keyboards rely on the same.
76.3644 	WARNING 	Stopping key buffers but this could be dangerous ifother keyboards rely on the same.
76.3644 	WARNING 	Stopping key buffers but this could be dangerous ifother keyboards rely on the same.
